PkSdRV1BZ+sERIyLBLOFpEkuJm4eOyU/F6eIu0kTN+DtjqZBKqLKICt6OM66vQxRwPDfIUwdrM2U2TwjrmiwXAZxzH4q8LILQUl9XEPyKzNuHXEPJiMXb7ME
o00K6XwzHHW4nRyBmwEtxpkV9ADVUfEypus+c5GcX/Xcuj1qnzkSXh8uYLZhFqVWhfHvP6tXzzVAtrz7gErmIXSzHQ==
TYX6qhYxftyrIv7yH1qNcs1E40DsbNEP6N0+LJiFUvyx/SdzmC4BQh8uYLZhFqVThPHvP6tXzzVAtrz7gErmIXSzHQ==
9uVxJ9yzMv4BdwwL1/TbRBc424/pWfx7mVqUSOw2tqhRUba3jKp7vuYpSoK76rW+6jLjnjfGLlFFa3kfDXGK5pbfomL0NX6zFw==
CypTe0gLum2x5KTMiksXeR8j8dhhXI69Xts7Pm4gNoIEeCOl7H827rn+JG1wSuEex27YBjn2zaIMcWePA/cXRbj2ZKu4as4xfLMV
2lrR2SNJNa5sg/gXnkLF3Bwj8dhhXI69Xts7Pm4gNoIEeCOl7H827rn+JG1wSuEex27YBjn2zaIMcWePA/cXRbj2ZKu4as4xfLMV
uCN8B+ma8xog0IECqt4tyh4599h9RI+9Xts7Pm4gNoIEeCOl7H827rn+JG1wSuEex27YBjn2zaIMcWePA/cXRbj2ZKu4as4xfLMV
ijd5h9FmOpxq7hgCvrmFwh8599h9RI+9Xts7Pm4gNoIEeCOl7H827rn+JG1wSuEex27YBjn2zaIMcWePA/cXRbj2ZKu4as4xfLMV
xsR1mXyqZNXLg+f26UOGfhAgWMWSm/eGOvBCaljYnw14D8J2NX6o9QS6dbZ7zgRuzaYZGkCxK3dXJyNtZJaYw6xa+ilwsxk=
fGLX5sI4nBwPGrp6rgpXPhEgWMWSm/eGOvBCaljYnw14D8J2NX6o9QS6dbZ7zgRuzaYZGkCxK3dXJyNtZJaYw6xa+ilwsxk=
6b6Ct1fZKOwdIQ6xCe0DKxIgWMWSm/eGOvBCaljYnw14D8J2NX6o9QS6dbZ7zgRuzaYZGkCxK3dXJyNtZJaYw6xa+ilwsxk=
jDDy4ru2HV7RGAwUEAhj8hMgWMWSm/eGOvBCaljYnw14D8J2NX6o9QS6dbZ7zgRuzaYZGkCxK3dXJyNtZJaYw6xa+ilwsxk=
fc9yko3OlsJPT2n52hy5YBw599h9RI+9Xts7Pm4gNoIEeCOl7H827rn+JG1wSuEex27YBjn2zaIMcWePA/cXRbj2ZKu4as4xfLMV
3z1y/seYwA9Tz4N+MAJWKBQgWMWSm/eGOvBCaljYnw14D8J2NX6o9QS6dbZ7zgRuzaYZGkCxK3dXJyNtZJaYw6xa+ilwsxk=
xt51/DEnjZx2as4UEmEtzxUgWMWSm/eGOvBCaljYnw14D8J2NX6o9QS6dbZ7zgRuzaYZGkCxK3dXJyNtZJaYw6xa+ilwsxk=
J6PQsTU8tMJlKM/exGLMKUUPYaPd1bDIaeFdakKL2gt9DMN9WDq54gOpfqZ7zgRuzaYZGkCxK3dXJyNtZJaYw6xa+ilwsxk=
0I7nyvwHqFaVCUbIe/uKP0UPYaPd1bDIaeVfZEKL2gt9DMN9WDq54gOpfqZ7zgRuzaYZGkCxK3dXJyNtZJaYw6xa+ilwsxk=
0DWaOi1E1AtXsktWz5M2IVERc8gl73rb7OgTBIOgaT0WlcoBFLYbI2E2Nn+gjGJWIHXh+CG+W8QPeb6z/Z1O5SN1sxo=
LvpQUMi7u2SVU8XIREgsRJ02cb0GXJZ0xhk8BsroYabB7y1EIwpb2y41QTeGu8cHs2w=
G+MbhhybGMpUdZky1k64kFfdnnpul4RU+OeacarC4VOETvYHUPSCLtUMYYHRxru8/wF+yw3lrp3TDbNi
WhXTxujWolRua8ln+T3qXqr2Cve4nUup3QF9VxNGBT56krNeZ+M/UVSLKd9dkRpm5j/SooTVDrNn
+82umVmW0ig14Gs8GXXFDWQzkgzGpN3m+/+XeEcm1pvJg0goe+3CEeGE+lLAaw7e0KfTTC52AuM7gd5WdHtWqtJu9ieQlAKOlexhYZFmO9w/IX7rTQUuPRNtswI=
xQU2lGaYHFg9VbniygnkXHBpY3QX8tOwfnll3ZiSPysaY91q2ng0XQbc3NnjVkpQ+rFnTx4coK0+CD7wZt0UEpo86UKBCyWQc57zHw4xaWMWLw9jswg=
