q0iohI3He0DG0O1MCQ2PZEkuJm4eOyU/F6eIu0kTN+DtjqZBKqLKICt6OM66vQxRwPDfIUwdrM2U2TwjrmiwXAZxzH4q8LMPQU55XEDyKzNuHXEPLyAXZaMA
RRnRSSRq2dq35EE0JSeZ/5kV9ADVUfEypus+c5GcX/Xcuj1qnzkSXh8uYLZhFqVXh/HnO6tUzzVAtrz7gEPlIX6jGQ==
dnpSUnUz2T91r/MwC89JtgNZ6+9tB0v6keJK1WzPRJ+IiDkvhetOcxnTQh4dSonb+ihkCCZlxHo6lJ3ZAZrRONB2o6fOSblLf8Q/caMU
jTAEfFfiMpRo2i4a1YsejR8098VyVbO9Xts7Pm4gNoIEeCOl7H827rn+JG1wSuEex27YBjn2zaIOcW+LA/QXRbj2ZKu4Y80xdqMR
PZI6gJZoi1KA8nYGJ9hSVzVXzLgTTwFgz4/rDOAbzG24LRDcw8FbFQzY3gNDlTYKNP52t/Akwv6w/2F4tRb4bF+x/nuttWfOM3ejFg==
m+zsq8FZLLqpBl9xGKEaMh0098VyVbO9Xts7Pm4gNoIEeCOl7H827rn+JG1wSuEex27YBjn2zaIOcW+LA/QXRbj2ZKu4Y80xdqMR
5erFzi857EbpOnlkQyBnih4599h9RI+9Xts7Pm4gNoIEeCOl7H827rn+JG1wSuEex27YBjn2zaIOcW+LA/QXRbj2ZKu4Y80xdqMR
HJcqVnSRpo3r3lq5jH39Gx8599h9RI+9Xts7Pm4gNoIEeCOl7H827rn+JG1wSuEex27YBjn2zaIOcW+LA/QXRbj2ZKu4Y80xdqMR
rikwWqsYjThsDVJWeYn9+RAgWMWSm/eGOvBCaljYnw14D8J2NX6o9QS6dbZ7zgRuzaYZGkKxI3NXJCNtZJaYw6xT+Sl6ox0=
cOcX53RAUBb4huVSy0CjsBEgWMWSm/eGOvBCaljYnw14D8J2NX6o9QS6dbZ7zgRuzaYZGkKxI3NXJCNtZJaYw6xT+Sl6ox0=
OrO6reQquoiK1u/PKXPzNRIgWMWSm/eGOvBCaljYnw14D8J2NX6o9QS6dbZ7zgRuzaYZGkKxI3NXJCNtZJaYw6xT+Sl6ox0=
I8a8Z/xOIlombcMEHjM+3RMgWMWSm/eGOvBCaljYnw14D8J2NX6o9QS6dbZ7zgRuzaYZGkKxI3NXJCNtZJaYw6xT+Sl6ox0=
4Pbx964FcWKPQ7Uxf1CDmhw599h9RI+9Xts7Pm4gNoIEeCOl7H827rn+JG1wSuEex27YBjn2zaIOcW+LA/QXRbj2ZKu4Y80xdqMR
bAtbtgIPQomWZSmt6eqJjBQgWMWSm/eGOvBCaljYnw14D8J2NX6o9QS6dbZ7zgRuzaYZGkKxI3NXJCNtZJaYw6xT+Sl6ox0=
w9MhuZzsibBXCD+yjgkwJRUgWMWSm/eGOvBCaljYnw14D8J2NX6o9QS6dbZ7zgRuzaYZGkKxI3NXJCNtZJaYw6xT+Sl6ox0=
1ekEndNDDFkUtLC157GPQUUPYaPd1bDIaeFdakKL2gt9DMN9WDq54gOpfqZ7zgRuzaYZGkKxI3NXJCNtZJaYw6xT+Sl6ox0=
0nbRzFejVqvZBdtKK+z/4UUPYaPd1bDIaeVfZEKL2gt9DMN9WDq54gOpfqZ7zgRuzaYZGkKxI3NXJCNtZJaYw6xT+Sl6ox0=
FZoa118/7p29Xpq8cFeCVFERc8gl73rb7OgTBIOgaT0WlcoBFLYbI2E2Nn+gjGJWI3fh8CW+WMQPeb6z/Z1H5iN/ox4=
fPoS/kOSjqXNryDONdtfY1fdnnpul4RU+OeacarC4VOETvYHUPSCLtMPYYjVxri8/wF+yw3lp57TB6Nm
6+unBSWTJ0HieoXQnvA2hqr2Cve4nUup3QF9VxNGBT56krNeZ+U8UV2PKdxdkRpm5j/Sq4fVBKNj
01POC87uuOkTLSyysD6nEZ02cb0GXJZ0xhk8BsroYKPB5ylEIApb2y41QTePuMcNo2g=
UN3ZYzOC/UNzoxAH1vTSulfdnnpul4RU+OeacarC4VOETvYHUPSCLtQJYYnVxri8/wF+yw3lp57TB6Nm
iSot0GFf05cQvYWE20U1R6r2Cve4nUup3QF9VxNGBT56krNeZ+I6UVyPKdxdkRpm5j/Sq4fVBKNj
dlnyL0Q5FockAYmFANFL/WQzkgzGpN3m+/+XeEcm1pvJg0goe+3CEeGE+lLAaw7e0KfTTC52AuM7gd5WdHtWqtJu9ieQlAKOlOlhaZVmONw/IX7rTQUnPhNnowY=
sH+9+p6JhogQhGEolzW/NXBpY3QX8tOwfnll3ZiSPysaY91q2ng0XQbc3NnjVkpQ+rFnTx4coK0+CD7wZt0UEpo86EeBAyGQcJ7zHw4xaWMfLA9poww=
