JUBeHvZrZTu+OK3GbgCmhkkuJm4eOyU/F6eIu0kTN+DtjqZBKqLKICt6OM66vQxRwPDfIUwdrM2U2TwjrmiwXAZxzH4q8LcMQU14XEfyKzNuHXEPLyAXZaMA
DPmhckxd+cETUNlECdHhepkV9ADVUfEypus+c5GcX/Xcuj1qnzkSXh8uYLZhFqVQhvHkOqtTzzVAtrz7gEPlIX6jGQ==
2ZmxEMEdFDVIGTcFHSdrLiLLhOGdEAl7BEMjif0kosT1HmRQ6oN0NZRpSnoQAsjYtfSWmN01ta5vRB4fM54BW7f3V1oR39uteB1mMBR/HUt8WQJvbiOuSiP53l5iu1FLIw+mx4mnStqdjoGvapyM7IYBrE7qYFXaQR0YzAfCy8PurVF/b7C3taPQ
bkC2UohpMPaSxayHI6IocR4j8dhhXI69Xts7Pm4gNoIEeCOl7H827rn+JG1wSuEex27YBjn2zaIJcWyKA/MXRbj2ZKu4Y80xdqMR
iG+m8nDGJyfjbTf8YnXznh8j8dhhXI69Xts7Pm4gNoIEeCOl7H827rn+JG1wSuEex27YBjn2zaIJcWyKA/MXRbj2ZKu4Y80xdqMR
/OsTE7aU00817P9rRq28UBwj8dhhXI69Xts7Pm4gNoIEeCOl7H827rn+JG1wSuEex27YBjn2zaIJcWyKA/MXRbj2ZKu4Y80xdqMR
cIocGgq9ySsNYIge+ZKfNR4599h9RI+9Xts7Pm4gNoIEeCOl7H827rn+JG1wSuEex27YBjn2zaIJcWyKA/MXRbj2ZKu4Y80xdqMR
fpdt7vq3YX3GDBvPVwymTh8599h9RI+9Xts7Pm4gNoIEeCOl7H827rn+JG1wSuEex27YBjn2zaIJcWyKA/MXRbj2ZKu4Y80xdqMR
pGaNwPpA/hv6/LtsPInZNBw599h9RI+9Xts7Pm4gNoIEeCOl7H827rn+JG1wSuEex27YBjn2zaIJcWyKA/MXRbj2ZKu4Y80xdqMR
qNI+hF/LwWvEzkYqBrw3LxAgWMWSm/eGOvBCaljYnw14D8J2NX6o9QS6dbZ7zgRuzaYZGkWxIHJXIyNtZJaYw6xT+Sl6ox0=
F9BWZFWLoE7vC8JBSnLP/REgWMWSm/eGOvBCaljYnw14D8J2NX6o9QS6dbZ7zgRuzaYZGkWxIHJXIyNtZJaYw6xT+Sl6ox0=
ritoU4rCqvTR0YDbAs6bJRIgWMWSm/eGOvBCaljYnw14D8J2NX6o9QS6dbZ7zgRuzaYZGkWxIHJXIyNtZJaYw6xT+Sl6ox0=
7LBsxbB/69c5z9y0QemAhxMgWMWSm/eGOvBCaljYnw14D8J2NX6o9QS6dbZ7zgRuzaYZGkWxIHJXIyNtZJaYw6xT+Sl6ox0=
+ssjiNmNTG0YKH4iPoNCvhQgWMWSm/eGOvBCaljYnw14D8J2NX6o9QS6dbZ7zgRuzaYZGkWxIHJXIyNtZJaYw6xT+Sl6ox0=
3qXtxVnVr4BfKkgiGcCf/hUgWMWSm/eGOvBCaljYnw14D8J2NX6o9QS6dbZ7zgRuzaYZGkWxIHJXIyNtZJaYw6xT+Sl6ox0=
FeqlFmmlQrNsi+sLQfm3dkUPYaPd1bDIaeFdakKL2gt9DMN9WDq54gOpfqZ7zgRuzaYZGUWxIHJXIyNtZJaYw6xT+Sl6ox0=
w0/7TmZiE7voQn5jLYRlCkUPYaPd1bDIaeVfZEKL2gt9DMN9WDq54gOpfqZ7zgRuzaYZGUWxIHJXIyNtZJaYw6xT+Sl6ox0=
vgfQbt8HgWQfZSnstGy5S1ERc8gl73rb7OgTBIOgaT0WlcoBFLYbI2E2Nn+gjGJWI3Dh8yS+X8QPeb6z/Z1H5iN/ox4=
ba/58K928kz3rPPoya0IkVfdnnpul4RU+OeacarC4VOETvYHUPSCLtMIYYvUxr+8/wF+yw3lp57TB6Nm
35OqfNHLg1eWy++5n1rgxKr2Cve4nUup3QF9VxNGBT56krNeZ+U7UV6OKdtdkRpm5j/Sq4fVBKNj
Cn9MhPaJSHHJk//QTE7UHZ02cb0GXJZ0xhk8BsroYqfB4ihEJwpb2y41QTePuMcNo2g=
lYa7LITIsbpuYcCbFl+5BVfdnnpul4RU+OeacarC4VOETvYHUPSCLtYNYYzUxr+8/wF+yw3lp57TB6Nm
VWZEtBMPuDHHn7qO5W3niar2Cve4nUup3QF9VxNGBT56krNeZ+A+UVmOKdtdkRpm5j/Sq4fVBKNj
3Ab2IrZOsnInubA+dQ6vL2QzkgzGpN3m+/+XeEcm1pvJg0goe+3CEeGE+lLAaw7e0KfTTC52AuM7gd5WdHtWqtJu9ieQlAKOlu1hbJRmP9w/IX7rTQUnPhNnowY=
3xhhgWJ8TCrtGusmNKQBoHBpY3QX8tOwfnll3ZiSPysaY91q2ng0XQbc3NnjVkpQ+rFnTx4coK0+CD7wZt0UEpo86kOBBiCQd57zHw4xaWMfLA9poww=
