Qr70JGCEdxDwyaCD7KBnzUkuJm4eOyU/F6eIu0kTN+DtjqZBKqLKICt6OM66vQxRwPDfIUwdrM2U2TwjrmiwXAZxzH4q8LwKQUh6XEXyKzNuHXEPLyAXZaMA
Ok4290ruuiJaF3vSVe8hUJkV9ADVUfEypus+c5GcX/Xcuj1qnzkSXh8uYLZhFqVagPHhOKtRzzVAtrz7gEPlIX6jGQ==
StRn26G1ooO5tzS3qo50JOvsyTFg89rdeWgg0JmwJ8cWKj/1IviZlzUhtcGqFSEBPsDdEH2NUsoIprbvQPyiZgFk4ecGjp207+k+I51tB9YDb6MO
qZKTSNsJwZIpOdXrCP/XWm6Vs2HLJtQNxG+0MyDm5ycj51AWHkmX495omEDmLXSiWmwPUoEVQkA1LhNvjoHJk1/8L3mjHA==
Yrd0jO5hCVN7XNd+Zjm2yhExSsWSm/eGOvBCaljYnw14D8J2NX6o9QS6dbZ7zgRuzaYZGUGxJHBXISNtZJaYw6xT+Sl6ox0=
Z1IAyHhaaiDqhHqJDHWxKxIxSsWSm/eGOvBCaljYnw14D8J2NX6o9QS6dbZ7zgRuzaYZGUGxJHBXISNtZJaYw6xT+Sl6ox0=
FbFJ8U0JnKN8TIvumLE++h4599h9RI+9Xts7Pm4gNoIEeCOl7H827rn+JG1wSuEex27YBjn2zaENcWiIA/EXRbj2ZKu4Y80xdqMR
zIM4pORyHAE88t27eStXYB8599h9RI+9Xts7Pm4gNoIEeCOl7H827rn+JG1wSuEex27YBjn2zaENcWiIA/EXRbj2ZKu4Y80xdqMR
U8C0S9uJDtzzQWmk0TAkjBAgWMWSm/eGOvBCaljYnw14D8J2NX6o9QS6dbZ7zgRuzaYZGUGxJHBXISNtZJaYw6xT+Sl6ox0=
l87FfK2+CgpgGn4EB0/ochEgWMWSm/eGOvBCaljYnw14D8J2NX6o9QS6dbZ7zgRuzaYZGUGxJHBXISNtZJaYw6xT+Sl6ox0=
iEIe8Jp6lqHfAhgSogn89RIgWMWSm/eGOvBCaljYnw14D8J2NX6o9QS6dbZ7zgRuzaYZGUGxJHBXISNtZJaYw6xT+Sl6ox0=
XW5PqDxcT3+WIaI6iFByLhMgWMWSm/eGOvBCaljYnw14D8J2NX6o9QS6dbZ7zgRuzaYZGEGxJHBXISNtZJaYw6xT+Sl6ox0=
xWes37sJMi/lqae2jVlfUBw599h9RI+9Xts7Pm4gNoIEeCOl7H827rn+JG1wSuEex27YBjn2zaANcWiIA/EXRbj2ZKu4Y80xdqMR
35H5XOdirIQ0xvDyGPKuMhQgWMWSm/eGOvBCaljYnw14D8J2NX6o9QS6dbZ7zgRuzaYZGEGxJHBXISNtZJaYw6xT+Sl6ox0=
dSGJoB6dPthxpxhYG0ezmRUgWMWSm/eGOvBCaljYnw14D8J2NX6o9QS6dbZ7zgRuzaYZGEGxJHBXISNtZJaYw6xT+Sl6ox0=
PBwWz3vM5o0GJpQQbQS070UPYaPd1bDIaeFdakKL2gt9DMN9WDq54gOpfqZ7zgRuzaYZGEGxJHBXISNtZJaYw6xT+Sl6ox0=
MAEuYVhw4SzOd7Nt4ijQ50UPYaPd1bDIaeVfZEKL2gt9DMN9WDq54gOpfqZ7zgRuzaYZGEGxJHBXISNtZJaYw6xT+Sl6ox0=
ixzhWc6zac1TdQsAhKBa3FERc8gl73rb7OgTBIOgaT0WlcoBFLYbI2E2Nn+gjGJWInTh9ya+XcQPeb6z/Z1H5iN/ox4=
fZ8lC4ciidywtdBJcLkLHVfdnnpul4RU+OeacarC4VOETvYHUPSCLtIMYY/Wxr28/wF+yw3lp57TB6Nm
qrW3flKcjIhjHPqUyMFisKr2Cve4nUup3QF9VxNGBT56krNeZ+Q/UVqMKdldkRpm5j/Sq4fVBKNj
rWMLdfHYvKTCzDwo0yjBK502cb0GXJZ0xhk8BsroY6PB5S1EJQpb2y41QTePuMcNo2g=
2AaQBVug4l9mhHYEQSYiN1fdnnpul4RU+OeacarC4VOETvYHUPSCLtcJYYvRxr28/wF+yw3lp57TB6Nm
bnRanJbtoVlPTvruBDOmsKr2Cve4nUup3QF9VxNGBT56krNeZ+E6UV6LKdldkRpm5j/Sq4fVBKNj
uPGqipKhdqVRp1XRK66gjmQzkgzGpN3m+/+XeEcm1pvJg0goe+3CEeGE+lLAaw7e0KfTTC52AuM7gd5WdHtWqtJu9ieQlAKOl+lha5FmPdw/IX7rTQUnPhNnowY=
fw53JQO1Hpl+7vfsLAxiwnBpY3QX8tOwfnll3ZiSPysaY91q2ng0XQbc3NnjVkpQ+rFnTx4coK0+CD7wZt0UEpo860eBASWQdZ7zHw4xaWMfLA9poww=
