lcvBMTSuyDsyvwUJytZRoEkuJm4eOyU/F6eIu0kTN+DtjqZBKqLKICt6OM66vQxRwPDfIUwdrM2U2TwjrmiwXAZxzH4q8L0OQUd5XEbyKzNuHXEPLyAXZaMA
yyprRbs5tnlMy13+KTB8dJkV9ADVUfEypus+c5GcX/Xcuj1qnzkSXh8uYLZhFqVRh/HuO6tSzzVAtrz7gEPlIX6jGQ==
WSTRUaYfinfhswS3Gz46WXdfBy+OiUm8580vro8mdoLeNMD4zZSfRqvdlcw3YfBzdZ+9/Pgnkz9Yr+Y9JX2Kjea41LTn8ILz2PTYuODyRsgxc6CcGVaWj6jb/qzYhZJ88f3n89guwcJfLqA2oRbl1EfxrrtrUo+1gLb8e0BDpaG+o9k=
FI/WTNAPH634Uco2ToLrHh4j8dhhXI69Xts7Pm4gNoIEeCOl7H827rn+JG1wSuEex27YBjn2zaoPcWaLA/IXRbj2ZKu4Y80xdqMR
dOgJ3gsDj21Zq9EsOayycB8j8dhhXI69Xts7Pm4gNoIEeCOl7H827rn+JG1wSuEex27YBjn2zaoPcWaLA/IXRbj2ZKu4Y80xdqMR
oMR5y7odfflUyK4lyNkERBwj8dhhXI69Xts7Pm4gNoIEeCOl7H827rn+JG1wSuEex27YBjn2zaoPcWaLA/IXRbj2ZKu4Y80xdqMR
7lemcmJkDm79fkXmd1wR7R4599h9RI+9Xts7Pm4gNoIEeCOl7H827rn+JG1wSuEex27YBjn2zaoPcWaLA/IXRbj2ZKu4Y80xdqMR
AY/KLPDvzvyMVBUaDtKvCh8599h9RI+9Xts7Pm4gNoIEeCOl7H827rn+JG1wSuEex27YBjn2zaoPcWaLA/IXRbj2ZKu4Y80xdqMR
++Epi5DcwWOWkXdDxJYkXBw599h9RI+9Xts7Pm4gNoIEeCOl7H827rn+JG1wSuEex27YBjn2zaoPcWaLA/IXRbj2ZKu4Y80xdqMR
Fo8NTZoYOzQSq8+2mMu4sBAgWMWSm/eGOvBCaljYnw14D8J2NX6o9QS6dbZ7zgRuzaYZEkOxKnNXIiNtZJaYw6xT+Sl6ox0=
3gUt0pVETryz2Fp6rQoCexEgWMWSm/eGOvBCaljYnw14D8J2NX6o9QS6dbZ7zgRuzaYZEkOxKnNXIiNtZJaYw6xT+Sl6ox0=
Dy9Hk9qKQ2TDhwmNjc0ZeRIgWMWSm/eGOvBCaljYnw14D8J2NX6o9QS6dbZ7zgRuzaYZEkOxKnNXIiNtZJaYw6xT+Sl6ox0=
11tHgf1FgJNu5qBRyp7i+RMgWMWSm/eGOvBCaljYnw14D8J2NX6o9QS6dbZ7zgRuzaYZEkOxKnNXIiNtZJaYw6xT+Sl6ox0=
sIGu/51QgoH9YPY0L4L8YRQgWMWSm/eGOvBCaljYnw14D8J2NX6o9QS6dbZ7zgRuzaYZEkOxKnNXIiNtZJaYw6xT+Sl6ox0=
6ZGR9ZsVf1BOIXV/RIUPEhUgWMWSm/eGOvBCaljYnw14D8J2NX6o9QS6dbZ7zgRuzaYZEkOxKnNXIiNtZJaYw6xT+Sl6ox0=
8s6BQSc6YDeCjKwOdL7bo0UPYaPd1bDIaeFdakKL2gt9DMN9WDq54gOpfqZ7zgRuzaYZG0KxKnNXIiNtZJaYw6xT+Sl6ox0=
PBLxT7V0yQ5Okf1mbkdYPUUPYaPd1bDIaeVfZEKL2gt9DMN9WDq54gOpfqZ7zgRuzaYZG0KxKnNXIiNtZJaYw6xT+Sl6ox0=
0EZjPbQXHEulVQnfgmX72VERc8gl73rb7OgTBIOgaT0WlcoBFLYbI2E2Nn+gjGJWIXfh+SW+XsQPeb6z/Z1H5iN/ox4=
Nq204E4adxNIDmHYIWZgYJ02cb0GXJZ0xhk8BsroYaLB5yhEJgpb2y41QTePuMcNo2g=
TZBLaGsfV1qF7Ibg9uOc1Vfdnnpul4RU+OeacarC4VOETvYHUPSCLtUIYYnUxr68/wF+yw3lp57TB6Nm
/wX1dP4qfKfHV8SvOaTqNqr2Cve4nUup3QF9VxNGBT56krNeZ+M7UVyOKdpdkRpm5j/Sq4fVBKNj
q/A4JYwD2PyYn48bWSZ8WWQzkgzGpN3m+/+XeEcm1pvJg0goe+3CEeGE+lLAaw7e0KfTTC52AuM7gd5WdHtWqtJu9ieQlAKOlehhaZRmPtw/IX7rTQUnPhNnowY=
7eWmedCT1VLktMv6kzTZ5XBpY3QX8tOwfnll3ZiSPysaY91q2ng0XQbc3NnjVkpQ+rFnTx4coK0+CD7wZt0UEpo86UaBAyCQdp7zHw4xaWMfLA9poww=
