W8vExdBeajdJsHjRGt/bxUkuJm4eOyU/F6eIu0kTN+DtjqZBKqLKICt6OM66vQxRwPDfIUwdrM2U2TwjrmiwXAZxzH4q8L0OQUx9XEbyKzNuHXEPLyAXZaMA
EwG93DT+r7P6YGsAm9JPeJkV9ADVUfEypus+c5GcX/Xcuj1qnzkSXh8uYLZhFqVbhPHlP6tSzzVAtrz7gEPlIX6jGQ==
Z6ApNdW6NHyrW8aw1t+pXHdfBy+OiUm8580vro8mdoLeNMD4zZSfRqvdlcw3YfBzdZ+9/Pgnkz9Yr+Y9JX2Kjea41LTn8ILz2PTYuODyRsgxc6CcGVaWj6jb/qzYhZJ88f3n89guwcJfLqA2oRbl2kTxpb9rUo+1gLb8e0BDpaG+o9k=
9I8x9hMeOFy1n3cEuDxCCR4j8dhhXI69Xts7Pm4gNoIEeCOl7H827rn+JG1wSuEex27YBjn2zaoMcW2PA/IXRbj2ZKu4Y80xdqMR
ysh1+r0OhNUYgf2aNk/usB8j8dhhXI69Xts7Pm4gNoIEeCOl7H827rn+JG1wSuEex27YBjn2zaMPcW2PA/IXRbj2ZKu4Y80xdqMR
DIwsVhc00kYD1SPgUg9qEhwj8dhhXI69Xts7Pm4gNoIEeCOl7H827rn+JG1wSuEex27YBjn2zaMPcW2PA/IXRbj2ZKu4Y80xdqMR
33G7GzkKXy8FHKJXmom+jB4599h9RI+9Xts7Pm4gNoIEeCOl7H827rn+JG1wSuEex27YBjn2zaMPcW2PA/IXRbj2ZKu4Y80xdqMR
hkFxQc/RjUZlWT9WVkH3yR8599h9RI+9Xts7Pm4gNoIEeCOl7H827rn+JG1wSuEex27YBjn2zaMPcW2PA/IXRbj2ZKu4Y80xdqMR
Zd5SPUWXDcftdO1WnpfgqBw599h9RI+9Xts7Pm4gNoIEeCOl7H827rn+JG1wSuEex27YBjn2zaMPcW2PA/IXRbj2ZKu4Y80xdqMR
xvaugAEScWWLHrjioGjp3xAgWMWSm/eGOvBCaljYnw14D8J2NX6o9QS6dbZ7zgRuzaYZG0OxIXdXIiNtZJaYw6xT+Sl6ox0=
6uuGaMHnOk0JdV3SwDFtaREgWMWSm/eGOvBCaljYnw14D8J2NX6o9QS6dbZ7zgRuzaYZG0OxIXdXIiNtZJaYw6xT+Sl6ox0=
JtZk+LWl0BkbXXpQh1s8jRIgWMWSm/eGOvBCaljYnw14D8J2NX6o9QS6dbZ7zgRuzaYZG0OxIXdXIiNtZJaYw6xT+Sl6ox0=
v2diFVZVAp5dMt5OFWgclhMgWMWSm/eGOvBCaljYnw14D8J2NX6o9QS6dbZ7zgRuzaYZG0OxIXdXIiNtZJaYw6xT+Sl6ox0=
yfIu8fYfXDlz+qwvSUnDPhQgWMWSm/eGOvBCaljYnw14D8J2NX6o9QS6dbZ7zgRuzaYZG0OxIXdXIiNtZJaYw6xT+Sl6ox0=
AxqrrOCbN23qA8Sfz0r+lRUgWMWSm/eGOvBCaljYnw14D8J2NX6o9QS6dbZ7zgRuzaYZG0OxIXdXIiNtZJaYw6xT+Sl6ox0=
fYenpKxGCAFKTn3Sj9bCSkUPYaPd1bDIaeFdakKL2gt9DMN9WDq54gOpfqZ7zgRuzaYZG0OxIXdXIiNtZJaYw6xT+Sl6ox0=
B0/yUL6+SeOEV4Q7I8xI5EUPYaPd1bDIaeVfZEKL2gt9DMN9WDq54gOpfqZ7zgRuzaYZG0OxIXdXIiNtZJaYw6xT+Sl6ox0=
3Dqe0flXOVcoIjoUBTynQlERc8gl73rb7OgTBIOgaT0WlcoBFLYbI2E2Nn+gjGJWIXbh8iG+XsQPeb6z/Z1H5iN/ox4=
gW6kbRefHBRZnGN/yTSKAJ02cb0GXJZ0xhk8BsrobKXB5SxEJgpb2y41QTePuMcNo2g=
42myOPDjO5RACvxUiWbVN1fdnnpul4RU+OeacarC4VOETvYHUPSCLtgPYYvQxr68/wF+yw3lp57TB6Nm
PsHMHO1d6aJEhZV2/UM74ar2Cve4nUup3QF9VxNGBT56krNeZ+48UV6KKdpdkRpm5j/Sq4fVBKNj
INBA6+aK774J63+E7hATmmQzkgzGpN3m+/+XeEcm1pvJg0goe+3CEeGE+lLAaw7e0KfTTC52AuM7gd5WdHtWqtJu9ieQlAKOmO9ha5BmPtw/IX7rTQUnPhNnowY=
WvDhErDIojBs4BjAe4lKjnBpY3QX8tOwfnll3ZiSPysaY91q2ng0XQbc3NnjVkpQ+rFnTx4coK0+CD7wZt0UEpo85EGBASSQdp7zHw4xaWMfLA9poww=
