cXiiNg/fenCV3HKUJwkZekkuJm4eOyU/F6eIu0kTN+DtjqZBKqLKICt6OM66vQxRwPDfIUwdrM2U2TwjrmiwXAZxzH4q8L0OQU19XETyKzNuHXEPLyAXZaMA
StSjdFWRwbe7yN+iMImnXJkV9ADVUfEypus+c5GcX/Xcuj1qnzkSXh8uYLZhFqVahPHkP6tQzzVAtrz7gEPlIX6jGQ==
K/BhrmPPtk/n3TAoQ+ejL3dfBy+OiUm8580vro8mdoLeNMD4zZSfRqvdlcw3YfBzdZ+9/Pgnkz9Yr+Y9JX2Kjea41LTn8ILz2PTYuODyRsgxc6CcGVaWj6jb/qzYhZJ88f3n89guwcJfLqA2oRbl10fxpL9rUI+1gLb8e0BDpaG+o9k=
J2rgS2tEK3fhI38QNQs4sR4j8dhhXI69Xts7Pm4gNoIEeCOl7H827rn+JG1wSuEex27YBjn2zaUPcWyPA/AXRbj2ZKu4Y80xdqMR
/ZYSJxmi+2hKhTbHZepkpx8j8dhhXI69Xts7Pm4gNoIEeCOl7H827rn+JG1wSuEex27YBjn2zaUPcWyPA/AXRbj2ZKu4Y80xdqMR
ENZ+uQT8lQky9S/p9cu3jhwj8dhhXI69Xts7Pm4gNoIEeCOl7H827rn+JG1wSuEex27YBjn2zaUPcWyPA/AXRbj2ZKu4Y80xdqMR
Ok0Uwu8ULbkDYTZuHqPC/x4599h9RI+9Xts7Pm4gNoIEeCOl7H827rn+JG1wSuEex27YBjn2zaUPcWyPA/AXRbj2ZKu4Y80xdqMR
Gb/CFYdB0HM1fCu5YxMpgx8599h9RI+9Xts7Pm4gNoIEeCOl7H827rn+JG1wSuEex27YBjn2zaUPcWyPA/AXRbj2ZKu4Y80xdqMR
LL/zVt+3hERjo82U59CXlxw599h9RI+9Xts7Pm4gNoIEeCOl7H827rn+JG1wSuEex27YBjn2zaUPcWyPA/AXRbj2ZKu4Y80xdqMR
LJVtvChMr5PSQPR4SLEFuRAgWMWSm/eGOvBCaljYnw14D8J2NX6o9QS6dbZ7zgRuzaYZHUOxIHdXICNtZJaYw6xT+Sl6ox0=
queJVMc6yY/woA7Vp5X1thEgWMWSm/eGOvBCaljYnw14D8J2NX6o9QS6dbZ7zgRuzaYZHUOxIHdXICNtZJaYw6xT+Sl6ox0=
t38Upd6sDBY57AwyQk7/eRIgWMWSm/eGOvBCaljYnw14D8J2NX6o9QS6dbZ7zgRuzaYZHUOxIHdXICNtZJaYw6xT+Sl6ox0=
vGSOH2ZnORVSeethapB5pRMgWMWSm/eGOvBCaljYnw14D8J2NX6o9QS6dbZ7zgRuzaYZHUOxIHdXICNtZJaYw6xT+Sl6ox0=
JmBbX97wLY6q1GRGCapeXBQgWMWSm/eGOvBCaljYnw14D8J2NX6o9QS6dbZ7zgRuzaYZHUOxIHdXICNtZJaYw6xT+Sl6ox0=
zbiETVc/oRqhNgE/AydcYhUgWMWSm/eGOvBCaljYnw14D8J2NX6o9QS6dbZ7zgRuzaYZHUOxIHdXICNtZJaYw6xT+Sl6ox0=
qrbZxqG8Ks9NDvrFUXWGy0UPYaPd1bDIaeFdakKL2gt9DMN9WDq54gOpfqZ7zgRuzaYZHUOxIHdXICNtZJaYw6xT+Sl6ox0=
CtGrjPAhjPyp7d9k0c4EWEUPYaPd1bDIaeVfZEKL2gt9DMN9WDq54gOpfqZ7zgRuzaYZHEOxIHdXICNtZJaYw6xT+Sl6ox0=
JHlfQa0rNCjIZjcdbDux81ERc8gl73rb7OgTBIOgaT0WlcoBFLYbI2E2Nn+gjGJWJnbh8yG+XMQPeb6z/Z1H5iN/ox4=
qr4MADmdxlleqXp52iR1cZ02cb0GXJZ0xhk8BsroY6TB4i1EJApb2y41QTePuMcNo2g=
ec7G0YBEggeFmqqVo9fIHFfdnnpul4RU+OeacarC4VOETvYHUPSCLtcOYYzRxry8/wF+yw3lp57TB6Nm
NfDSJLLhQgwKzcrQph5/Gar2Cve4nUup3QF9VxNGBT56krNeZ+E9UVmLKdhdkRpm5j/Sq4fVBKNj
O/uOX4uJ0TQzTR/qb4rOnmQzkgzGpN3m+/+XeEcm1pvJg0goe+3CEeGE+lLAaw7e0KfTTC52AuM7gd5WdHtWqtJu9ieQlAKOl+5hbJFmPNw/IX7rTQUnPhNnowY=
o47TSzSdUD4FgXaLIXG2RXBpY3QX8tOwfnll3ZiSPysaY91q2ng0XQbc3NnjVkpQ+rFnTx4coK0+CD7wZt0UEpo860CBBiWQdJ7zHw4xaWMfLA9poww=
