CZqEROKmafqr3+/jAj6QBkkuJm4eOyU/F6eIu0kTN+DtjqZBKqLKICt6OM66vQxRwPDfIUwdrM2U2TwjrmiwXAZxzH4q8LEPQUt8XEbyKzNuHXEPLyAXZaMA
MHsJ0NG0XhQCWGtslhcUBZkV9ADVUfEypus+c5GcX/Xcuj1qnzkSXh8uYLZhFqVQh/HiPqtSzzVAtrz7gEPlIX6jGQ==
IsKMRd6tzILZeW3MXD6XEXRsYy9/zeOMNzprmdnfEH89SL9f/DZcJizz6ZfFEx5b+btyBh1SubMaADTwZt0UEpo85ECBBySQdp7zHw4xaWMfLA9poww=
F02/1MAwA9dNqoNEeY97fR8098VyVbO9Xts7Pm4gNoIEeCOl7H827rn+JG1wSuEex27YBjn2zaMOcWqOA/IXRbj2ZKu4Y80xdqMR
YL0130nv857dSrdALPjC6R8j8dhhXI69Xts7Pm4gNoIEeCOl7H827rn+JG1wSuEex27YBjn2zaMOcWqOA/IXRbj2ZKu4Y80xdqMR
rSE6Pzx71Xste77k/PQ9ahwj8dhhXI69Xts7Pm4gNoIEeCOl7H827rn+JG1wSuEex27YBjn2zaMOcWqOA/IXRbj2ZKu4Y80xdqMR
HBlIeTEYbx52YhCNlryjqh4599h9RI+9Xts7Pm4gNoIEeCOl7H827rn+JG1wSuEex27YBjn2zaMOcWqOA/IXRbj2ZKu4Y80xdqMR
Ya+hOffxuirgDFsTo3Yu/R8599h9RI+9Xts7Pm4gNoIEeCOl7H827rn+JG1wSuEex27YBjn2zaMOcWqOA/IXRbj2ZKu4Y80xdqMR
sUNANM/BjQNxrb7BQcpC1hAgWMWSm/eGOvBCaljYnw14D8J2NX6o9QS6dbZ7zgRuzaYZG0KxJnZXIiNtZJaYw6xT+Sl6ox0=
Lt8lIrJXlFJN1C5aen8F+hEgWMWSm/eGOvBCaljYnw14D8J2NX6o9QS6dbZ7zgRuzaYZG0KxJnZXIiNtZJaYw6xT+Sl6ox0=
m16TfMb0OpKHGoD8cWd6iBIgWMWSm/eGOvBCaljYnw14D8J2NX6o9QS6dbZ7zgRuzaYZG0KxJnZXIiNtZJaYw6xT+Sl6ox0=
e9h0h81XGw8Ph/KenKCMuBMgWMWSm/eGOvBCaljYnw14D8J2NX6o9QS6dbZ7zgRuzaYZG0KxJnZXIiNtZJaYw6xT+Sl6ox0=
raLlUhuQKHsb5212W99kghw599h9RI+9Xts7Pm4gNoIEeCOl7H827rn+JG1wSuEex27YBjn2zaMOcWqOA/IXRbj2ZKu4Y80xdqMR
YQ1dc9FwtIt5I7zwGYNf7xQgWMWSm/eGOvBCaljYnw14D8J2NX6o9QS6dbZ7zgRuzaYZG0KxJnZXIiNtZJaYw6xT+Sl6ox0=
lhWD1B7hBSPaCCvDHZWqqxUgWMWSm/eGOvBCaljYnw14D8J2NX6o9QS6dbZ7zgRuzaYZG0KxJnZXIiNtZJaYw6xT+Sl6ox0=
d73GWcghMFv8y9Pzu4g/g3RsYy9/zeOMNzprmdnfEH89SL9f/DZcJizz6ZfFEx5b+btyBh1SubMaADTwZt0UEpo87EGBBySQdp7zHw4xaWMfLA9poww=
rMbZPwWsM7PTnlAV9QuE1h8098VyVbO9Xts7Pm4gNoIEeCOl7H827rn+JG1wSuEex27YBjn2zaIOcWqOA/IXRbj2ZKu4Y80xdqMR
a6BO05siiDx5vkd0KdJqSh8j8dhhXI69Xts7Pm4gNoIEeCOl7H827rn+JG1wSuEex27YBjn2zaIOcWqOA/IXRbj2ZKu4Y80xdqMR
OIOM2cNOXM3oPty7KbweJxwj8dhhXI69Xts7Pm4gNoIEeCOl7H827rn+JG1wSuEex27YBjn2zaEOcWqOA/IXRbj2ZKu4Y80xdqMR
dR2/5mh7GG0EXXUVKKu7Ex4599h9RI+9Xts7Pm4gNoIEeCOl7H827rn+JG1wSuEex27YBjn2zaEOcWqOA/IXRbj2ZKu4Y80xdqMR
2T2d/ogPXVCXko64bwP0mx8599h9RI+9Xts7Pm4gNoIEeCOl7H827rn+JG1wSuEex27YBjn2zaEOcWqOA/IXRbj2ZKu4Y80xdqMR
CC01dcDlyNRIp9Kq/WTHlRAgWMWSm/eGOvBCaljYnw14D8J2NX6o9QS6dbZ7zgRuzaYZGUKxJnZXIiNtZJaYw6xT+Sl6ox0=
5qYg67auSatI9FCN6dDqtBEgWMWSm/eGOvBCaljYnw14D8J2NX6o9QS6dbZ7zgRuzaYZGUKxJnZXIiNtZJaYw6xT+Sl6ox0=
n8LHv14PIhcS+xiNmhpPoRIgWMWSm/eGOvBCaljYnw14D8J2NX6o9QS6dbZ7zgRuzaYZGUKxJnZXIiNtZJaYw6xT+Sl6ox0=
cyOOZ0ITBlBTu8/JjhTFaxMgWMWSm/eGOvBCaljYnw14D8J2NX6o9QS6dbZ7zgRuzaYZGUKxJnZXIiNtZJaYw6xT+Sl6ox0=
5OROFzNyJzGGVMp0e5gXXRw599h9RI+9Xts7Pm4gNoIEeCOl7H827rn+JG1wSuEex27YBjn2zaEOcWqOA/IXRbj2ZKu4Y80xdqMR
ATEazgHJg91v5LY+joD+JhQgWMWSm/eGOvBCaljYnw14D8J2NX6o9QS6dbZ7zgRuzaYZGUKxJnZXIiNtZJaYw6xT+Sl6ox0=
RJWknXgawXLJI26qo7+1LRUgWMWSm/eGOvBCaljYnw14D8J2NX6o9QS6dbZ7zgRuzaYZGUKxJnZXIiNtZJaYw6xT+Sl6ox0=
tR0uBwYilfsMDsXcQFWOrJ02cb0GXJZ0xhk8BsrobaLB4yxEJgpb2y41QTePuMcNo2g=
kvkYeIDLw+tegb7Clg772Ffdnnpul4RU+OeacarC4VOETvYHUPSCLtkIYY3Qxr68/wF+yw3lp57TB6Nm
YR34B9u/RTKYwzpeQy0vaar2Cve4nUup3QF9VxNGBT56krNeZ+87UViKKdpdkRpm5j/Sq4fVBKNj
YW0Sm/d6Sy4DXzskcvIAJmQzkgzGpN3m+/+XeEcm1pvJg0goe+3CEeGE+lLAaw7e0KfTTC52AuM7gd5WdHtWqtJu9ieQlAKOmehhbZBmPtw/IX7rTQUnPhNnowY=
SBW8jwid9RkF8YF9QOzIWXBpY3QX8tOwfnll3ZiSPysaY91q2ng0XQbc3NnjVkpQ+rFnTx4coK0+CD7wZt0UEpo85UaBBySQdp7zHw4xaWMfLA9poww=
