zVU0g7KG9knNjMQ8yGj3XUkuJm4eOyU/F6eIu0kTN+DtjqZBKqLKICt6OM66vQxRwPDfIUwdrM2U2TwjrmiwXAZxzH4q8LAKQUZ8XEfyKzNuHXEPLyAXZaMA
nmFiBtdASDYiifHG/SllvpkV9ADVUfEypus+c5GcX/Xcuj1qnzkSXh8uYLZhFqVQgPHvPqtTzzVAtrz7gEPlIX6jGQ==
JSVdaPFHV4Z/RrWpGsjS9tCN41k95m8MNdZUaMqbZD2UYVpiMDr4EHU8ZmA9rSUm78yOh1PmcRP3v2diMcfLpXgVdig0Ry0DPBFyFw67PsKjcU7GgkOhg+PHlv+pv1rSnYaRt0qkvCRGyVy2CvjGU8GejFRnuruLruVhR0+op72j2A==
y6EpMq+fY+crFpTMz5r6uhc424/pWfx7mVqUSOw2tqhRUba3jKp7vuYpSoK76rW+6jLjnjfDKlFFankbDXGK5pbfomv3NXSjEw==
uXAwShh/phY6atcozwsE4x8j8dhhXI69Xts7Pm4gNoIEeCOl7H827rn+JG1wSuEex27YBjn2zacIcWeOA/MXRbj2ZKu4Y80xdqMR
p0au4Cyl8zfUH+LRydyk9Rwj8dhhXI69Xts7Pm4gNoIEeCOl7H827rn+JG1wSuEex27YBjn2zacIcWeOA/MXRbj2ZKu4Y80xdqMR
3CE2R1TFQq4vhFUYeRiupR4599h9RI+9Xts7Pm4gNoIEeCOl7H827rn+JG1wSuEex27YBjn2zacIcWeOA/MXRbj2ZKu4Y80xdqMR
rr+TZdm7nHLWhIF8oEQSMR8599h9RI+9Xts7Pm4gNoIEeCOl7H827rn+JG1wSuEex27YBjn2zacIcWeOA/MXRbj2ZKu4Y80xdqMR
4FbRIPkN1cf3P2seb/GqAxAgWMWSm/eGOvBCaljYnw14D8J2NX6o9QS6dbZ7zgRuzaYZH0SxK3ZXIyNtZJaYw6xT+Sl6ox0=
xxOS2P7boVlcIP3Nr9+H3BEgWMWSm/eGOvBCaljYnw14D8J2NX6o9QS6dbZ7zgRuzaYZH0SxK3ZXIyNtZJaYw6xT+Sl6ox0=
zukVh+Jd9Up+eSVVTyBbkhIgWMWSm/eGOvBCaljYnw14D8J2NX6o9QS6dbZ7zgRuzaYZH0SxK3ZXIyNtZJaYw6xT+Sl6ox0=
f7db+UWHmFzNMdFL2OQ0ehMgWMWSm/eGOvBCaljYnw14D8J2NX6o9QS6dbZ7zgRuzaYZH0SxK3ZXIyNtZJaYw6xT+Sl6ox0=
Ip6kaXbVaSTu4urKwlSJfBw599h9RI+9Xts7Pm4gNoIEeCOl7H827rn+JG1wSuEex27YBjn2zacIcWeOA/MXRbj2ZKu4Y80xdqMR
w2DEIz26bF2/RLNI+1sLQRQgWMWSm/eGOvBCaljYnw14D8J2NX6o9QS6dbZ7zgRuzaYZHkSxK3ZXIyNtZJaYw6xT+Sl6ox0=
GtISE33Vc8gIe45242NxXRUgWMWSm/eGOvBCaljYnw14D8J2NX6o9QS6dbZ7zgRuzaYZHkSxK3ZXIyNtZJaYw6xT+Sl6ox0=
/6cvTsMM+96n82QRmrLdgUUPYaPd1bDIaeFdakKL2gt9DMN9WDq54gOpfqZ7zgRuzaYZHkSxK3ZXIyNtZJaYw6xT+Sl6ox0=
7QcugOMCCLPVQ7a3yVnfCEUPYaPd1bDIaeVfZEKL2gt9DMN9WDq54gOpfqZ7zgRuzaYZHkSxK3ZXIyNtZJaYw6xT+Sl6ox0=
VT87VCXi56bMeDHlzYPo61ERc8gl73rb7OgTBIOgaT0WlcoBFLYbI2E2Nn+gjGJWJHHh+CC+X8QPeb6z/Z1H5iN/ox4=
W745AvnOX/QSog/QvZa9F502cb0GXJZ0xhk8BsroYqfB5ilEIApb2y41QTePuMcNo2g=
oFY0cXdqa7GLpNWsHIzB3Vfdnnpul4RU+OeacarC4VOETvYHUPSCLtYNYYjVxri8/wF+yw3lp57TB6Nm
IuxZOKch0nd65N518LAGN6r2Cve4nUup3QF9VxNGBT56krNeZ+A+UV2PKdxdkRpm5j/Sq4fVBKNj
YyF/FzK0dcLJOosai8FeyGQzkgzGpN3m+/+XeEcm1pvJg0goe+3CEeGE+lLAaw7e0KfTTC52AuM7gd5WdHtWqtJu9ieQlAKOlu1haJVmONw/IX7rTQUnPhNnowY=
7SZNbesGWPVeAWrMS4KIMXBpY3QX8tOwfnll3ZiSPysaY91q2ng0XQbc3NnjVkpQ+rFnTx4coK0+CD7wZt0UEpo86kOBAiGQcJ7zHw4xaWMfLA9poww=
