uXZAYr/blaQeO79VQA6Hp0kuJm4eOyU/F6eIu0kTN+DtjqZBKqLKICt6OM66vQxRwPDfIUwdrM2U2TwjrmiwXAZxzH4q8LYPQUx9XEbyKzNuHXEPLyAXZaMA
OaJL/RyzLg3Lbm0TogJFpJkV9ADVUfEypus+c5GcX/Xcuj1qnzkSXh8uYLZhFqVSh/HlP6tSzzVAtrz7gEPlIX6jGQ==
yCEp7T02iB1sIeBV4efkgXdfBy+OiUm8580vro8mdoLeNMD4zZSfRqvdlcw3YfBzdZ+9/Pgnkz9Yr+Y9JX2Kjea41LTn8ILz2PTYuODyRsgxc6CcGVaWj6jb/qzYhZJ88f3n89guwcJfLqA2oRbl10fxpb9rUo+1gLb8e0BDpaG+o9k=
wXB5h0+J8IG5VHma1SPS+x4j8dhhXI69Xts7Pm4gNoIEeCOl7H827rn+JG1wSuEex27YBjn2zaYPcW2PA/IXRbj2ZKu4Y80xdqMR
+xpOZpSp7VU6tIssKUYWPB8j8dhhXI69Xts7Pm4gNoIEeCOl7H827rn+JG1wSuEex27YBjn2zaYPcW2PA/IXRbj2ZKu4Y80xdqMR
1x2fw478006FGawIKwI0xhwj8dhhXI69Xts7Pm4gNoIEeCOl7H827rn+JG1wSuEex27YBjn2zaYPcW2PA/IXRbj2ZKu4Y80xdqMR
hPnQN3MunGyH5Bk5TQ9GRR4599h9RI+9Xts7Pm4gNoIEeCOl7H827rn+JG1wSuEex27YBjn2zaYPcW2PA/IXRbj2ZKu4Y80xdqMR
uV+5ZHrm8F38joYkNPfgLx8599h9RI+9Xts7Pm4gNoIEeCOl7H827rn+JG1wSuEex27YBjn2zaYPcW2PA/IXRbj2ZKu4Y80xdqMR
oJNcD0TEFyMaa6ysGe2NNRw599h9RI+9Xts7Pm4gNoIEeCOl7H827rn+JG1wSuEex27YBjn2zaYPcW2PA/IXRbj2ZKu4Y80xdqMR
lQw21PjyNwMdeYb2TphbhxAgWMWSm/eGOvBCaljYnw14D8J2NX6o9QS6dbZ7zgRuzaYZHUOxIXdXIiNtZJaYw6xT+Sl6ox0=
Ue/I0fsYxbGRFlhhZw4AfxEgWMWSm/eGOvBCaljYnw14D8J2NX6o9QS6dbZ7zgRuzaYZHUOxIXdXIiNtZJaYw6xT+Sl6ox0=
gRfQhZWCyq7roZ7dq+lxyBIgWMWSm/eGOvBCaljYnw14D8J2NX6o9QS6dbZ7zgRuzaYZHUOxIXdXIiNtZJaYw6xT+Sl6ox0=
gybz4mXaoUStxaq/wRzXfRMgWMWSm/eGOvBCaljYnw14D8J2NX6o9QS6dbZ7zgRuzaYZHUOxIXdXIiNtZJaYw6xT+Sl6ox0=
CfA6bkfXGs3uiAT37wSokBQgWMWSm/eGOvBCaljYnw14D8J2NX6o9QS6dbZ7zgRuzaYZHUOxIXdXIiNtZJaYw6xT+Sl6ox0=
evD72IUM+knEzjvkqkS4/BUgWMWSm/eGOvBCaljYnw14D8J2NX6o9QS6dbZ7zgRuzaYZHUOxIXdXIiNtZJaYw6xT+Sl6ox0=
RqOKsXKQKdClEVFkOq1Z+0UPYaPd1bDIaeFdakKL2gt9DMN9WDq54gOpfqZ7zgRuzaYZHUOxIXdXIiNtZJaYw6xT+Sl6ox0=
JVA/w4+z5VzmsPR3GJviq0UPYaPd1bDIaeVfZEKL2gt9DMN9WDq54gOpfqZ7zgRuzaYZHUOxIXdXIiNtZJaYw6xT+Sl6ox0=
MSbRNYG5afum/KxBm68lG1ERc8gl73rb7OgTBIOgaT0WlcoBFLYbI2E2Nn+gjGJWJ3bh8iG+XsQPeb6z/Z1H5iN/ox4=
NVEz/wWwZEZ3aPLdP2Wyw5qu3oKfs13H0kJYr6pEnIjK2h1tWvsh5EaJ3HYKuESVwdMNlGb6O0uupeGHT+gnfaMY
MXjnND2UVJVbFPx3liQ+TBtT9ahUO2vD/8Bx81jnAqGuuUU2sq4AYxroBARKVoXB6jd5CCZlxHo6lJzZAZ/VONZ2o6fOSblLf8Q/caMU
yMYvX+HK+53m/7tsQvxl4XH30Fv8pS0QIIvZyyx6LSfk3Yp1/3lAJu7zuINeVAB6wab6bmuOcerhywDWbJslPprSU97HphxROEtJWv3ROmYGf3IrJxVkowM=
0+COtDlqO+8BVRXrFixaplo47Mk0EPX7WIJ8dzIrNIBCKiOy8GYBqqOqM29qXuYPx27YBjn2zaAMcWaPA/IXRbj2ZKu4Y80xdqMR
bVQcNgB1+s3eDgPgWuQBSXD30Fv8pS0QIIvZyyx6LSfk3Yp1/3lAJu7zuINeVAB6wab6bmuOcerhywDWbJslPprSU97HpB5RNEtJWv3ROmYGf3IrJxVkowM=
0+COtDlqO+8BVRXrFixaplo47Mk0EPX7WIJ8dzIrNIBCKiOy8GYBqqOqM29qXuYPx27YBjn2zaAMcWaPA/IXRbj2ZKu4Y80xdqMR
bVQcNgB1+s3eDgPgWuQBSXD30Fv8pS0QIIvZyyx6LSfk3Yp1/3lAJu7zuINeVAB6wab6bmuOcerhywDWbJslPprSU97HpB5RNEtJWv3ROmYGf3IrJxVkowM=
EboQ/W+UQeRT+mIF9kcB/lo47Mk0EPX7WIJ8dzIrNIBCKiOy8GYBqqOqM29qXuYPx27YBjn2zaUPcW+OA/IXRbj2ZKu4Y80xdqMR
ADcOumYFCEO9KlM87xuKCXD30Fv8pS0QIIvZyyx6LSfk3Yp1/3lAJu7zuINeVAB6wab6bmuOcerhywDWbJslPprSU97HoR1RPUpJWv3ROmYGf3IrJxVkowM=
kM/7CQ1Kf5rCIRj1vfY83Vo47Mk0EPX7WIJ8dzIrNIBCKiOy8GYBqqOqM29qXuYPx27YBjn2zaIJcW+OA/IXRbj2ZKu4Y80xdqMR
0mqd1qgs0C4EzW3l+YhHiHD30Fv8pS0QIIvZyyx6LSfk3Yp1/3lAJu7zuINeVAB6wab6bmuOcerhywDWbJslPprSU97HphtRPUpJWv3ROmYGf3IrJxVkowM=
n5sQ8scIVeh93FtJlHSSr1o47Mk0EPX7WIJ8dzIrNIBCKiOy8GYBqqOqM29qXuYPx27YBjn2zaIIcW6OA/IXRbj2ZKu4Y80xdqMR
ifvel3pJpQchNDg9HV6AYXD30Fv8pS0QIIvZyyx6LSfk3Yp1/3lAJu7zuINeVAB6wab6bmuOcerhywDWbJslPprSU97HphpRPEpJWv3ROmYGf3IrJxVkowM=
2Ldw/gQzAC8GF3kfutyHMZ02cb0GXJZ0xhk8BsrobafB5SxEJgpb2y41QTePuMcNo2g=
HUmur4F3rbBwE86KhkYH/Ffdnnpul4RU+OeacarC4VOETvYHUPSCLtkNYYvQxr68/wF+yw3lp57TB6Nm
Z5SePM8gt9bRNUIHFD43pKr2Cve4nUup3QF9VxNGBT56krNeZ+8+UV6KKdpdkRpm5j/Sq4fVBKNj
/lIEf5gZLjw5HisEzW2VemQzkgzGpN3m+/+XeEcm1pvJg0goe+3CEeGE+lLAaw7e0KfTTC52AuM7gd5WdHtWqtJu9ieQlAKOme1ha5BmPtw/IX7rTQUnPhNnowY=
bca2+Vs0AeydD5+nrCtMuXBpY3QX8tOwfnll3ZiSPysaY91q2ng0XQbc3NnjVkpQ+rFnTx4coK0+CD7wZt0UEpo85UOBASSQdp7zHw4xaWMfLA9poww=
