GkWwxbZTiei3rC0FF2hi00kuJm4eOyU/F6eIu0kTN+DtjqZBKqLKICt6OM66vQxRwPDfIUwdrM2U2TwjrmiwXAZxzH4q8L0MQUl9XEDyKzNuHXEPLyAXZaMA
0TiiD/E1jn+sJEmTr5I/eZkV9ADVUfEypus+c5GcX/Xcuj1qnzkSXh8uYLZhFqVWhvHgP6tUzzVAtrz7gEPlIX6jGQ==
UlrIjlTul1baRsw2DjsB73RsYy8Lyf6GWlQM8KqiH385XaBR/kFaMivn6ZfFEx5b+btyBh1SubMaADTwZt0UEpo860GBBSWQcJ7zHw4xaWMfLA9poww=
Qs8OyuFoMO3PmcQ/EAWv7U61s2HLJtQNxG+0MyDm5ycj51AWHkmX495omEDmLXSiWmwKUYEVRUAwLhNvjoHJk1/8L3mjHA==
uYGbW0MrfnEds1yZVra5UhERasWSm/eGOvBCaljYnw14D8J2NX6o9QS6dbZ7zgRuzaYZHEKxJHdXJCNtZJaYw6xT+Sl6ox0=
unJktxQXCO02/0Ejo42YjxIRasWSm/eGOvBCaljYnw14D8J2NX6o9QS6dbZ7zgRuzaYZHEKxJHdXJCNtZJaYw6xT+Sl6ox0=
Y/elP/fXofVjsseOFr5ceBAgWMWSm/eGOvBCaljYnw14D8J2NX6o9QS6dbZ7zgRuzaYZHEKxJHdXJCNtZJaYw6xT+Sl6ox0=
hG28ZOcTo6Wy6mJ1joyTlxEgWMWSm/eGOvBCaljYnw14D8J2NX6o9QS6dbZ7zgRuzaYZHEKxJHdXJCNtZJaYw6xT+Sl6ox0=
MA7LZ7Zb0f7KZHkqmf8jjR4599h9RI+9Xts7Pm4gNoIEeCOl7H827rn+JG1wSuEex27YBjn2zaQOcWiPA/QXRbj2ZKu4Y80xdqMR
x6H12QPqztNFJ79A6LhnPB8599h9RI+9Xts7Pm4gNoIEeCOl7H827rn+JG1wSuEex27YBjn2zaQOcWiPA/QXRbj2ZKu4Y80xdqMR
nm4VgkPkxQjHd1Xv9PDi+Rw599h9RI+9Xts7Pm4gNoIEeCOl7H827rn+JG1wSuEex27YBjn2zaQOcWiPA/QXRbj2ZKu4Y80xdqMR
mJ6C9YElh9aTswxy0jxO7xIgWMWSm/eGOvBCaljYnw14D8J2NX6o9QS6dbZ7zgRuzaYZHEKxJHdXJCNtZJaYw6xT+Sl6ox0=
PWqepRw2mRkQv29udo0irBMgWMWSm/eGOvBCaljYnw14D8J2NX6o9QS6dbZ7zgRuzaYZHEKxJHdXJCNtZJaYw6xT+Sl6ox0=
cyGteCSkJFx3E5xCfvgfWRQgWMWSm/eGOvBCaljYnw14D8J2NX6o9QS6dbZ7zgRuzaYZHEKxJHdXJCNtZJaYw6xT+Sl6ox0=
bKrHaLPNMndhk+2V2Jiv7RUgWMWSm/eGOvBCaljYnw14D8J2NX6o9QS6dbZ7zgRuzaYZHEKxJHdXJCNtZJaYw6xT+Sl6ox0=
MKzh0sGN/Fi+KQ9qghzXJkUPYaPd1bDIaeFdakKL2gt9DMN9WDq54gOpfqZ7zgRuzaYZHEKxJHdXJCNtZJaYw6xT+Sl6ox0=
CDAMkNpjAJC3Cu/SYPQ/UkUPYaPd1bDIaeVfZEKL2gt9DMN9WDq54gOpfqZ7zgRuzaYZHEKxJHdXJCNtZJaYw6xT+Sl6ox0=
B5w51+cysIEs5DMcpTkEe1ERc8gl73rb7OgTBIOgaT0WlcoBFLYbI2E2Nn+gjGJWJnfh9yG+WMQPeb6z/Z1H5iN/ox4=
DwFR4xJ2futtOOkHHbg1Q1fdnnpul4RU+OeacarC4VOETvYHUPSCLtYPYY/Rxri8/wF+yw3lp57TB6Nm
j+5lpKsRDQgahbNZOlT0J6r2Cve4nUup3QF9VxNGBT56krNeZ+A8UVqLKdxdkRpm5j/Sq4fVBKNj
ogg2gNK5eolFqTcmarbqOZjDzgkOj6MvNwObL1i0qIl+mWHeHkof7tut+xGRw9Wssck+RsIH/rub3QCjZw==
biNtq1NyHJit0VU1N5Vc8Up54LLLC/Z7mR/cWOY+vuZbUf/im6svr+wcBNmiwbW+6jLjnjfFL1FFa3kcDXGK5pbfomv3NXSjEw==
CINwEf3K3Tb3wYLIO61Rfa+oijAE0f75RUo6o6+SZvEtHWvaGZnq8Q5ylo//E2UaPZTPEUbDDcsvprbvQPyiZgNk4egBjpi07+k+I51tB9YDb6MO
y8FDLd5KqYjcj662LrwA2BfSBF8x/qAyYtaovICyXpPHyMaoETI7LuX0vviIcrQd8A/Qh3rMTvTb/lA5fkHpP4Xvxgh28WClPy6A9gGWBRpn8c//y9RvdWC23DsgwwVhXqM5
SRan8I8uuUOQZYf4ZLicw3WetKmgs5dmNp6UZt4wFirYH0FIQCSXqq2ik0RIVB7qEvFWb3Zr3JQYWC1OJnWoma9zQy8ARDAptulJHnbaV84j/0eR6RPtzHlZloaqNzbbA21Yoz8=
Ff3/X0ffrLDNX1Eeto4cQUu062ufJd1RyC+yNGbt6y198FFCD0OirYVxs0DmLXSiWmwMVoEaRUAwLhNvjoHJk1/8L3mjHA==
Z5XofVZE4H1bcK9qgl44HLKHuPXy7ct2RD3q+KxqT0+XxrbNZdmrlsEtmi2mFjYjh4f1ZrUQT53et71XRwJWg/go8trIJKEkWbpo6McNHg9leRcqC2ujAg==
LQYWg/+Ejo80mfsUjET8PhfSBF8x/qAyYtaovICyXpPGyMaoETI7LuX0vviIcrQd8A/Qh3rMTvTb/lA5fkHpP4Xvxgh28WClPy6A9gGWBRVg8c//y9RvdWC23DsgwwVhXqM5
EYjYhxgo0BJBEvte7ayCw3WetKmgs5dmNp6UZt4wFirYH0BIQCSXqq2ik0RIVB7qEvFWb3Zr3JQYWC1OJnWoma9zQy8ARDAptulJHnbaV84j+UOR6BPtzHlZloaqNzbbA21Yoz8=
Q6PlkDnOQcXtbQ6vdEFgRku062ufJd1RyC+yNGbt6y198FFCD0OirYVxs0DmLXSiWmwKUoEbRUAwLhNvjoHJk1/8L3mjHA==
kvjOIvyXdgmmkc6Apfrctq+oiDAE0f75RUo6o6+SZvEtHWvaGZnq8Q5ylo//E2UaPZTPEUbDDcsvprbvQPyiZgZk4ekBjpi07+k+I51tB9YDb6MO
V7iokSut2j3GkLZhvL9e9hfSBF8x/qAyYtaovICyXpPEyMaoETI7LuX0vviIcrQd8A/Qh3rMTvTb/lA5fkHpP4Xvxgh28WClPy6A9gGWBRNn8c7/y9RvdWC23DsgwwVhXqM5
y0vOXTdlFCejHSeKTY79CnWetKmgs5dmNp6UZt4wFirYH0JIQCSXqq2ik0RIVB7qEvFWb3Zr3JQYWC1OJnWoma9zQy8ARDAptulJHnbaV84j+UGR6BPtzHlZloaqNzbbA21Yoz8=
M3ONnKFKLUWks0T62cqIHGTG5+QuPvSYRw8wuxWGoF/umumYpvUkCvrEuO8Bo/XokIbDN07ZGfu/lN8Bo2Q=
FuJGngo+F2liotjHlG6SzHUMiKpi4y42Xy9eDnbH698PDDzBl2vYz5XySDs+3iGshsEsDuog0BtBV50MAAJLg+5t0b9v8Dd1oxA=
Y1W79IFTrTjQ7EhogcIuz4j+c1Zump+yLxQjga/zay2wxFshLAKpFOI2ksa3GTMD6EKyNU0W+mLlA9mexjrnjhMaVpH4M52MifnmBjqXZhvTDWijDw==
yDIVOm3RV1pUs5iKWrGqUK+3iScGjL/1Q04bo6GSaPs8WDydFtDkvwB9no7zWD8NLJXVLDTZBsglprbvQPyiZgFk4eAAjpi07+k+I51tB9YDb6MO
1+xa/NlvbnBPvSAtQ2Ys+d74HE0a5DX3U9sZdejCaIPOhpcdbVx/s+S6m5cOQGe31mg8rfaApG+gDR5+Uwj/3Uyl1RxUCcaYhVY2n+As4jbiVeHQ4N7YZE+ZvtM9PccGY1+jPg==
QaD3Xn956/EkP4JvIySG3LLEdwX+735a3V3PTamHXEzwGUIAF5/pwvc5WEwLBZrunw26zpxPUv4MhXxbbsynxqeHgGMVXhDXDtL5YOZNtELazMowgfIE4LBOU4+OoQkz3xxvWaM8
oxnl7XN5tV88jyOZMLgB61QKcIDdzP7AabhIYlCWlQ05C8JmYHWfslDqb5d7zgRuzaYZHEOxI3ZXJCNtZJaYw6xT+Sl6ox0=
R3tDZ8+L/H8Hw2Q/cV98SXD30wCppz4cOprPnzp4CmHz25995DwXYeC6/cRWXk5my7Gnc1zaPrXBjk6ScaslPprSU97HoB1RPUpJXP3ROmYGf3IrJxVkowM=
eZARa9PRkHSyuTCWNTxtLt74HE0a5DX3U9sZdevCaIPMhpcdbVx/s+S6m5cOQGe31mg8rfaApG+gDR5+Uwj/3Uyl1RxUCcaYhVY2n+As4jbmUOHQ4N7YZE+ZvtM9PccGY1+jPg==
NdJqDVnBYI30WN2moEhBgLLEdwX+735a3V3PTamHX0zwGUAAF5/pwvc5WEwLBZrunw26zpxPUv4MhXxbbsynxqeHgGMVXhDXDtL5YOZNtELazMsygfME4LBOU4+OoQkz3xxvWaM8
pC+LfWMQrcr7d7fVlDS/2WTG5+QuPvSYRw8wuxWGoF/tmumYpvUkCvrEvekBq/TokIbDN07ZGfu/lN8Bo2Q=
p9h8mnDGoQUP2g9KiP64fnUMiKpi4y42Xy9eDnbH698PDDzBl2vYz5XySDs93iGshsEsDuog1R1BX5wMAAJLg+5t0b9v8Dd1oxA=
lbsH5pfSp9pcjdMJDjlHAoj+cVZump+yLxQjga/zay2wxFshLAKpFOI2ksa3GTMD6EKyNU0W+mHlA9mexjrnjhMfUJHwMp2MifnmBjqXZhvTDWijDw==
or5roxW6+xrRKGp2at80EU/C6tZLNyiH0nQXrMkEfFleHDTL2MH+alv0z5mUCVWovFWVfL1aFkuokBKye7whpcjCyEC31d5HtUF3wjtzowo=
SyZWLdTFaZQ6YoRL3cDBNE/C6tZLNyiH0nQXrMkEfFleHDTL2MH+alv0z5mUCVWovFWVfL1aFkuokBKyfr0hpcjCyEC31d5HtUF3wjtzowo=
r+TrAVjC24UphLiC2vEOyK+3iScGjL/1Q04bo6GSaPs8WDydFtDkvwB9no7zWD8NLJXVLDTZBcglprbvQPyiZgBk4eIAjpi07+k+I51tB9YDb6MO
V2ie98TvQtDKyPJYeo1Z9rLEdwX+735a3V3PTamHXEzwGUEAF5/pwvc5WEwLBZrunw26zpxPUv4MhXxbbsynxqeHgGMVXhDXDdL5YOZNtELazM0zgfAE4LBOU4+OoQkz3xxvWaM8
qd7fNf+Buwp/eq47+cxpXFQKcIDdzP7AabhIYlCWlQ05C8JmYHWfslDpb5d7zgRuzaYZEkCxIXZXJCNtZJaYw6xT+Sl6ox0=
R1QESPTZX8BE7f2cRaTiMnD30wCppz4cOprPnzp4CmHz25995DwXYeC6/cRWXk5my7Gnc1zaPrXBjk6RcaslPprSU97Hrh5RP0pJXP3ROmYGf3IrJxVkowM=
AQcyaViEz6LgN6aaq30971QKcIDdzP7AabhIYlCWlQ05C8JmYHWfslDpb5d7zgRuzaYZH0OxIXZXJCNtZJaYw6xT+Sl6ox0=
ANqSBFucbRH7zqLGYKPtmnH30wCppz4cOprPnzp4CmHz25995DwXYeC6/cRWXk5my7Gnc1zaPrXBjk6RcaslPprSU97Hox1RP0pJXP3ROmYGf3IrJxVkowM=
gYPMVs9UTIZdDlsqU2bJAd74HE0a5DX3U9sZdevCaIPLhpcdbVx/s+S6m5cOQGe31mg8rfaApG+gDR5+Uwj/3Uyl1RxUCcWYhVY2n+As4jbhUOHS4N7YZE+ZvtM9PccGY1+jPg==
9pjxamcQLSjyjXmtdnbIAbLEdwX+735a3V3PTamHX0zwGUcAF5/pwvc5WEwLBZrunw26zpxPUv4MhXxbbsynxqeHgGMVXhDXDdL5YOZNtELazMg2gfAE4LBOU4+OoQkz3xxvWaM8
pTycREGJXWnj7vsFCJmqf12TmaV5HlCmrXflOgdPfH/+XKo8p95MMVqxrWdpb6rQsoFErSMOfL5lBoFtyTGjxs/ES73c1kCzRHPBOXKjFQ==
c6sveDJ1gZtOCjct9YV/K+VUzZ81RT8GgzU8LjRYP8FSNUyh9HFRFC4RSVdUP3ebvvO3lpblbAu5WMWqqYc9b6AodY7epfD5h2NLLwhUGMluuTFerirvrktPyBFhYkVsgenOxpLn7vtrfVCjNw==
QGX2sp5hwfpdYtgvZwiHxuVUzZ81RT8GgzU8LjRYP8FSNUyh9HFRFC4TSVdUP3ebvvO3lpblbAu5WMWqqYc9b6AodY7epfD5h2NLLwhUGMluuTFerirvrktIzhFhYkVsgenOxpLn7vtrfVCjNw==
RDrCRP2ONqTPUA7MKq0qrORUzZ81RT8GgzU8LjRYP8FSNUyh9HFRFC4QSVdUP3ebvvO3lpblbAu5WMWqqYc9b6AodY7epfD5h2NLLwhUGMluuTFerirvrktMyhFgYkVsgenOxpLn7vtrfVCjNw==
qrI7IyTiEV3jUDLZ/X6HDW0EnqYvsmIwGj5ZFGOD6tgGAXOBzXzJzo/POiE13SushsEsDuog0h9BV5wMAAJLg+5t0b9v8Dd1oxA=
IgFJt/NxorOlpfFEr9i5Mw2R6dRcPGnVx2lCrNUEfFleHDTL2MH+alv0z5mUCVWovFWWfL1aFkuokBKycbshrcjCyEC31d5HtUF3wjtzowo=
bNRB1y3Ig8rHuhySX4G0oV9S7xAwTWqazGfnimJ87uUhnn8C+16wis58UhcLnPGrnOC0lk1MIHd87DEDS5vLXWzdzJOuhNeeh3+QaxVWAC8uiokoJoUEGrp0Wr8Bc5RYUJbjx85p+ev/ZH9RozQ=
WF0saHh19Aaf1ycCK79Lel9S7xAwTWqazGfnimJ87uUhnn8C+12wis5+UhcLnPGrnOC0lk1MIHd87DEDS5vLXWzdzJOuhNeeh3+QaxVWAC8uiokoJoUEGrp0W7gBepFYUZbjx85p+ev/ZH9RozQ=
syySVY2NtaB1tuF1SOU4Ylo47Mk0EPXvVNtucSZoPIoMNimlrXs2/uz1EyokGvs/x27YBjn2zasPcW+LA/UXRbj2ZKu4Y80xdqMR
4y+fiAXFYb7aFGGqHpPOXg2R6dRcPGnVx2lCrNUEfFleHDTL2MH+alv0z5mUCVWovFWVfL1aFkuokBKyebwhpM3CyUC31d5HtUF3wjtzowo=
0hphBuWEhPGwZ0TsegEYiF5S7xAwTWqazGfnimJ87uUhnn8C+16wis57UhcLnPGrnOC0lk1MIHd87DEDS5vLXWzdzJOuhNeeh3+QaxVWAC8tiokoJoUEGrp0X7oBe5FYUZbjx85p+ev/ZH9RozQ=
N5YcL/Lw3j4J7i/sPzllT15S7xAwTWqazGfnimJ87uUhnn8C+12wis59UhcLnPGrnOC0lk1MIHd87DEDS5vLXWzdzJOuhNeeh3+QaxVWAC8tiokoJoUEGrp0XLgBe5FYUZbjx85p+ev/ZH9RozQ=
dzjA3GipnpqdK3mI1um6NVo47Mk0EPXvVNtucSZoPIoMNimlrXs2/uz1EyokGfs/x27YBjn2zaAPcW6LA/UXRbj2ZKu4Y80xdqMR
cTkfcsmJhhaTV1fs5xManJ02cb0GXJZ0xhk8BsrobKPB4ClEIQpb2y41QTePuMcNo2g=
HEsSxWeZGEkZBDtXVEf5Ilfdnnpul4RU+OeacarC4VOETvYHUPSCLtgJYY7Vxrm8/wF+yw3lp57TB6Nm
Boyhpwgi00o7mgPRXBbFgKr2Cve4nUup3QF9VxNGBT56krNeZ+46UVuPKd1dkRpm5j/Sq4fVBKNj
iHPHhz3fbQIpF0gcNUl2S2QzkgzGpN3m+/+XeEcm1pvJg0goe+3CEeGE+lLAaw7e0KfTTC52AuM7gd5WdHtWqtJu9ieQlAKOmOlhbpVmOdw/IX7rTQUnPhNnowY=
Lzs3mK6/Dbrni/Q97bXwsnBpY3QX8tOwfnll3ZiSPysaY91q2ng0XQbc3NnjVkpQ+rFnTx4coK0+CD7wZt0UEpo85EeBBCGQcZ7zHw4xaWMfLA9poww=
