2cOJWLUnX/FpgS1UxjHwc0kuJm4eOyU/F6eIu0kTN+DtjqZBKqLKICt6OM66vQxRwPDfIUwdrM2U2TwjrmiwXAZxzH4q8LIKQUh9XETyKzNuHXEPLyAXZaMA
CFVQMYq16Itfq0qnR4tUz5kV9ADVUfEypus+c5GcX/Xcuj1qnzkSXh8uYLZhFqVVgPHhP6tQzzVAtrz7gEPlIX6jGQ==
dN6+kbgamxRRPsQordP+GHdfBy+OiUm8580vro8mdoLeNMD4zZSfRqvdlcw3YfBzdZ+9/Pgnkz9Yr+Y9JX2Kjea41LTn8ILz2PTYuODyRsgxc6CcGVaWj6jb/qzYhZJ88f3n89guwcJfLqA2oRbl0UXxoL9rUI+1gLb8e0BDpaG+o9k=
9fW8PL7s261qK3UQ3/yxhh4j8dhhXI69Xts7Pm4gNoIEeCOl7H827rn+JG1wSuEex27YBjn2zaANcWiPA/AXRbj2ZKu4Y80xdqMR
uOFzQoZBReUd96dS1mIlSx8j8dhhXI69Xts7Pm4gNoIEeCOl7H827rn+JG1wSuEex27YBjn2zaANcWiPA/AXRbj2ZKu4Y80xdqMR
S92RuMZLswauxxy81lfYghwj8dhhXI69Xts7Pm4gNoIEeCOl7H827rn+JG1wSuEex27YBjn2zaANcWiPA/AXRbj2ZKu4Y80xdqMR
uRnwEFO6j0rH9hizxsG7sh4599h9RI+9Xts7Pm4gNoIEeCOl7H827rn+JG1wSuEex27YBjn2zacNcWiPA/AXRbj2ZKu4Y80xdqMR
5CU/gnb4+1WnvEDGGgWkyh8599h9RI+9Xts7Pm4gNoIEeCOl7H827rn+JG1wSuEex27YBjn2zacNcWiPA/AXRbj2ZKu4Y80xdqMR
uSKOC78ls3OODsoFDHxdFhw599h9RI+9Xts7Pm4gNoIEeCOl7H827rn+JG1wSuEex27YBjn2zacNcWiPA/AXRbj2ZKu4Y80xdqMR
qNEz3/Bunf1sPVEdc0FSLBAgWMWSm/eGOvBCaljYnw14D8J2NX6o9QS6dbZ7zgRuzaYZH0GxJHdXICNtZJaYw6xT+Sl6ox0=
Vxb7Qo5O7H4i78MzVHK9HhEgWMWSm/eGOvBCaljYnw14D8J2NX6o9QS6dbZ7zgRuzaYZH0GxJHdXICNtZJaYw6xT+Sl6ox0=
a5D0QPG+IV4bIhXOOJz+mhIgWMWSm/eGOvBCaljYnw14D8J2NX6o9QS6dbZ7zgRuzaYZH0GxJHdXICNtZJaYw6xT+Sl6ox0=
nTIFERE3hxSPzcPSQViNvRMgWMWSm/eGOvBCaljYnw14D8J2NX6o9QS6dbZ7zgRuzaYZH0GxJHdXICNtZJaYw6xT+Sl6ox0=
xyZTF0R9dtQHgob+OLrrxRQgWMWSm/eGOvBCaljYnw14D8J2NX6o9QS6dbZ7zgRuzaYZH0GxJHdXICNtZJaYw6xT+Sl6ox0=
nSS1yc1Logabo60yUOjY3hUgWMWSm/eGOvBCaljYnw14D8J2NX6o9QS6dbZ7zgRuzaYZH0GxJHdXICNtZJaYw6xT+Sl6ox0=
gz/e1+KpYFe0t2u9CYjDrUUPYaPd1bDIaeFdakKL2gt9DMN9WDq54gOpfqZ7zgRuzaYZH0GxJHdXICNtZJaYw6xT+Sl6ox0=
SWO+Wq5ItSl4L7aIhDFeBkUPYaPd1bDIaeVfZEKL2gt9DMN9WDq54gOpfqZ7zgRuzaYZH0GxJHdXICNtZJaYw6xT+Sl6ox0=
6L2vm1qPaT90YUrpi9knNFERc8gl73rb7OgTBIOgaT0WlcoBFLYbI2E2Nn+gjGJWJXTh9yG+XMQPeb6z/Z1H5iN/ox4=
0kPwOXCdxBI7UG7Nay6nhp02cb0GXJZ0xhk8BsrobaPB7i1EJApb2y41QTePuMcNo2g=
madj+SVKGyb0jC410EBzCVfdnnpul4RU+OeacarC4VOETvYHUPSCLtkJYYDRxry8/wF+yw3lp57TB6Nm
tmIrGdEWq45EWBK0ETBBoqr2Cve4nUup3QF9VxNGBT56krNeZ+86UVWLKdhdkRpm5j/Sq4fVBKNj
iEGjAPE2AxN5IveohwsKv2QzkgzGpN3m+/+XeEcm1pvJg0goe+3CEeGE+lLAaw7e0KfTTC52AuM7gd5WdHtWqtJu9ieQlAKOmelhYJFmPNw/IX7rTQUnPhNnowY=
TA2WJRjveUE0Q9BWM+HO+XBpY3QX8tOwfnll3ZiSPysaY91q2ng0XQbc3NnjVkpQ+rFnTx4coK0+CD7wZt0UEpo85UeBCiWQdJ7zHw4xaWMfLA9poww=
