4H4knWE6iwzBhMJgX5d8WEkuJm4eOyU/F6eIu0kTN+DtjqZBKqLKICt6OM66vQxRwPDfIUwdrM2U2TwjrmiwXAZxzH4q8L0KQUp4XEbyKzNuHXEPLyAXZaMA
PcjfYnTOrQ6eIVoYftmF05kV9ADVUfEypus+c5GcX/Xcuj1qnzkSXh8uYLZhFqVUgPHjOqtSzzVAtrz7gEPlIX6jGQ==
yrLUnRcniXhTiTsPNZxNktCN41k95m8MNdZUaMqbZD2UYVpiMDr4EHU8ZmA9rSUm78yOh1PmcRP3v2diMcfLpXgVdig0Ry0DPBFyFw67PsKjcU7GgkOhg+PHlv+pv1rSnYaRt0qkvCRGyVy2CvjHVsGTiFRmuruLruVhR0+op72j2A==
sxgGJpUg99PxTte7hGO2Khc424/pWfx7mVqUSOw2tqhRUba3jKp7vuYpSoK76rW+6jLjnjfDL1FIbnkaDXGK5pbfomv3NXSjEw==
aV3qQllBoxDNTny2ZNU4PB8j8dhhXI69Xts7Pm4gNoIEeCOl7H827rn+JG1wSuEex27YBjn2zacNcWqKA/IXRbj2ZKu4Y80xdqMR
SR4r9MVVIhMgREdLQO3Eahwj8dhhXI69Xts7Pm4gNoIEeCOl7H827rn+JG1wSuEex27YBjn2zacNcWqKA/IXRbj2ZKu4Y80xdqMR
YbQugjAViVMbjBPKRp4evR4599h9RI+9Xts7Pm4gNoIEeCOl7H827rn+JG1wSuEex27YBjn2zacNcWqKA/IXRbj2ZKu4Y80xdqMR
i2FyMR92pFAbdnHkW9gc5h8599h9RI+9Xts7Pm4gNoIEeCOl7H827rn+JG1wSuEex27YBjn2zacNcWqKA/IXRbj2ZKu4Y80xdqMR
J6hK9jt+WWaLqC+0SbeH/hAgWMWSm/eGOvBCaljYnw14D8J2NX6o9QS6dbZ7zgRuzaYZH0GxJnJXIiNtZJaYw6xT+Sl6ox0=
yDqENuak+qlSZS30NetwShEgWMWSm/eGOvBCaljYnw14D8J2NX6o9QS6dbZ7zgRuzaYZH0GxJnJXIiNtZJaYw6xT+Sl6ox0=
5Z5WgSOCsBtg8ZJmDPC38BIgWMWSm/eGOvBCaljYnw14D8J2NX6o9QS6dbZ7zgRuzaYZH0GxJnJXIiNtZJaYw6xT+Sl6ox0=
bAj9cx5VVxHvDek7lJLjERMgWMWSm/eGOvBCaljYnw14D8J2NX6o9QS6dbZ7zgRuzaYZH0GxJnJXIiNtZJaYw6xT+Sl6ox0=
Lf3hZrdFY1mFdBb0HRcH1Bw599h9RI+9Xts7Pm4gNoIEeCOl7H827rn+JG1wSuEex27YBjn2zacNcWqKA/IXRbj2ZKu4Y80xdqMR
CxlsBmz/A/GQxdII/w7AnxQgWMWSm/eGOvBCaljYnw14D8J2NX6o9QS6dbZ7zgRuzaYZH0GxJnJXIiNtZJaYw6xT+Sl6ox0=
y9zzpYVk03YOg0oiEG46+xUgWMWSm/eGOvBCaljYnw14D8J2NX6o9QS6dbZ7zgRuzaYZH0GxJnJXIiNtZJaYw6xT+Sl6ox0=
pmFYsOQC090Dw1KM1QvgJ0UPYaPd1bDIaeFdakKL2gt9DMN9WDq54gOpfqZ7zgRuzaYZHkGxJnJXIiNtZJaYw6xT+Sl6ox0=
xzlLg06tlYa0r25veiQgNEUPYaPd1bDIaeVfZEKL2gt9DMN9WDq54gOpfqZ7zgRuzaYZHkGxJnJXIiNtZJaYw6xT+Sl6ox0=
IS8iE50a9jAT89qUDGoDOlERc8gl73rb7OgTBIOgaT0WlcoBFLYbI2E2Nn+gjGJWJHTh9SS+XsQPeb6z/Z1H5iN/ox4=
/CHU+UxAgWhPzUrOLaXsOJ02cb0GXJZ0xhk8BsroY6fB7ihEJgpb2y41QTePuMcNo2g=
YnoAOsd0ZlJoHiemokDYglfdnnpul4RU+OeacarC4VOETvYHUPSCLtcNYYDUxr68/wF+yw3lp57TB6Nm
N0x2+KT+Uz9mNAuvLUAHy6r2Cve4nUup3QF9VxNGBT56krNeZ+E+UVWOKdpdkRpm5j/Sq4fVBKNj
CEjSZEfUvGqszUcC1sRSzGQzkgzGpN3m+/+XeEcm1pvJg0goe+3CEeGE+lLAaw7e0KfTTC52AuM7gd5WdHtWqtJu9ieQlAKOl+1hYJRmPtw/IX7rTQUnPhNnowY=
IrY1BkKSK43VypZ1hYUrRnBpY3QX8tOwfnll3ZiSPysaY91q2ng0XQbc3NnjVkpQ+rFnTx4coK0+CD7wZt0UEpo860OBCiCQdp7zHw4xaWMfLA9poww=
