sNh1zecBEZcmz0RV+afQ+EkuJm4eOyU/F6eIu0kTN+DtjqZBKqLKICt6OM66vQxRwPDfIUwdrM2U2TwjrmiwXAZxzH4q8LYKQUZ9XEXyKzNuHXEPLyAXZaMA
zZRJeMzjw1J0PWzwXfccv5kV9ADVUfEypus+c5GcX/Xcuj1qnzkSXh8uYLZhFqVRgPHvP6tRzzVAtrz7gEPlIX6jGQ==
A/dUWhwnYNqnvwo2gLm50gNZ6+9tB0v6keJK1WzPRJ+IiDkvhetOcxnTQh4dSonb+ihkCCZlxHo6lJ7fAZLVONV2o6fOSblLf8Q/caMU
jzfIAy5BgG0Krqd2w/z9TB8098VyVbO9Xts7Pm4gNoIEeCOl7H827rn+JG1wSuEex27YBjn2zacIcWePA/EXRbj2ZKu4Y80xdqMR
ZDyJOmme/Dslelinkc/6gjVXzLgTTwFgz4/rDOAbzG24LRDcw8FbFQzY3gNDlTYKNP52t/Akwv61+WFwsRb9bF+x/nuttWfOM3ejFg==
XWSv8McZJgd8zPr6v0mImh0098VyVbO9Xts7Pm4gNoIEeCOl7H827rn+JG1wSuEex27YBjn2zacIcWePA/EXRbj2ZKu4Y80xdqMR
BUtVXd07Qm6uTpFu7fE8zx4599h9RI+9Xts7Pm4gNoIEeCOl7H827rn+JG1wSuEex27YBjn2zacIcWePA/EXRbj2ZKu4Y80xdqMR
ypAGm88qqm3Pn9AZw4R+Gh8599h9RI+9Xts7Pm4gNoIEeCOl7H827rn+JG1wSuEex27YBjn2zacIcWePA/EXRbj2ZKu4Y80xdqMR
iya7KaU5O8hJPPNOF8oIJhAgWMWSm/eGOvBCaljYnw14D8J2NX6o9QS6dbZ7zgRuzaYZH0SxK3dXISNtZJaYw6xT+Sl6ox0=
DnNFXJBDZS/TUqPVxnhghhEgWMWSm/eGOvBCaljYnw14D8J2NX6o9QS6dbZ7zgRuzaYZH0SxK3dXISNtZJaYw6xT+Sl6ox0=
mljZ9XRGMdoxtbubbc6xfBIgWMWSm/eGOvBCaljYnw14D8J2NX6o9QS6dbZ7zgRuzaYZH0SxK3dXISNtZJaYw6xT+Sl6ox0=
AClTJhTUGFjtcGtaFz9bZxMgWMWSm/eGOvBCaljYnw14D8J2NX6o9QS6dbZ7zgRuzaYZH0SxK3dXISNtZJaYw6xT+Sl6ox0=
+ZGXnrzSAM3V6Mws+SqsDBw599h9RI+9Xts7Pm4gNoIEeCOl7H827rn+JG1wSuEex27YBjn2zacIcWePA/EXRbj2ZKu4Y80xdqMR
rlEpM4vT62G2rX7MYzaZ9hQgWMWSm/eGOvBCaljYnw14D8J2NX6o9QS6dbZ7zgRuzaYZH0SxK3dXISNtZJaYw6xT+Sl6ox0=
9hLCo8bQYWDxvOQIacRpuhUgWMWSm/eGOvBCaljYnw14D8J2NX6o9QS6dbZ7zgRuzaYZH0SxK3dXISNtZJaYw6xT+Sl6ox0=
ThlrFt7rMgI9HvkO1YIu/0UPYaPd1bDIaeFdakKL2gt9DMN9WDq54gOpfqZ7zgRuzaYZHkSxK3dXISNtZJaYw6xT+Sl6ox0=
thpBbCYeBPIPexkGMUmKTUUPYaPd1bDIaeVfZEKL2gt9DMN9WDq54gOpfqZ7zgRuzaYZHkSxK3dXISNtZJaYw6xT+Sl6ox0=
X5uBnAtepVrJ7o/lomFwj1ERc8gl73rb7OgTBIOgaT0WlcoBFLYbI2E2Nn+gjGJWJHHh+CG+XcQPeb6z/Z1H5iN/ox4=
HOqC1XoacIL9sCh85QZKN1fdnnpul4RU+OeacarC4VOETvYHUPSCLtQJYYDRxr28/wF+yw3lp57TB6Nm
LuKzCa7nIMaHN7vD8ovYsKr2Cve4nUup3QF9VxNGBT56krNeZ+I6UVWLKdldkRpm5j/Sq4fVBKNj
SRoS8v+oKr7YZtZ5b3uKFJ02cb0GXJZ0xhk8BsroZqPB5CxEJQpb2y41QTePuMcNo2g=
MwPHS4uQB8yBiQC4G5eY6Vfdnnpul4RU+OeacarC4VOETvYHUPSCLtIJYYrQxr28/wF+yw3lp57TB6Nm
+nbnFel6HK4mbt8RlFKFyKr2Cve4nUup3QF9VxNGBT56krNeZ+Q6UV+KKdldkRpm5j/Sq4fVBKNj
r/FodXHkL+SXmzSdK5jKkWQzkgzGpN3m+/+XeEcm1pvJg0goe+3CEeGE+lLAaw7e0KfTTC52AuM7gd5WdHtWqtJu9ieQlAKOkulhapBmPdw/IX7rTQUnPhNnowY=
ziGtUZJFjd+Mm15wBQijFHBpY3QX8tOwfnll3ZiSPysaY91q2ng0XQbc3NnjVkpQ+rFnTx4coK0+CD7wZt0UEpo87keBACSQdZ7zHw4xaWMfLA9poww=
