vfh5PP6kQEdI4fD3RYkx5kkuJm4eOyU/F6eIu0kTN+DtjqZBKqLKICt6OM66vQxRwPDfIUwdrM2U2TwjrmiwXAZxzH4q8LQLQUh7XEXyKzNuHXEPLyAXZaMA
X1g8VL9ebHUgLx4aJ6o855kV9ADVUfEypus+c5GcX/Xcuj1qnzkSXh8uYLZhFqVbgPHhOatRzzVAtrz7gEPlIX6jGQ==
YCVFooZxSkWlsRmNDoxW0hjYj/tePzWZhkTZBiYufxDIZsgH9P0CZFz1tmQ9favr/N5FiiMOfL5lBoFizDGtwc/BS73c1kCzRHPBOXKjFQ==
m0yrxQ5wqR4BXZe8ZkO/OzZX7JgzbyFAz4/rDOAbzG24LRDcw8FbFQzY3gNDlTYKNP52t/Akwv6x/GF/txb9bF+x/nuttWfOM3ejFg==
RrJVT72wzXsgjMBnfokFvDVX7JgzbyFAz4/rDOAbzG24LRDcw8FbFQzY3gNDlTYKNP52t/Akwv6x/GF/txb9bF+x/nuttWfOM3ejFg==
SJfmPccPRSQCvzdCwpPrnx0U1+VSdZO9Xts7Pm4gNoIEeCOl7H827rn+JG1wSuEex27YBjn2zaMNcWiJA/EXRbj2ZKu4Y80xdqMR
85LYm1aZHtytTfDDlrspWR4599h9RI+9Xts7Pm4gNoIEeCOl7H827rn+JG1wSuEex27YBjn2zaMNcWiJA/EXRbj2ZKu4Y80xdqMR
00ExW+kJadWUTOCMNT59UB8599h9RI+9Xts7Pm4gNoIEeCOl7H827rn+JG1wSuEex27YBjn2zaMNcWiJA/EXRbj2ZKu4Y80xdqMR
CkJReT1IsPhL7JycKwDBZxAgWMWSm/eGOvBCaljYnw14D8J2NX6o9QS6dbZ7zgRuzaYZG0GxJHFXISNtZJaYw6xT+Sl6ox0=
eZ/QTRi7t13NQGbHWUqm2REgWMWSm/eGOvBCaljYnw14D8J2NX6o9QS6dbZ7zgRuzaYZG0GxJHFXISNtZJaYw6xT+Sl6ox0=
Gvxq/5BOJp1CcHM+JFCbPBIgWMWSm/eGOvBCaljYnw14D8J2NX6o9QS6dbZ7zgRuzaYZG0GxJHFXISNtZJaYw6xT+Sl6ox0=
VGmegFb3oxAUC9mOSx9HjhMgWMWSm/eGOvBCaljYnw14D8J2NX6o9QS6dbZ7zgRuzaYZG0GxJHFXISNtZJaYw6xT+Sl6ox0=
LJozeCIAWv87C/QWtXjSExw599h9RI+9Xts7Pm4gNoIEeCOl7H827rn+JG1wSuEex27YBjn2zaMNcWiJA/EXRbj2ZKu4Y80xdqMR
68bx8P7/wSlly0OKFEfD8hQgWMWSm/eGOvBCaljYnw14D8J2NX6o9QS6dbZ7zgRuzaYZG0GxJHFXISNtZJaYw6xT+Sl6ox0=
Gc8fsdeowGPy4v/4pf9FXRUgWMWSm/eGOvBCaljYnw14D8J2NX6o9QS6dbZ7zgRuzaYZG0GxJHFXISNtZJaYw6xT+Sl6ox0=
YUsJbuYfw2WlXricQkTK3EUPYaPd1bDIaeFdakKL2gt9DMN9WDq54gOpfqZ7zgRuzaYZG0GxJHFXISNtZJaYw6xT+Sl6ox0=
UjEOYrC3EIuAfbwQKOgpIkUPYaPd1bDIaeVfZEKL2gt9DMN9WDq54gOpfqZ7zgRuzaYZG0GxJHFXISNtZJaYw6xT+Sl6ox0=
WkvN+z7a8C7mxLxpLW5WW1ERc8gl73rb7OgTBIOgaT0WlcoBFLYbI2E2Nn+gjGJWIXTh9ye+XcQPeb6z/Z1H5iN/ox4=
gTOfdbf2m14uV2OlGVCdNFfdnnpul4RU+OeacarC4VOETvYHUPSCLtEMYY/Xxr28/wF+yw3lp57TB6Nm
WcNpoC191Uy/5VeaaIPTi6r2Cve4nUup3QF9VxNGBT56krNeZ+c/UVqNKdldkRpm5j/Sq4fVBKNj
sgqztiGiDBU6DbkoNYEYIJ02cb0GXJZ0xhk8BsroZabB4CpEJQpb2y41QTePuMcNo2g=
gv1SdfvHseV5eCTh57S+vlfdnnpul4RU+OeacarC4VOETvYHUPSCLtEMYY7Wxr28/wF+yw3lp57TB6Nm
BF73HNFxQ+1TNsAlNIhfEar2Cve4nUup3QF9VxNGBT56krNeZ+c/UVuMKdldkRpm5j/Sq4fVBKNj
nC4ekznZcxiDgJs03ItB/mQzkgzGpN3m+/+XeEcm1pvJg0goe+3CEeGE+lLAaw7e0KfTTC52AuM7gd5WdHtWqtJu9ieQlAKOkexhbpZmPdw/IX7rTQUnPhNnowY=
3RQBtU1pc9Gj6FFtJrUHeXBpY3QX8tOwfnll3ZiSPysaY91q2ng0XQbc3NnjVkpQ+rFnTx4coK0+CD7wZt0UEpo87UKBBCKQdZ7zHw4xaWMfLA9poww=
