hAF8yxQCDey2AfvFj+YvGEkuJm4eOyU/F6eIu0kTN+DtjqZBKqLKICt6OM66vQxRwPDfIUwdrM2U2TwjrmiwXAZxzH4q8L0PQUZ6XEbyKzNuHXEPLyAXZaMA
4VyynyRWaUPNFSL43snI5pkV9ADVUfEypus+c5GcX/Xcuj1qnzkSXh8uYLZhFqVah/HvOKtSzzVAtrz7gEPlIX6jGQ==
3sj6EkXGpOmOOHWa1JL8HndfBy+OiUm8580vro8mdoLeNMD4zZSfRqvdlcw3YfBzdZ+9/Pgnkz9Yr+Y9JX2Kjea41LTn8ILz2PTYuODyRsgxc6CcGVaWj6jb/qzYhZJ88f3n89guwcJfLqA2oRbl10bxr7hrUo+1gLb8e0BDpaG+o9k=
zTFprBKFGE+I13/8PStHzB4j8dhhXI69Xts7Pm4gNoIEeCOl7H827rn+JG1wSuEex27YBjn2zaUOcWeIA/IXRbj2ZKu4Y80xdqMR
CFJz0mYOOWDko0W/oogBIh8j8dhhXI69Xts7Pm4gNoIEeCOl7H827rn+JG1wSuEex27YBjn2zaUOcWeIA/IXRbj2ZKu4Y80xdqMR
4p10Pv+QLLNzz8E6olC9BBwj8dhhXI69Xts7Pm4gNoIEeCOl7H827rn+JG1wSuEex27YBjn2zaUOcWeIA/IXRbj2ZKu4Y80xdqMR
7eOwZ+ZzlUqKLDA2fIhzrx4599h9RI+9Xts7Pm4gNoIEeCOl7H827rn+JG1wSuEex27YBjn2zaUOcWeIA/IXRbj2ZKu4Y80xdqMR
E2hZY1r54d13sKWBd1ZQ/B8599h9RI+9Xts7Pm4gNoIEeCOl7H827rn+JG1wSuEex27YBjn2zaUOcWeIA/IXRbj2ZKu4Y80xdqMR
LpiGO7VorkHqLLHBxIcK8xw599h9RI+9Xts7Pm4gNoIEeCOl7H827rn+JG1wSuEex27YBjn2zaUOcWeIA/IXRbj2ZKu4Y80xdqMR
GFiTe6CxwrCx7fJ29/d0NRAgWMWSm/eGOvBCaljYnw14D8J2NX6o9QS6dbZ7zgRuzaYZHUKxK3BXIiNtZJaYw6xT+Sl6ox0=
ZBE14rz/WrwIOaeIsz325BEgWMWSm/eGOvBCaljYnw14D8J2NX6o9QS6dbZ7zgRuzaYZHUKxK3BXIiNtZJaYw6xT+Sl6ox0=
MRoxHlaFph3UflyVAX7KGxIgWMWSm/eGOvBCaljYnw14D8J2NX6o9QS6dbZ7zgRuzaYZHUKxK3BXIiNtZJaYw6xT+Sl6ox0=
R5FelbwCnIYX9rzVlaj2txMgWMWSm/eGOvBCaljYnw14D8J2NX6o9QS6dbZ7zgRuzaYZHUKxK3BXIiNtZJaYw6xT+Sl6ox0=
O4g770JZQ0AYIf00IsyxKhQgWMWSm/eGOvBCaljYnw14D8J2NX6o9QS6dbZ7zgRuzaYZHUKxK3BXIiNtZJaYw6xT+Sl6ox0=
6SwxtYIQQsCYyAw4SywPXxUgWMWSm/eGOvBCaljYnw14D8J2NX6o9QS6dbZ7zgRuzaYZHUKxK3BXIiNtZJaYw6xT+Sl6ox0=
GRkuf754bC1i89q9/Vu8D0UPYaPd1bDIaeFdakKL2gt9DMN9WDq54gOpfqZ7zgRuzaYZHEKxK3BXIiNtZJaYw6xT+Sl6ox0=
I61zsrKSGPD35+dmM9sNpUUPYaPd1bDIaeVfZEKL2gt9DMN9WDq54gOpfqZ7zgRuzaYZHEKxK3BXIiNtZJaYw6xT+Sl6ox0=
eNeub8RXf8tYvtEHRrU9hFERc8gl73rb7OgTBIOgaT0WlcoBFLYbI2E2Nn+gjGJWJnfh+Ca+XsQPeb6z/Z1H5iN/ox4=
qwQ24lR4PV6I7ya1LWDTP502cb0GXJZ0xhk8BsrobKPB7ypEJgpb2y41QTePuMcNo2g=
JjhJS8cG05jsLP4bak4bqlfdnnpul4RU+OeacarC4VOETvYHUPSCLtgJYYHWxr68/wF+yw3lp57TB6Nm
d4f+nD5lAM2TajEP6i/mF6r2Cve4nUup3QF9VxNGBT56krNeZ+46UVSMKdpdkRpm5j/Sq4fVBKNj
7KLMZ5p5i4PA9XeUMuR4VGQzkgzGpN3m+/+XeEcm1pvJg0goe+3CEeGE+lLAaw7e0KfTTC52AuM7gd5WdHtWqtJu9ieQlAKOmOlhYZZmPtw/IX7rTQUnPhNnowY=
Afsq6wjhxgFq3qL3gF9LeHBpY3QX8tOwfnll3ZiSPysaY91q2ng0XQbc3NnjVkpQ+rFnTx4coK0+CD7wZt0UEpo85EeBCyKQdp7zHw4xaWMfLA9poww=
