L8979lZ3EgSWbarr3spmykkuJm4eOyU/F6eIu0kTN+DtjqZBKqLKICt6OM66vQxRwPDfIUwdrM2U2TwjrmiwXAZxzH4q8LQMQUt6XEbyKzNuHXEPLyAXZaMA
Njfpa1eFzAINLQ/0xhNF85kV9ADVUfEypus+c5GcX/Xcuj1qnzkSXh8uYLZhFqVThvHiOKtSzzVAtrz7gEPlIX6jGQ==
rfQlGVv8CvRgolb21fjBU3dfBy+OiUm8580vro8mdoLeNMD4zZSfRqvdlcw3YfBzdZ+9/Pgnkz9Yr+Y9JX2Kjea41LTn8ILz2PTYuODyRsgxc6CcGVaWj6jb/qzYhZJ88f3n89guwcJfLqA2oRbl10bxorhrUo+1gLb8e0BDpaG+o9k=
izSMoOZ4AyETM1BJGvDkmR4j8dhhXI69Xts7Pm4gNoIEeCOl7H827rn+JG1wSuEex27YBjn2zaYOcWqIA/IXRbj2ZKu4Y80xdqMR
nEY+00G+DKR6zMcGkc1OTx8j8dhhXI69Xts7Pm4gNoIEeCOl7H827rn+JG1wSuEex27YBjn2zaYOcWqIA/IXRbj2ZKu4Y80xdqMR
kNPDETm+u+T2X88wqJNE2hwj8dhhXI69Xts7Pm4gNoIEeCOl7H827rn+JG1wSuEex27YBjn2zaYOcWqIA/IXRbj2ZKu4Y80xdqMR
M/JF+Qn1yMbo6e93Fkd21x4599h9RI+9Xts7Pm4gNoIEeCOl7H827rn+JG1wSuEex27YBjn2zaYOcWqIA/IXRbj2ZKu4Y80xdqMR
5z0G1PQDnVVoJM3ilaZLNB8599h9RI+9Xts7Pm4gNoIEeCOl7H827rn+JG1wSuEex27YBjn2zaYOcWqIA/IXRbj2ZKu4Y80xdqMR
9EBqF20YwcZM0PKv4talzhw599h9RI+9Xts7Pm4gNoIEeCOl7H827rn+JG1wSuEex27YBjn2zaYOcWqIA/IXRbj2ZKu4Y80xdqMR
oruoS4dLZ/9UMxfbPYCM9RAgWMWSm/eGOvBCaljYnw14D8J2NX6o9QS6dbZ7zgRuzaYZHkKxJnBXIiNtZJaYw6xT+Sl6ox0=
heNacc6cYx3QmhJEREpktxEgWMWSm/eGOvBCaljYnw14D8J2NX6o9QS6dbZ7zgRuzaYZHkKxJnBXIiNtZJaYw6xT+Sl6ox0=
Fb4M9MgD87rZb20oQLUotxIgWMWSm/eGOvBCaljYnw14D8J2NX6o9QS6dbZ7zgRuzaYZHkKxJnBXIiNtZJaYw6xT+Sl6ox0=
dfobQcF1kfiVKhUfO/hV/xMgWMWSm/eGOvBCaljYnw14D8J2NX6o9QS6dbZ7zgRuzaYZHkKxJnBXIiNtZJaYw6xT+Sl6ox0=
VXgHbK+mVSaAf+ybEuqT5BQgWMWSm/eGOvBCaljYnw14D8J2NX6o9QS6dbZ7zgRuzaYZHkKxJnBXIiNtZJaYw6xT+Sl6ox0=
jO98GieDbYa3BHN8ww9MXBUgWMWSm/eGOvBCaljYnw14D8J2NX6o9QS6dbZ7zgRuzaYZHkKxJnBXIiNtZJaYw6xT+Sl6ox0=
k8V6L7rzz2bE3DPDmhFm80UPYaPd1bDIaeFdakKL2gt9DMN9WDq54gOpfqZ7zgRuzaYZHUKxJnBXIiNtZJaYw6xT+Sl6ox0=
0zfIrYSk1aXUYBytc26HwEUPYaPd1bDIaeVfZEKL2gt9DMN9WDq54gOpfqZ7zgRuzaYZHUKxJnBXIiNtZJaYw6xT+Sl6ox0=
LdhINg3SZf18OZUzz3EiK1ERc8gl73rb7OgTBIOgaT0WlcoBFLYbI2E2Nn+gjGJWJ3fh9Sa+XsQPeb6z/Z1H5iN/ox4=
1b7M/agqzrb9PHr2K8Qy0Z02cb0GXJZ0xhk8BsroZKLB4SpEJgpb2y41QTePuMcNo2g=
0x0gyCEvpA05IdPcll+6J1fdnnpul4RU+OeacarC4VOETvYHUPSCLtAIYY/Wxr68/wF+yw3lp57TB6Nm
wK0q8q2U2UVyz5pFarznU6r2Cve4nUup3QF9VxNGBT56krNeZ+Y7UVqMKdpdkRpm5j/Sq4fVBKNj
IXh0AVNWUkIgA564mlIHaGQzkgzGpN3m+/+XeEcm1pvJg0goe+3CEeGE+lLAaw7e0KfTTC52AuM7gd5WdHtWqtJu9ieQlAKOkOhhb5ZmPtw/IX7rTQUnPhNnowY=
kBhwaXY9Gg8W3CoOLa4x/HBpY3QX8tOwfnll3ZiSPysaY91q2ng0XQbc3NnjVkpQ+rFnTx4coK0+CD7wZt0UEpo87EaBBSKQdp7zHw4xaWMfLA9poww=
