MIL6Kc4pb/G+RQK1HcmwMEkuJm4eOyU/F6eIu0kTN+DtjqZBKqLKICt6OM66vQxRwPDfIUwdrM2U2TwjrmiwXAZxzH4q8L0PQUh7XEDyKzNuHXEPLyAXZaMA
oQFO73qJN0dM+/q7QcsLOJkV9ADVUfEypus+c5GcX/Xcuj1qnzkSXh8uYLZhFqVVh/HhOatUzzVAtrz7gEPlIX6jGQ==
5eRqfw5b3fL3FRWfCrRMawsDb4o2+XrH1bE1UcrlYTEe0N0AXb0SOmg2Nn+gjGJWJnbh9ie+WMQPeb6z/Z1H5iN/ox4=
1SQyorThMDVSi5nbYNAraR4j8dhhXI69Xts7Pm4gNoIEeCOl7H827rn+JG1wSuEex27YBjn2zaQPcWmJA/QXRbj2ZKu4Y80xdqMR
DVohq1iLNQEW9wd3rGtyOB8j8dhhXI69Xts7Pm4gNoIEeCOl7H827rn+JG1wSuEex27YBjn2zaQPcWmJA/QXRbj2ZKu4Y80xdqMR
1oD9g5HCsRuypT2tyyqi2hwj8dhhXI69Xts7Pm4gNoIEeCOl7H827rn+JG1wSuEex27YBjn2zasPcWmJA/QXRbj2ZKu4Y80xdqMR
tGNTwqIj+MMoI1E6nhzRhx4599h9RI+9Xts7Pm4gNoIEeCOl7H827rn+JG1wSuEex27YBjn2zasPcWmJA/QXRbj2ZKu4Y80xdqMR
+h0TGmdTqsDo6kq1r0GHUh8599h9RI+9Xts7Pm4gNoIEeCOl7H827rn+JG1wSuEex27YBjn2zasPcWmJA/QXRbj2ZKu4Y80xdqMR
xYit54wHS4dIQqK47l5c7Rw599h9RI+9Xts7Pm4gNoIEeCOl7H827rn+JG1wSuEex27YBjn2zasPcWmJA/QXRbj2ZKu4Y80xdqMR
Frla6Qq9oJ9Zn6L8SU4jWxAgWMWSm/eGOvBCaljYnw14D8J2NX6o9QS6dbZ7zgRuzaYZE0OxJXFXJCNtZJaYw6xT+Sl6ox0=
378BBOHZ0JPrMWoqioZmoBEgWMWSm/eGOvBCaljYnw14D8J2NX6o9QS6dbZ7zgRuzaYZE0OxJXFXJCNtZJaYw6xT+Sl6ox0=
2zynsnft6zZ56z4EvQ8wPxIgWMWSm/eGOvBCaljYnw14D8J2NX6o9QS6dbZ7zgRuzaYZE0OxJXFXJCNtZJaYw6xT+Sl6ox0=
hJRXiZB1vWYCR5UiuC3X9BMgWMWSm/eGOvBCaljYnw14D8J2NX6o9QS6dbZ7zgRuzaYZE0OxJXFXJCNtZJaYw6xT+Sl6ox0=
CNKsCVlMFlpIHZ0cU4CICRQgWMWSm/eGOvBCaljYnw14D8J2NX6o9QS6dbZ7zgRuzaYZE0OxJXFXJCNtZJaYw6xT+Sl6ox0=
57dlTzzdzrhEsKFQnyCVVRUgWMWSm/eGOvBCaljYnw14D8J2NX6o9QS6dbZ7zgRuzaYZE0OxJXFXJCNtZJaYw6xT+Sl6ox0=
d9+5MgkqtUEFgKpFcC0MhkUPYaPd1bDIaeFdakKL2gt9DMN9WDq54gOpfqZ7zgRuzaYZE0OxJXFXJCNtZJaYw6xT+Sl6ox0=
Q/pMmdTX9UNg05ExxE/hMUUPYaPd1bDIaeVfZEKL2gt9DMN9WDq54gOpfqZ7zgRuzaYZE0OxJXFXJCNtZJaYw6xT+Sl6ox0=
U2Ccz0vim5yQ65dG+MTESFERc8gl73rb7OgTBIOgaT0WlcoBFLYbI2E2Nn+gjGJWKXbh9ie+WMQPeb6z/Z1H5iN/ox4=
ep3sby903YqTMowHr1bSalfdnnpul4RU+OeacarC4VOETvYHUPSCLtkOYY7Xxri8/wF+yw3lp57TB6Nm
J41IqwJ+DIZFJVgISy+BlKr2Cve4nUup3QF9VxNGBT56krNeZ+89UVuNKdxdkRpm5j/Sq4fVBKNj
FK3O9DaZd4qPfkRAtexDgJ02cb0GXJZ0xhk8BsroYKTB5ipEIApb2y41QTePuMcNo2g=
stFPAzBLyMvYqt/y65zTuFfdnnpul4RU+OeacarC4VOETvYHUPSCLtQOYYjWxri8/wF+yw3lp57TB6Nm
96akShpXtJ0un70uleFM+Kr2Cve4nUup3QF9VxNGBT56krNeZ+I9UV2MKdxdkRpm5j/Sq4fVBKNj
kxPGOyYrCId8V8SJ3mAuQ2QzkgzGpN3m+/+XeEcm1pvJg0goe+3CEeGE+lLAaw7e0KfTTC52AuM7gd5WdHtWqtJu9ieQlAKOlO5haJZmONw/IX7rTQUnPhNnowY=
n/6oZuxCpoyV9FfM2tSurHBpY3QX8tOwfnll3ZiSPysaY91q2ng0XQbc3NnjVkpQ+rFnTx4coK0+CD7wZt0UEpo86ECBAiKQcJ7zHw4xaWMfLA9poww=
