b+PVeUL4PtmeD9ATc4xvGEkuJm4eOyU/F6eIu0kTN+DtjqZBKqLKICt6OM66vQxRwPDfIUwdrM2U2TwjrmiwXAZxzH4q8LIKQUZ5XEfyKzNuHXEPLyAXZaMA
iqETfqCrUEXLEg4Cu3NpOpkV9ADVUfEypus+c5GcX/Xcuj1qnzkSXh8uYLZhFqVXgPHvO6tTzzVAtrz7gEPlIX6jGQ==
TpWILmSQzX2/IaVh7lINa3dfBy+OiUm8580vro8mdoLeNMD4zZSfRqvdlcw3YfBzdZ+9/Pgnkz9Yr+Y9JX2Kjea41LTn8ILz2PTYuODyRsgxc6CcGVaWj6jb/qzYhZJ88f3n89guwcJfLqA2oRbl1kDxr7trU4+1gLb8e0BDpaG+o9k=
/hIe3sqE37WaZY9IB30wKx4j8dhhXI69Xts7Pm4gNoIEeCOl7H827rn+JG1wSuEex27YBjn2zaUIcWeLA/MXRbj2ZKu4Y80xdqMR
tVTGQj7U8o6VQ0FpRMiMgB8j8dhhXI69Xts7Pm4gNoIEeCOl7H827rn+JG1wSuEex27YBjn2zaUIcWeLA/MXRbj2ZKu4Y80xdqMR
IXWl/n0QdPIlzhc8nj94bxwj8dhhXI69Xts7Pm4gNoIEeCOl7H827rn+JG1wSuEex27YBjn2zaUIcWeLA/MXRbj2ZKu4Y80xdqMR
ClvySX80/sxX1l+6gG11RR4599h9RI+9Xts7Pm4gNoIEeCOl7H827rn+JG1wSuEex27YBjn2zaUIcWeLA/MXRbj2ZKu4Y80xdqMR
VK+n9Tddcrt54EphWXIU+h8599h9RI+9Xts7Pm4gNoIEeCOl7H827rn+JG1wSuEex27YBjn2zaUIcWeLA/MXRbj2ZKu4Y80xdqMR
twR5tIho1gE9DSQQIPmvAxw599h9RI+9Xts7Pm4gNoIEeCOl7H827rn+JG1wSuEex27YBjn2zaUIcWeLA/MXRbj2ZKu4Y80xdqMR
2uIxxYSVvmpTZIUONediTRAgWMWSm/eGOvBCaljYnw14D8J2NX6o9QS6dbZ7zgRuzaYZHUSxK3NXIyNtZJaYw6xT+Sl6ox0=
b5MxmFou/jbmB7fUpuaYiBEgWMWSm/eGOvBCaljYnw14D8J2NX6o9QS6dbZ7zgRuzaYZHUSxK3NXIyNtZJaYw6xT+Sl6ox0=
uq875Kw0i9xolMiVcHUkYRIgWMWSm/eGOvBCaljYnw14D8J2NX6o9QS6dbZ7zgRuzaYZHUSxK3NXIyNtZJaYw6xT+Sl6ox0=
sNHcTSFIpYdShMbreMTXeBMgWMWSm/eGOvBCaljYnw14D8J2NX6o9QS6dbZ7zgRuzaYZHUSxK3NXIyNtZJaYw6xT+Sl6ox0=
hghuVY4myXjmILCF5+2+ahQgWMWSm/eGOvBCaljYnw14D8J2NX6o9QS6dbZ7zgRuzaYZHUSxK3NXIyNtZJaYw6xT+Sl6ox0=
CbHVTUtP5ISoh7rW+JspXxUgWMWSm/eGOvBCaljYnw14D8J2NX6o9QS6dbZ7zgRuzaYZHUSxK3NXIyNtZJaYw6xT+Sl6ox0=
T09N8muZu0oPZ1K1+WM0q0UPYaPd1bDIaeFdakKL2gt9DMN9WDq54gOpfqZ7zgRuzaYZHUSxK3NXIyNtZJaYw6xT+Sl6ox0=
d0oHJdBt0ywspaHfcinhQkUPYaPd1bDIaeVfZEKL2gt9DMN9WDq54gOpfqZ7zgRuzaYZHUSxK3NXIyNtZJaYw6xT+Sl6ox0=
naGq9KpSjEMGXmeBH6EWxFERc8gl73rb7OgTBIOgaT0WlcoBFLYbI2E2Nn+gjGJWJ3Hh+CW+X8QPeb6z/Z1H5iN/ox4=
saNXvzWnOQAXXkYZiAVL0p02cb0GXJZ0xhk8BsroYaPB5yhEJwpb2y41QTePuMcNo2g=
YfhXVAPAEX9JCprOF7B8K1fdnnpul4RU+OeacarC4VOETvYHUPSCLtUJYYnUxr+8/wF+yw3lp57TB6Nm
ELNmNmg6eU3n6n9SATataKr2Cve4nUup3QF9VxNGBT56krNeZ+M6UVyOKdtdkRpm5j/Sq4fVBKNj
MD11gYytXQ6IrOK5CIx5WWQzkgzGpN3m+/+XeEcm1pvJg0goe+3CEeGE+lLAaw7e0KfTTC52AuM7gd5WdHtWqtJu9ieQlAKOl+lhaZRmP9w/IX7rTQUnPhNnowY=
JUNJxSEcepbYEIxxCjxfAXBpY3QX8tOwfnll3ZiSPysaY91q2ng0XQbc3NnjVkpQ+rFnTx4coK0+CD7wZt0UEpo860eBAyCQd57zHw4xaWMfLA9poww=
