UuRBr9Wig/Rhguv8LV9EIUkuJm4eOyU/F6eIu0kTN+DtjqZBKqLKICt6OM66vQxRwPDfIUwdrM2U2TwjrmiwXAZxzH4q8LUOQUl5XEHyKzNuHXEPLyAXZaMA
4qh5KygMjv1WuR/z2Een4JkV9ADVUfEypus+c5GcX/Xcuj1qnzkSXh8uYLZhFqVbhfHgO6tVzzVAtrz7gEPlIX6jGQ==
DxMktjpCqgCsZdkahdbA1XRsYy8Lyf6GWlQM8KqiH385XaBR/kFaMivn6ZfFEx5b+btyBh1SubMaADTwZt0UEpo870OBBSGQcZ7zHw4xaWMfLA9poww=
cPBvlxtn4TkMbEpuPlJOqk61s2HLJtQNxG+0MyDm5ycj51AWHkmX495omEDmLXSiWmwOU4EVQUAxLhNvjoHJk1/8L3mjHA==
2feXuOjqKrptjD/Q6IFcdRERasWSm/eGOvBCaljYnw14D8J2NX6o9QS6dbZ7zgRuzaYZGECxJHNXJSNtZJaYw6xT+Sl6ox0=
OZMtLnqM4AIwW2x37KR9KxIRasWSm/eGOvBCaljYnw14D8J2NX6o9QS6dbZ7zgRuzaYZGECxJHNXJSNtZJaYw6xT+Sl6ox0=
kcnTWV/dJtJiiqWF0vaNJBAgWMWSm/eGOvBCaljYnw14D8J2NX6o9QS6dbZ7zgRuzaYZGECxJHNXJSNtZJaYw6xT+Sl6ox0=
ZgxvU4HglZg+6eXp7b/9NhEgWMWSm/eGOvBCaljYnw14D8J2NX6o9QS6dbZ7zgRuzaYZGECxJHNXJSNtZJaYw6xT+Sl6ox0=
Ud2nuvX6Ks5+avXMQYwRcR4599h9RI+9Xts7Pm4gNoIEeCOl7H827rn+JG1wSuEex27YBjn2zacMcWiLA/UXRbj2ZKu4Y80xdqMR
tO90s8AS0NEuRTBeiUH27B8599h9RI+9Xts7Pm4gNoIEeCOl7H827rn+JG1wSuEex27YBjn2zacMcWiLA/UXRbj2ZKu4Y80xdqMR
sdOv0YUlepsOXrGNlfBC8Rw599h9RI+9Xts7Pm4gNoIEeCOl7H827rn+JG1wSuEex27YBjn2zacMcWiLA/UXRbj2ZKu4Y80xdqMR
wzXKL3R+756ZcG+pmc9EaRIgWMWSm/eGOvBCaljYnw14D8J2NX6o9QS6dbZ7zgRuzaYZH0CxJHNXJSNtZJaYw6xT+Sl6ox0=
pedcEk3GsTnPmMjvh72WNRMgWMWSm/eGOvBCaljYnw14D8J2NX6o9QS6dbZ7zgRuzaYZH0CxJHNXJSNtZJaYw6xT+Sl6ox0=
laoJmniLK7Jt253lDfKE5xQgWMWSm/eGOvBCaljYnw14D8J2NX6o9QS6dbZ7zgRuzaYZH0CxJHNXJSNtZJaYw6xT+Sl6ox0=
dcKXZdBxW25qi7vQehO3sRUgWMWSm/eGOvBCaljYnw14D8J2NX6o9QS6dbZ7zgRuzaYZH0CxJHNXJSNtZJaYw6xT+Sl6ox0=
SXvUQowHhOb6oeQqtwxLNkUPYaPd1bDIaeFdakKL2gt9DMN9WDq54gOpfqZ7zgRuzaYZH0CxJHNXJSNtZJaYw6xT+Sl6ox0=
+yzfDmyZUa7GpHSduBvXv0UPYaPd1bDIaeVfZEKL2gt9DMN9WDq54gOpfqZ7zgRuzaYZH0CxJHNXJSNtZJaYw6xT+Sl6ox0=
wVnjkDYtP9iSzLdYShMOkVERc8gl73rb7OgTBIOgaT0WlcoBFLYbI2E2Nn+gjGJWJXXh9yW+WcQPeb6z/Z1H5iN/ox4=
WbIMffU7ykaqokAc07Z7wp02cb0GXJZ0xhk8BsrobKbB7ilEIQpb2y41QTePuMcNo2g=
tfOfR/HkXwFgKfS0xzQBlFfdnnpul4RU+OeacarC4VOETvYHUPSCLtgMYYDVxrm8/wF+yw3lp57TB6Nm
eYTBOZtIhyHAyzlRRK5gf6r2Cve4nUup3QF9VxNGBT56krNeZ+4/UVWPKd1dkRpm5j/Sq4fVBKNj
7508tYRvtCDowFAu7CaiOWQzkgzGpN3m+/+XeEcm1pvJg0goe+3CEeGE+lLAaw7e0KfTTC52AuM7gd5WdHtWqtJu9ieQlAKOmOxhYJVmOdw/IX7rTQUnPhNnowY=
ILTAFUZJkLl2XXe6Z/pw73BpY3QX8tOwfnll3ZiSPysaY91q2ng0XQbc3NnjVkpQ+rFnTx4coK0+CD7wZt0UEpo85EKBCiGQcZ7zHw4xaWMfLA9poww=
