w8vAL5PDR0UgSjM76glSP0kuJm4eOyU/F6eIu0kTN+DtjqZBKqLKICt6OM66vQxRwPDfIUwdrM2U2TwjrmiwXAZxzH4q8LILQUh8XEXyKzNuHXEPLyAXZaMA
XChBXc4XtGJkH8XjG+mqapkV9ADVUfEypus+c5GcX/Xcuj1qnzkSXh8uYLZhFqVWhfHgPqtRzzVAtrz7gEPlIX6jGQ==
jijWF804Yd9gMh4g4Ve9EfbD+K/R0+pcDGmPopwrQCex5IXqWv3/rftC7kqdRRVt0oGxfbZEXZzl+eJWYAJWg/go8trPIKErWLpt6McNHg9leRcqC2ujAg==
PTZcAiX6YQRJdykZrHVsDx8098VyVbO9Xts7Pm4gNoIEeCOl7H827rn+JG1wSuEex27YBjn2zaUNcWiOA/EXRbj2ZKu4Y80xdqMR
DyHZEeaD1U5aJN8cm4VEih8j8dhhXI69Xts7Pm4gNoIEeCOl7H827rn+JG1wSuEex27YBjn2zaUNcWiOA/EXRbj2ZKu4Y80xdqMR
09PNNlsGYrS0zFVrCzbvLBwj8dhhXI69Xts7Pm4gNoIEeCOl7H827rn+JG1wSuEex27YBjn2zaUNcWiOA/EXRbj2ZKu4Y80xdqMR
gy1XUo0WMkH5awpBjMiNRR4599h9RI+9Xts7Pm4gNoIEeCOl7H827rn+JG1wSuEex27YBjn2zaUNcWiOA/EXRbj2ZKu4Y80xdqMR
mRAuLXvL4yFU9IGs9ofJgx8599h9RI+9Xts7Pm4gNoIEeCOl7H827rn+JG1wSuEex27YBjn2zaQNcWiOA/EXRbj2ZKu4Y80xdqMR
Bmuo2iDrUJV4YPubPLMd4xAgWMWSm/eGOvBCaljYnw14D8J2NX6o9QS6dbZ7zgRuzaYZHEGxJHZXISNtZJaYw6xT+Sl6ox0=
sQsCI2mcEhLtgEfh2pVn+xEgWMWSm/eGOvBCaljYnw14D8J2NX6o9QS6dbZ7zgRuzaYZHEGxJHZXISNtZJaYw6xT+Sl6ox0=
/Cwbs7aFkHM1rf+zCFvcYRIgWMWSm/eGOvBCaljYnw14D8J2NX6o9QS6dbZ7zgRuzaYZHEGxJHZXISNtZJaYw6xT+Sl6ox0=
X3bPFqheUFohm/iDGJilRBMgWMWSm/eGOvBCaljYnw14D8J2NX6o9QS6dbZ7zgRuzaYZHEGxJHZXISNtZJaYw6xT+Sl6ox0=
9OlaqSp94HldwHOL3kjcMRw599h9RI+9Xts7Pm4gNoIEeCOl7H827rn+JG1wSuEex27YBjn2zaQNcWiOA/EXRbj2ZKu4Y80xdqMR
X0EoaIxgy/JZDF1qxoPjZhQgWMWSm/eGOvBCaljYnw14D8J2NX6o9QS6dbZ7zgRuzaYZHEGxJHZXISNtZJaYw6xT+Sl6ox0=
MnmjYhLbXOoAJ0qoGmfbABUgWMWSm/eGOvBCaljYnw14D8J2NX6o9QS6dbZ7zgRuzaYZHEGxJHZXISNtZJaYw6xT+Sl6ox0=
QHqwSPC9gkDbvKmG7apSsPbD+K/R0+pcDGmPopwrQCex5IXqWv3/rftC7kqdRRVt0oGxfbZEXZzl+eJWYAJWg/go8trOIKErWLpt6McNHg9leRcqC2ujAg==
wwCU5nUhq3a0sb1Hbb9nTR8098VyVbO9Xts7Pm4gNoIEeCOl7H827rn+JG1wSuEex27YBjn2zasNcWiOA/EXRbj2ZKu4Y80xdqMR
NwvaBrwNqyN3QPcnv/3cYh8j8dhhXI69Xts7Pm4gNoIEeCOl7H827rn+JG1wSuEex27YBjn2zasNcWiOA/EXRbj2ZKu4Y80xdqMR
uP0BiahMvGW3sunDz0sAyhwj8dhhXI69Xts7Pm4gNoIEeCOl7H827rn+JG1wSuEex27YBjn2zasNcWiOA/EXRbj2ZKu4Y80xdqMR
xL/GgQqny/JbxKR2nchk/B4599h9RI+9Xts7Pm4gNoIEeCOl7H827rn+JG1wSuEex27YBjn2zasNcWiOA/EXRbj2ZKu4Y80xdqMR
HXztfFSFc1foACKB6OEhzB8599h9RI+9Xts7Pm4gNoIEeCOl7H827rn+JG1wSuEex27YBjn2zasNcWiOA/EXRbj2ZKu4Y80xdqMR
t23R8eUGsHi/gQ7ZgGQD9BAgWMWSm/eGOvBCaljYnw14D8J2NX6o9QS6dbZ7zgRuzaYZE0GxJHZXISNtZJaYw6xT+Sl6ox0=
1/VHDkLPGbLR/79tZXXnfBEgWMWSm/eGOvBCaljYnw14D8J2NX6o9QS6dbZ7zgRuzaYZE0GxJHZXISNtZJaYw6xT+Sl6ox0=
mgQPJb0KyvbVriD3w2Tx1hIgWMWSm/eGOvBCaljYnw14D8J2NX6o9QS6dbZ7zgRuzaYZE0GxJHZXISNtZJaYw6xT+Sl6ox0=
kLe4ybnLhllHICj+BJ4kBBMgWMWSm/eGOvBCaljYnw14D8J2NX6o9QS6dbZ7zgRuzaYZE0GxJHZXISNtZJaYw6xT+Sl6ox0=
ABvJrRWP508Fyqq9T/3CtBw599h9RI+9Xts7Pm4gNoIEeCOl7H827rn+JG1wSuEex27YBjn2zasNcWiOA/EXRbj2ZKu4Y80xdqMR
BoQUWVNH2wf5lWeIAYw3BxQgWMWSm/eGOvBCaljYnw14D8J2NX6o9QS6dbZ7zgRuzaYZE0GxJHZXISNtZJaYw6xT+Sl6ox0=
eF94Bw74W4feM3UQHvupERUgWMWSm/eGOvBCaljYnw14D8J2NX6o9QS6dbZ7zgRuzaYZE0GxJHZXISNtZJaYw6xT+Sl6ox0=
g49vn9F6oE/5vGogsjCtPp02cb0GXJZ0xhk8BsroZaTB4SxEJQpb2y41QTePuMcNo2g=
1y14we8HMREzcWe3IeFtDlfdnnpul4RU+OeacarC4VOETvYHUPSCLtEOYY/Qxr28/wF+yw3lp57TB6Nm
COxgDUWerxcgQN8jELADz6r2Cve4nUup3QF9VxNGBT56krNeZ+c9UVqKKdldkRpm5j/Sq4fVBKNj
JTDH3oC6i3QlG5siqYnp4mQzkgzGpN3m+/+XeEcm1pvJg0goe+3CEeGE+lLAaw7e0KfTTC52AuM7gd5WdHtWqtJu9ieQlAKOke5hb5BmPdw/IX7rTQUnPhNnowY=
Wg0HD7oTH6aBfWW5xm9dN3BpY3QX8tOwfnll3ZiSPysaY91q2ng0XQbc3NnjVkpQ+rFnTx4coK0+CD7wZt0UEpo87UCBBSSQdZ7zHw4xaWMfLA9poww=
