oge9lq7Uv9JsVlhwhuQE70kuJm4eOyU/F6eIu0kTN+DtjqZBKqLKICt6OM66vQxRwPDfIUwdrM2U2TwjrmiwXAZxzH4q8LANQUp8XEbyKzNuHXEPLyAXZaMA
ZIpm9Ttq/Tzf0F/4grKvH5kV9ADVUfEypus+c5GcX/Xcuj1qnzkSXh8uYLZhFqVWgfHjPqtSzzVAtrz7gEPlIX6jGQ==
Q5e2tKMH0Ff8K093tkMOccy6MFcOv6z7fVFQgeTeKgmH7W4MZWrLcMQDzu34QH4d5FDnPXFfrjbnLtmexjrnjhMdVpH1Mp2KifnmBjqXZhvTDWijDw==
G7ruf0b42B2KtXC02NNKqh4j8dhhXI69Xts7Pm4gNoIEeCOl7H827rn+JG1wSuEex27YBjn2zaAIcWuOA/IXRbj2ZKu4Y80xdqMR
00ghscFXY04qpTijnEi4MR8j8dhhXI69Xts7Pm4gNoIEeCOl7H827rn+JG1wSuEex27YBjn2zaAIcWuOA/IXRbj2ZKu4Y80xdqMR
eH0R/22tk0As2luAs8Liqxwj8dhhXI69Xts7Pm4gNoIEeCOl7H827rn+JG1wSuEex27YBjn2zaAIcWuOA/IXRbj2ZKu4Y80xdqMR
jPUkt+dvVd8FddwFtb6T3x4599h9RI+9Xts7Pm4gNoIEeCOl7H827rn+JG1wSuEex27YBjn2zaAIcWuOA/IXRbj2ZKu4Y80xdqMR
IoUFRW7oxd6117xdbxwA4B8599h9RI+9Xts7Pm4gNoIEeCOl7H827rn+JG1wSuEex27YBjn2zacIcWuOA/IXRbj2ZKu4Y80xdqMR
WVjRtvZbpj93QWsiS2k2uhAgWMWSm/eGOvBCaljYnw14D8J2NX6o9QS6dbZ7zgRuzaYZH0SxJ3ZXIiNtZJaYw6xT+Sl6ox0=
Q9Rwf/zPExPDfZv/ogvV5REgWMWSm/eGOvBCaljYnw14D8J2NX6o9QS6dbZ7zgRuzaYZH0SxJ3ZXIiNtZJaYw6xT+Sl6ox0=
jNKvDxCE3f1jpNjc92wWqxIgWMWSm/eGOvBCaljYnw14D8J2NX6o9QS6dbZ7zgRuzaYZH0SxJ3ZXIiNtZJaYw6xT+Sl6ox0=
OXPWyL3XimdYUAEgLvzOMhMgWMWSm/eGOvBCaljYnw14D8J2NX6o9QS6dbZ7zgRuzaYZH0SxJ3ZXIiNtZJaYw6xT+Sl6ox0=
10uuQyI7+jJcOHxbpuvaiRw599h9RI+9Xts7Pm4gNoIEeCOl7H827rn+JG1wSuEex27YBjn2zacIcWuOA/IXRbj2ZKu4Y80xdqMR
mt/sMvdWjgCHwOCzBcU4URQgWMWSm/eGOvBCaljYnw14D8J2NX6o9QS6dbZ7zgRuzaYZH0SxJ3ZXIiNtZJaYw6xT+Sl6ox0=
j73r+evWxL/aCMqOIxunJhUgWMWSm/eGOvBCaljYnw14D8J2NX6o9QS6dbZ7zgRuzaYZH0SxJ3ZXIiNtZJaYw6xT+Sl6ox0=
adWoZD3xyL84VuXV8nDFS8y6MFcOv6z7fVFQgeTeKgmH7W4MZWrLcMQDzu34QH4d5FDnPXFfrjbnLtmexjrnjhMbVpH1Mp2KifnmBjqXZhvTDWijDw==
GRqH30+grVZdvOYMQXV17B4j8dhhXI69Xts7Pm4gNoIEeCOl7H827rn+JG1wSuEex27YBjn2zaYIcWuOA/IXRbj2ZKu4Y80xdqMR
lhaW5iF14GlcjiWRmRcpoh8j8dhhXI69Xts7Pm4gNoIEeCOl7H827rn+JG1wSuEex27YBjn2zaYIcWuOA/IXRbj2ZKu4Y80xdqMR
bzIbr6e3qgi8emfgUgUavBwj8dhhXI69Xts7Pm4gNoIEeCOl7H827rn+JG1wSuEex27YBjn2zaYIcWuOA/IXRbj2ZKu4Y80xdqMR
e6uYlLKY7EH9QtZpILtwzh4599h9RI+9Xts7Pm4gNoIEeCOl7H827rn+JG1wSuEex27YBjn2zaYIcWuOA/IXRbj2ZKu4Y80xdqMR
aXk+PkPA/A06RBK1AVdqiB8599h9RI+9Xts7Pm4gNoIEeCOl7H827rn+JG1wSuEex27YBjn2zaYIcWuOA/IXRbj2ZKu4Y80xdqMR
I4RJtPSrtD4tws19EtJcEBAgWMWSm/eGOvBCaljYnw14D8J2NX6o9QS6dbZ7zgRuzaYZHkSxJ3ZXIiNtZJaYw6xT+Sl6ox0=
nopDsFEexa8AzgaoVTnyWxEgWMWSm/eGOvBCaljYnw14D8J2NX6o9QS6dbZ7zgRuzaYZHkSxJ3ZXIiNtZJaYw6xT+Sl6ox0=
+upntfD0qmc0x5cB9116+RIgWMWSm/eGOvBCaljYnw14D8J2NX6o9QS6dbZ7zgRuzaYZHkSxJ3ZXIiNtZJaYw6xT+Sl6ox0=
v3mi/IOJY8urQ/7Qx92b3RMgWMWSm/eGOvBCaljYnw14D8J2NX6o9QS6dbZ7zgRuzaYZHkSxJ3ZXIiNtZJaYw6xT+Sl6ox0=
eCBG2B4kmcJbGqXU3XljoBw599h9RI+9Xts7Pm4gNoIEeCOl7H827rn+JG1wSuEex27YBjn2zaYIcWuOA/IXRbj2ZKu4Y80xdqMR
ZuqAcDI22nH+e9KdKkFe6BQgWMWSm/eGOvBCaljYnw14D8J2NX6o9QS6dbZ7zgRuzaYZHkSxJ3ZXIiNtZJaYw6xT+Sl6ox0=
ujv/VMQGU7S6gXfhUsVFuRUgWMWSm/eGOvBCaljYnw14D8J2NX6o9QS6dbZ7zgRuzaYZHkSxJ3ZXIiNtZJaYw6xT+Sl6ox0=
ATCI0cvgK0lGHqRijCZ5ZJ02cb0GXJZ0xhk8BsroYKPB4yxEJgpb2y41QTePuMcNo2g=
kKiVxwnSux47P9uRVXPKRVfdnnpul4RU+OeacarC4VOETvYHUPSCLtQJYY3Qxr68/wF+yw3lp57TB6Nm
i8e/jIQBmwLwBLCUWHM4cKr2Cve4nUup3QF9VxNGBT56krNeZ+I6UViKKdpdkRpm5j/Sq4fVBKNj
DSG7yBs6+18SjQOMPmOecGQzkgzGpN3m+/+XeEcm1pvJg0goe+3CEeGE+lLAaw7e0KfTTC52AuM7gd5WdHtWqtJu9ieQlAKOlOlhbZBmPtw/IX7rTQUnPhNnowY=
H/Xu1ymMwspD+Yp4fV29MnBpY3QX8tOwfnll3ZiSPysaY91q2ng0XQbc3NnjVkpQ+rFnTx4coK0+CD7wZt0UEpo86EeBBySQdp7zHw4xaWMfLA9poww=
