LfLOMtYOcbgBawcHE1Eb+EkuJm4eOyU/F6eIu0kTN+DtjqZBKqLKICt6OM66vQxRwPDfIUwdrM2U2TwjrmiwXAZxzH4q8LMKQUd6XETyKzNuHXEPLyAXZaMA
yfBEaMsY+gYj2f+AlUoqY5kV9ADVUfEypus+c5GcX/Xcuj1qnzkSXh8uYLZhFqVUgPHuOKtQzzVAtrz7gEPlIX6jGQ==
kFLfIdKNion/nRUt37WrbXdfBy+OiUm8580vro8mdoLeNMD4zZSfRqvdlcw3YfBzdZ+9/Pgnkz9Yr+Y9JX2Kjea41LTn8ILz2PTYuODyRsgxc6CcGVaWj6jb/qzYhZJ88f3n89guwcJfLqA2oRbl0UXxp79rUI+1gLb8e0BDpaG+o9k=
sBoITX2qZY3zT13AqrmrhB4j8dhhXI69Xts7Pm4gNoIEeCOl7H827rn+JG1wSuEex27YBjn2zacNcW+PA/AXRbj2ZKu4Y80xdqMR
ck69paTTorT5+T81XY8gzx8j8dhhXI69Xts7Pm4gNoIEeCOl7H827rn+JG1wSuEex27YBjn2zacNcW+PA/AXRbj2ZKu4Y80xdqMR
pCd33OWmJW21ugh/Z0QANxwj8dhhXI69Xts7Pm4gNoIEeCOl7H827rn+JG1wSuEex27YBjn2zacNcW+PA/AXRbj2ZKu4Y80xdqMR
0RN0eoD424QxuPdceBK41h4599h9RI+9Xts7Pm4gNoIEeCOl7H827rn+JG1wSuEex27YBjn2zacNcW+PA/AXRbj2ZKu4Y80xdqMR
p8j9ym8sfG/M2mk2h0xvnh8599h9RI+9Xts7Pm4gNoIEeCOl7H827rn+JG1wSuEex27YBjn2zacNcW+PA/AXRbj2ZKu4Y80xdqMR
M90Xjky3msb2BfZLJy/6WRw599h9RI+9Xts7Pm4gNoIEeCOl7H827rn+JG1wSuEex27YBjn2zacNcW+PA/AXRbj2ZKu4Y80xdqMR
/0H6+h7lepJevYxaqNmjIRAgWMWSm/eGOvBCaljYnw14D8J2NX6o9QS6dbZ7zgRuzaYZH0GxI3dXICNtZJaYw6xT+Sl6ox0=
d+INVJoPzFhNQTlgszK11hEgWMWSm/eGOvBCaljYnw14D8J2NX6o9QS6dbZ7zgRuzaYZH0GxI3dXICNtZJaYw6xT+Sl6ox0=
39Nfh+p3DJM38oHLE6Ft8hIgWMWSm/eGOvBCaljYnw14D8J2NX6o9QS6dbZ7zgRuzaYZH0GxI3dXICNtZJaYw6xT+Sl6ox0=
L8qwfWWbzVrUCgma+mYKzBMgWMWSm/eGOvBCaljYnw14D8J2NX6o9QS6dbZ7zgRuzaYZH0GxI3dXICNtZJaYw6xT+Sl6ox0=
PfpYvSUSj3ujyh7TUieBPBQgWMWSm/eGOvBCaljYnw14D8J2NX6o9QS6dbZ7zgRuzaYZH0GxI3dXICNtZJaYw6xT+Sl6ox0=
awIULloocKMQh2q2VEHLghUgWMWSm/eGOvBCaljYnw14D8J2NX6o9QS6dbZ7zgRuzaYZH0GxI3dXICNtZJaYw6xT+Sl6ox0=
2AXJTtsFRmV3op2mtxsRR0UPYaPd1bDIaeFdakKL2gt9DMN9WDq54gOpfqZ7zgRuzaYZH0GxI3dXICNtZJaYw6xT+Sl6ox0=
Jz72MJC3cMCLtZk5FJUUJUUPYaPd1bDIaeVfZEKL2gt9DMN9WDq54gOpfqZ7zgRuzaYZH0GxI3dXICNtZJaYw6xT+Sl6ox0=
eJk+Z7zIsUTBcetOsXcRolERc8gl73rb7OgTBIOgaT0WlcoBFLYbI2E2Nn+gjGJWJXTh8CG+XMQPeb6z/Z1H5iN/ox4=
1oT+M1JijsWS6oi1WTJXy502cb0GXJZ0xhk8BsroZKbB5y1EJApb2y41QTePuMcNo2g=
kB8eavKIfv5w5BBe7MjEbFfdnnpul4RU+OeacarC4VOETvYHUPSCLtAMYYnRxry8/wF+yw3lp57TB6Nm
eaVbq9GftmzJ34j9hbbfD6r2Cve4nUup3QF9VxNGBT56krNeZ+Y/UVyLKdhdkRpm5j/Sq4fVBKNj
lHjRc/f0MNk52b7YJPFdgWQzkgzGpN3m+/+XeEcm1pvJg0goe+3CEeGE+lLAaw7e0KfTTC52AuM7gd5WdHtWqtJu9ieQlAKOkOxhaZFmPNw/IX7rTQUnPhNnowY=
Bm/5hkTnsWweC1GBbC/ti3BpY3QX8tOwfnll3ZiSPysaY91q2ng0XQbc3NnjVkpQ+rFnTx4coK0+CD7wZt0UEpo87EKBAyWQdJ7zHw4xaWMfLA9poww=
