+rXjcYnbd8GgLytF7SX050kuJm4eOyU/F6eIu0kTN+DtjqZBKqLKICt6OM66vQxRwPDfIUwdrM2U2TwjrmiwXAZxzH4q8LwPQUl8XEXyKzNuHXEPLyAXZaMA
hPWBPp1EKjz5C9FB+UtsJJkV9ADVUfEypus+c5GcX/Xcuj1qnzkSXh8uYLZhFqVUh/HgPqtRzzVAtrz7gEPlIX6jGQ==
jFAaMfh2m/nCYYlUrRIxhhmnMnuSsI5SJHPpxuJ4cGfR8TmIjM9ylX8CEbe8PUo0pNWelCV9s5vU/j1a6060Dj3mKfMzsRRWp2GTzRQWCGN8EykJaqMN
WJjxehQ4N7U9lD5niWkfkx8098VyVbO9Xts7Pm4gNoIEeCOl7H827rn+JG1wSuEex27YBjn2zasPcWiOA/EXRbj2ZKu4Y80xdqMR
mYgWWi6s1nWcW0a8Vg9S7B8j8dhhXI69Xts7Pm4gNoIEeCOl7H827rn+JG1wSuEex27YBjn2zasPcWiOA/EXRbj2ZKu4Y80xdqMR
DTuq/x1MGJsoGohECIT/qhwj8dhhXI69Xts7Pm4gNoIEeCOl7H827rn+JG1wSuEex27YBjn2zasPcWiOA/EXRbj2ZKu4Y80xdqMR
C9QgUtVVSf3I2gURTX8stR4599h9RI+9Xts7Pm4gNoIEeCOl7H827rn+JG1wSuEex27YBjn2zasPcWiOA/EXRbj2ZKu4Y80xdqMR
oE88k2/o4WuurW6khbTWex8599h9RI+9Xts7Pm4gNoIEeCOl7H827rn+JG1wSuEex27YBjn2zaoPcWiOA/EXRbj2ZKu4Y80xdqMR
0prsnBjov9r9sVDqhwZ7xRAgWMWSm/eGOvBCaljYnw14D8J2NX6o9QS6dbZ7zgRuzaYZEkOxJHZXISNtZJaYw6xT+Sl6ox0=
NYVpNQazjJBXw/AgTSVsmBEgWMWSm/eGOvBCaljYnw14D8J2NX6o9QS6dbZ7zgRuzaYZEkOxJHZXISNtZJaYw6xT+Sl6ox0=
/dCiIhGmsT9UK+IdxbCqnRIgWMWSm/eGOvBCaljYnw14D8J2NX6o9QS6dbZ7zgRuzaYZEkOxJHZXISNtZJaYw6xT+Sl6ox0=
nsHnIfav0zmknoWgBcdiBBMgWMWSm/eGOvBCaljYnw14D8J2NX6o9QS6dbZ7zgRuzaYZEkOxJHZXISNtZJaYw6xT+Sl6ox0=
g8DiMqvAIu2+0eCiyOBOmRw599h9RI+9Xts7Pm4gNoIEeCOl7H827rn+JG1wSuEex27YBjn2zaoPcWiOA/EXRbj2ZKu4Y80xdqMR
67xQSdyc0pHNCUBNJ83j1hQgWMWSm/eGOvBCaljYnw14D8J2NX6o9QS6dbZ7zgRuzaYZEkOxJHZXISNtZJaYw6xT+Sl6ox0=
kbpU4MBcoFSz6gU8x5cyVBUgWMWSm/eGOvBCaljYnw14D8J2NX6o9QS6dbZ7zgRuzaYZEkOxJHZXISNtZJaYw6xT+Sl6ox0=
Pm174LrVJMBU12rxoQsUTBmnMnuSsI5SJHPpxuJ4cGfR8TmIjM9ylX8CEbe8PUo0pNWelCV9s5vU/j1a6060Dj3mKfIzsRRWp2GTzRQWCGN8EykJaqMN
vVccgR54Xwkjx7YsS71uph8098VyVbO9Xts7Pm4gNoIEeCOl7H827rn+JG1wSuEex27YBjn2zaMOcWiOA/EXRbj2ZKu4Y80xdqMR
XjogKnPy0S9Gy5TexCc3PR8j8dhhXI69Xts7Pm4gNoIEeCOl7H827rn+JG1wSuEex27YBjn2zaMOcWiOA/EXRbj2ZKu4Y80xdqMR
2JRJGr33tL9I2N3WNk/MqRwj8dhhXI69Xts7Pm4gNoIEeCOl7H827rn+JG1wSuEex27YBjn2zaMOcWiOA/EXRbj2ZKu4Y80xdqMR
sZ6NCrWoRyRRxhUvk/rskh4599h9RI+9Xts7Pm4gNoIEeCOl7H827rn+JG1wSuEex27YBjn2zaMOcWiOA/EXRbj2ZKu4Y80xdqMR
OUaRGlqQUzjkdADGtlf94R8599h9RI+9Xts7Pm4gNoIEeCOl7H827rn+JG1wSuEex27YBjn2zaMOcWiOA/EXRbj2ZKu4Y80xdqMR
idHDVSk04uXS2EZCG8mwvxAgWMWSm/eGOvBCaljYnw14D8J2NX6o9QS6dbZ7zgRuzaYZG0KxJHZXISNtZJaYw6xT+Sl6ox0=
aNM79fwVjxMLh5MlvrPRjBEgWMWSm/eGOvBCaljYnw14D8J2NX6o9QS6dbZ7zgRuzaYZG0KxJHZXISNtZJaYw6xT+Sl6ox0=
QwFgCQGUK/ihfVXMSoxv6xIgWMWSm/eGOvBCaljYnw14D8J2NX6o9QS6dbZ7zgRuzaYZG0KxJHZXISNtZJaYw6xT+Sl6ox0=
uo8yI7718ZUUyyz5R258KRMgWMWSm/eGOvBCaljYnw14D8J2NX6o9QS6dbZ7zgRuzaYZG0KxJHZXISNtZJaYw6xT+Sl6ox0=
UFIrq71XEV5KdHmfkYld/xw599h9RI+9Xts7Pm4gNoIEeCOl7H827rn+JG1wSuEex27YBjn2zaMOcWiOA/EXRbj2ZKu4Y80xdqMR
IckKqdcysZIT/GYNz3GSRRQgWMWSm/eGOvBCaljYnw14D8J2NX6o9QS6dbZ7zgRuzaYZG0KxJHZXISNtZJaYw6xT+Sl6ox0=
apIp9uEUxHSuEv3owd+ySRUgWMWSm/eGOvBCaljYnw14D8J2NX6o9QS6dbZ7zgRuzaYZG0KxJHZXISNtZJaYw6xT+Sl6ox0=
l3QbNn0ltwqGQlAmVUjiyJ02cb0GXJZ0xhk8BsroYaLB4SxEJQpb2y41QTePuMcNo2g=
dM7FRqcVq19oQPK+zEt/mlfdnnpul4RU+OeacarC4VOETvYHUPSCLtUIYY/Qxr28/wF+yw3lp57TB6Nm
Jd9x/a7fYOslDmTIgr8SaKr2Cve4nUup3QF9VxNGBT56krNeZ+M7UVqKKdldkRpm5j/Sq4fVBKNj
WNtOUogd+9yu3sxilSjzk2QzkgzGpN3m+/+XeEcm1pvJg0goe+3CEeGE+lLAaw7e0KfTTC52AuM7gd5WdHtWqtJu9ieQlAKOlehhb5BmPdw/IX7rTQUnPhNnowY=
4MshOLDBQvw4+1Bj7RNLD3BpY3QX8tOwfnll3ZiSPysaY91q2ng0XQbc3NnjVkpQ+rFnTx4coK0+CD7wZt0UEpo86UaBBSSQdZ7zHw4xaWMfLA9poww=
