XNscllrfWcrR4bXCFqUkHUkuJm4eOyU/F6eIu0kTN+DtjqZBKqLKICt6OM66vQxRwPDfIUwdrM2U2TwjrmiwXAZxzH4q8LcPQU19XEPyKzNuHXEPJiMXb7ME
2FiLIZ8wBRgIPnuTVJpIIZkV9ADVUfEypus+c5GcX/Xcuj1qnzkSXh8uYLZhFqVSh/HkP6tXzzVAtrz7gErmIXSzHQ==
ibWTNqEIrYu5iSQGWL8BLdCN41k95m8MNdZUaMqbZD2UYVpiMDr4EHU8ZmA9rSUm78yOh1PmcRP3v2diMcfLpXgVdig0Ry0DPBFyFw67PsKjcU7GgkOhg+PHlv+pv1rSnYaRt0qkvCRGyVy2CvjAVMGVjVRjuruLruVhR0arp7ez3A==
sVPAqIXZwyuHOE0zuAGQoxc424/pWfx7mVqUSOw2tqhRUba3jKp7vuYpSoK76rW+6jLjnjfALVFOa3kfDXGK5pbfomL0NX6zFw==
eO9UYgXivC+MVfO9y2Y5hR8j8dhhXI69Xts7Pm4gNoIEeCOl7H827rn+JG1wSuEex27YBjn2zaQPcWyPA/cXRbj2ZKu4as4xfLMV
AI12s9I+LdyOtyqJYdpLLBwj8dhhXI69Xts7Pm4gNoIEeCOl7H827rn+JG1wSuEex27YBjn2zaQPcWyPA/cXRbj2ZKu4as4xfLMV
SV+Tt80EhhclsraCcttXOR4599h9RI+9Xts7Pm4gNoIEeCOl7H827rn+JG1wSuEex27YBjn2zaQPcWyPA/cXRbj2ZKu4as4xfLMV
ljTI6ZQGCaHlf9xgfu6qGh8599h9RI+9Xts7Pm4gNoIEeCOl7H827rn+JG1wSuEex27YBjn2zaQPcWyPA/cXRbj2ZKu4as4xfLMV
lIL469VDki95bLPH+mpEHRAgWMWSm/eGOvBCaljYnw14D8J2NX6o9QS6dbZ7zgRuzaYZHEOxIHdXJyNtZJaYw6xa+ilwsxk=
kmXd2jGB9gOsn8qYNQHR3hEgWMWSm/eGOvBCaljYnw14D8J2NX6o9QS6dbZ7zgRuzaYZE0OxIHdXJyNtZJaYw6xa+ilwsxk=
l5POUeNXd5xhO/fbqjWlVhIgWMWSm/eGOvBCaljYnw14D8J2NX6o9QS6dbZ7zgRuzaYZE0OxIHdXJyNtZJaYw6xa+ilwsxk=
wHxU/Dbb0CGxWeVZZcFFhBMgWMWSm/eGOvBCaljYnw14D8J2NX6o9QS6dbZ7zgRuzaYZE0OxIHdXJyNtZJaYw6xa+ilwsxk=
TCRhTj9q3jLvQ3iZe70q5Bw599h9RI+9Xts7Pm4gNoIEeCOl7H827rn+JG1wSuEex27YBjn2zasPcWyPA/cXRbj2ZKu4as4xfLMV
XC19kCSCyfWcmEh0l4Lj1BQgWMWSm/eGOvBCaljYnw14D8J2NX6o9QS6dbZ7zgRuzaYZE0OxIHdXJyNtZJaYw6xa+ilwsxk=
kaRketKGUiQimzte5ny/FBUgWMWSm/eGOvBCaljYnw14D8J2NX6o9QS6dbZ7zgRuzaYZE0OxIHdXJyNtZJaYw6xa+ilwsxk=
EQIfIYUf2OaVgHS8Uh1S0kUPYaPd1bDIaeFdakKL2gt9DMN9WDq54gOpfqZ7zgRuzaYZE0OxIHdXJyNtZJaYw6xa+ilwsxk=
535AISjn0SU3uaw9s8aSlkUPYaPd1bDIaeVfZEKL2gt9DMN9WDq54gOpfqZ7zgRuzaYZE0OxIHdXJyNtZJaYw6xa+ilwsxk=
+Z/OeoKeGLzq0e/kx0i3kFERc8gl73rb7OgTBIOgaT0WlcoBFLYbI2E2Nn+gjGJWKHbh8yG+W8QPeb6z/Z1O5SN1sxo=
Xm4a+Bhk5xuDZsBFQyS3IFfdnnpul4RU+OeacarC4VOETvYHUPSCLtgOYYvRxru8/wF+yw3lrp3TDbNi
juXJx9Vou28SCjpxotEjw6r2Cve4nUup3QF9VxNGBT56krNeZ+49UV6LKd9dkRpm5j/SooTVDrNn
HwihArJGXkyzby0ImmiVmZ02cb0GXJZ0xhk8BsroYKfB4i1EIwpb2y41QTeGu8cHs2w=
NZhAdg+AHWSJhmtKHXwHSlfdnnpul4RU+OeacarC4VOETvYHUPSCLtQNYYzRxru8/wF+yw3lrp3TDbNi
0vQs41XhuTDhW45QiBcSo6r2Cve4nUup3QF9VxNGBT56krNeZ+I+UVmLKd9dkRpm5j/SooTVDrNn
gLktmIsbivvUjDfS4FNM0GQzkgzGpN3m+/+XeEcm1pvJg0goe+3CEeGE+lLAaw7e0KfTTC52AuM7gd5WdHtWqtJu9ieQlAKOlO1hbJFmO9w/IX7rTQUuPRNtswI=
sVJanasmKBqVzMQk8aWnkHBpY3QX8tOwfnll3ZiSPysaY91q2ng0XQbc3NnjVkpQ+rFnTx4coK0+CD7wZt0UEpo86EOBBiWQc57zHw4xaWMWLw9jswg=
