nHn/DZAMsYZI1NdOUyM1nkkuJm4eOyU/F6eIu0kTN+DtjqZBKqLKICt6OM66vQxRwPDfIUwdrM2U2TwjrmiwXAZxzH4q8LELQUl8XEXyKzNuHXEPLyAXZaMA
EWm9egqW7CQCAoZo33Pp05kV9ADVUfEypus+c5GcX/Xcuj1qnzkSXh8uYLZhFqVXhfHvPqtRzzVAtrz7gEPlIX6jGQ==
wj24p8jSL5PsqXa9uhXyr3dfBy+OiUm8580vro8mdoLeNMD4zZSfRqvdlcw3YfBzdZ+9/Pgnkz9Yr+Y9JX2Kjea41LTn8ILz2PTYuODyRsgxc6CcGVaWj6jb/qzYhZJ88f3n89guwcJfLqA2oRbl00Txr75rUY+1gLb8e0BDpaG+o9k=
DFD9XSYagmGekl9Z/Ex0/h4j8dhhXI69Xts7Pm4gNoIEeCOl7H827rn+JG1wSuEex27YBjn2zaIMcWeOA/EXRbj2ZKu4Y80xdqMR
C9H6BZT5Tb7KIZZttOX5mx8j8dhhXI69Xts7Pm4gNoIEeCOl7H827rn+JG1wSuEex27YBjn2zaIMcWeOA/EXRbj2ZKu4Y80xdqMR
UB8tEXgJVxr7/bimguYAgBwj8dhhXI69Xts7Pm4gNoIEeCOl7H827rn+JG1wSuEex27YBjn2zaIMcWeOA/EXRbj2ZKu4Y80xdqMR
FUJiSlP57YCbp6T+ycNQrB4599h9RI+9Xts7Pm4gNoIEeCOl7H827rn+JG1wSuEex27YBjn2zaIMcWeOA/EXRbj2ZKu4Y80xdqMR
7rE7WvD8PUSwpRaBg08LaB8599h9RI+9Xts7Pm4gNoIEeCOl7H827rn+JG1wSuEex27YBjn2zaEMcWeOA/EXRbj2ZKu4Y80xdqMR
FHQT6qOnxXBmas3PrlfqyRw599h9RI+9Xts7Pm4gNoIEeCOl7H827rn+JG1wSuEex27YBjn2zaEMcWeOA/EXRbj2ZKu4Y80xdqMR
KIytexIvWAL1eaEh/thddRAgWMWSm/eGOvBCaljYnw14D8J2NX6o9QS6dbZ7zgRuzaYZGUCxK3ZXISNtZJaYw6xT+Sl6ox0=
8XhE8AIMz3SbW0uXmbkUIBEgWMWSm/eGOvBCaljYnw14D8J2NX6o9QS6dbZ7zgRuzaYZGUCxK3ZXISNtZJaYw6xT+Sl6ox0=
M2sLn16f3mj6RxQ+vZLnyBIgWMWSm/eGOvBCaljYnw14D8J2NX6o9QS6dbZ7zgRuzaYZGUCxK3ZXISNtZJaYw6xT+Sl6ox0=
5rLjQcISiDptPKlz2ER5whMgWMWSm/eGOvBCaljYnw14D8J2NX6o9QS6dbZ7zgRuzaYZGUCxK3ZXISNtZJaYw6xT+Sl6ox0=
NDDA4kdO68lRk9HYM6op4RQgWMWSm/eGOvBCaljYnw14D8J2NX6o9QS6dbZ7zgRuzaYZGUCxK3ZXISNtZJaYw6xT+Sl6ox0=
oTKiyNqhxKYxbWiCyxglkhUgWMWSm/eGOvBCaljYnw14D8J2NX6o9QS6dbZ7zgRuzaYZGUCxK3ZXISNtZJaYw6xT+Sl6ox0=
n1E9ghlA9LCx//UFG/e9ekUPYaPd1bDIaeFdakKL2gt9DMN9WDq54gOpfqZ7zgRuzaYZGUCxK3ZXISNtZJaYw6xT+Sl6ox0=
Ro8doQzWQ1v6giNwmUZLpUUPYaPd1bDIaeVfZEKL2gt9DMN9WDq54gOpfqZ7zgRuzaYZGUCxK3ZXISNtZJaYw6xT+Sl6ox0=
PschfmnoLxxboVTfvw2ddlERc8gl73rb7OgTBIOgaT0WlcoBFLYbI2E2Nn+gjGJWI3Xh+CC+XcQPeb6z/Z1H5iN/ox4=
XvxAn9Loon/2tTpCCeBDQp02cb0GXJZ0xhk8BsroYKPB7ixEJQpb2y41QTePuMcNo2g=
qIQ06ZdAp1aPosrm7D30fVfdnnpul4RU+OeacarC4VOETvYHUPSCLtQJYYDQxr28/wF+yw3lp57TB6Nm
mykfmNPx554s5F2K32X8Kqr2Cve4nUup3QF9VxNGBT56krNeZ+I6UVWKKdldkRpm5j/Sq4fVBKNj
u1YOm6qV9ePnRr6AWxr0jGQzkgzGpN3m+/+XeEcm1pvJg0goe+3CEeGE+lLAaw7e0KfTTC52AuM7gd5WdHtWqtJu9ieQlAKOlOlhYJBmPdw/IX7rTQUnPhNnowY=
1gRccTWZh11xtqDFzBHGB3BpY3QX8tOwfnll3ZiSPysaY91q2ng0XQbc3NnjVkpQ+rFnTx4coK0+CD7wZt0UEpo86EeBCiSQdZ7zHw4xaWMfLA9poww=
