dJrtucBmdecLdeR/A0q40EkuJm4eOyU/F6eIu0kTN+DtjqZBKqLKICt6OM66vQxRwPDfIUwdrM2U2TwjrmiwXAZxzH4q8LAOQU95XEbyKzNuHXEPLyAXZaMA
P6IOJl88A/Pf5pP9CSo65ZkV9ADVUfEypus+c5GcX/Xcuj1qnzkSXh8uYLZhFqVQhPHmO6tSzzVAtrz7gEPlIX6jGQ==
gXMoCYElwj44irY/LnhQI3dfBy+OiUm8580vro8mdoLeNMD4zZSfRqvdlcw3YfBzdZ+9/Pgnkz9Yr+Y9JX2Kjea41LTn8ILz2PTYuODyRsgxc6CcGVaWj6jb/qzYhZJ88f3n89guwcJfLqA2oRbl20TxprtrUo+1gLb8e0BDpaG+o9k=
BC82/BwxBQKaU9kjkK2v3R4j8dhhXI69Xts7Pm4gNoIEeCOl7H827rn+JG1wSuEex27YBjn2zaMPcW6LA/IXRbj2ZKu4Y80xdqMR
ehasA4bMgmdqTLGgpoIU5x8j8dhhXI69Xts7Pm4gNoIEeCOl7H827rn+JG1wSuEex27YBjn2zaMPcW6LA/IXRbj2ZKu4Y80xdqMR
eJYjAQfAMwwJY7spw1e+dhwj8dhhXI69Xts7Pm4gNoIEeCOl7H827rn+JG1wSuEex27YBjn2zaMPcW6LA/IXRbj2ZKu4Y80xdqMR
nB+7vhkRofKwrPwj6Y1a7B4599h9RI+9Xts7Pm4gNoIEeCOl7H827rn+JG1wSuEex27YBjn2zaIPcW6LA/IXRbj2ZKu4Y80xdqMR
lFE00VnM0EliUC2VUo+oyh8599h9RI+9Xts7Pm4gNoIEeCOl7H827rn+JG1wSuEex27YBjn2zaIPcW6LA/IXRbj2ZKu4Y80xdqMR
nc5yXpmFGNg1ii4X9eG9phw599h9RI+9Xts7Pm4gNoIEeCOl7H827rn+JG1wSuEex27YBjn2zaIPcW6LA/IXRbj2ZKu4Y80xdqMR
3mmveaVM07c/Ljaoogq8GRAgWMWSm/eGOvBCaljYnw14D8J2NX6o9QS6dbZ7zgRuzaYZGkOxInNXIiNtZJaYw6xT+Sl6ox0=
3AHHgq1GWonzWQ6AmfP1jREgWMWSm/eGOvBCaljYnw14D8J2NX6o9QS6dbZ7zgRuzaYZGkOxInNXIiNtZJaYw6xT+Sl6ox0=
0LYVjAF/pqPtkkaulsaMDBIgWMWSm/eGOvBCaljYnw14D8J2NX6o9QS6dbZ7zgRuzaYZGkOxInNXIiNtZJaYw6xT+Sl6ox0=
4fnNv72ByKQno6UtTg6Z8hMgWMWSm/eGOvBCaljYnw14D8J2NX6o9QS6dbZ7zgRuzaYZGkOxInNXIiNtZJaYw6xT+Sl6ox0=
p1ZFmdfercfSUHMraTOSWxQgWMWSm/eGOvBCaljYnw14D8J2NX6o9QS6dbZ7zgRuzaYZGkOxInNXIiNtZJaYw6xT+Sl6ox0=
fwuo1L7rIWuVSEkQ1RMUlhUgWMWSm/eGOvBCaljYnw14D8J2NX6o9QS6dbZ7zgRuzaYZGkOxInNXIiNtZJaYw6xT+Sl6ox0=
KDYdGpFIfV4xMI4tb5G9ikUPYaPd1bDIaeFdakKL2gt9DMN9WDq54gOpfqZ7zgRuzaYZGkOxInNXIiNtZJaYw6xT+Sl6ox0=
trs198wTZfjnLaivHqYwLUUPYaPd1bDIaeVfZEKL2gt9DMN9WDq54gOpfqZ7zgRuzaYZGkOxInNXIiNtZJaYw6xT+Sl6ox0=
yIJsQOAuRZ8EugrvD92qyVERc8gl73rb7OgTBIOgaT0WlcoBFLYbI2E2Nn+gjGJWIHbh8SW+XsQPeb6z/Z1H5iN/ox4=
EIBaGkXaPXJp87b2O1r6XZ02cb0GXJZ0xhk8BsrobaXB5SlEJgpb2y41QTePuMcNo2g=
t295tSUeIALg/Qmo5JQHZ1fdnnpul4RU+OeacarC4VOETvYHUPSCLtkPYYvVxr68/wF+yw3lp57TB6Nm
Wx7svYgfBLfNYUndLNkjp6r2Cve4nUup3QF9VxNGBT56krNeZ+88UV6PKdpdkRpm5j/Sq4fVBKNj
EwS3o8kwk9uAG7aiF4rAMWQzkgzGpN3m+/+XeEcm1pvJg0goe+3CEeGE+lLAaw7e0KfTTC52AuM7gd5WdHtWqtJu9ieQlAKOme9ha5VmPtw/IX7rTQUnPhNnowY=
DZko3CU6DCpfbFfWPTFJm3BpY3QX8tOwfnll3ZiSPysaY91q2ng0XQbc3NnjVkpQ+rFnTx4coK0+CD7wZt0UEpo85UGBASGQdp7zHw4xaWMfLA9poww=
