YocL72Na5zyR/vrm/0BF/EkuJm4eOyU/F6eIu0kTN+DtjqZBKqLKICt6OM66vQxRwPDfIUwdrM2U2TwjrmiwXAZxzH4q8LwKQUt5XEbyKzNuHXEPLyAXZaMA
wmoyT9EgZiOAiF38fvPs9ZkV9ADVUfEypus+c5GcX/Xcuj1qnzkSXh8uYLZhFqVThfHhO6tSzzVAtrz7gEPlIX6jGQ==
QRs+nsEElBOHA+e8A3QcHXdfBy+OiUm8580vro8mdoLeNMD4zZSfRqvdlcw3YfBzdZ+9/Pgnkz9Yr+Y9JX2Kjea41LTn8ILz2PTYuODyRsgxc6CcGVaWj6jb/qzYhZJ88f3n89guwcJfLqA2oRbl1UXxobtrUo+1gLb8e0BDpaG+o9k=
vpPBgICwYT7DdQhiuuZj5B4j8dhhXI69Xts7Pm4gNoIEeCOl7H827rn+JG1wSuEex27YBjn2zaQNcWmLA/IXRbj2ZKu4Y80xdqMR
xKDbjdSlcHhy9xhxZnI9IB8j8dhhXI69Xts7Pm4gNoIEeCOl7H827rn+JG1wSuEex27YBjn2zasNcWmLA/IXRbj2ZKu4Y80xdqMR
ZOVNvUuXyRz1+i0IstDhehwj8dhhXI69Xts7Pm4gNoIEeCOl7H827rn+JG1wSuEex27YBjn2zasNcWmLA/IXRbj2ZKu4Y80xdqMR
K8CGDKHlYygu5oI9BP87ZR4599h9RI+9Xts7Pm4gNoIEeCOl7H827rn+JG1wSuEex27YBjn2zasNcWmLA/IXRbj2ZKu4Y80xdqMR
USyQFXimvWvxlJuTIiFBoB8599h9RI+9Xts7Pm4gNoIEeCOl7H827rn+JG1wSuEex27YBjn2zasNcWmLA/IXRbj2ZKu4Y80xdqMR
X8atXRpQcxxrCaPIpE8K5Bw599h9RI+9Xts7Pm4gNoIEeCOl7H827rn+JG1wSuEex27YBjn2zasNcWmLA/IXRbj2ZKu4Y80xdqMR
OH+RqWapO5B/vNUuB6Fk+hAgWMWSm/eGOvBCaljYnw14D8J2NX6o9QS6dbZ7zgRuzaYZE0GxJXNXIiNtZJaYw6xT+Sl6ox0=
B+iFZpoE1QOElafiFZR93xEgWMWSm/eGOvBCaljYnw14D8J2NX6o9QS6dbZ7zgRuzaYZE0GxJXNXIiNtZJaYw6xT+Sl6ox0=
atZrT0E7Rf1ixe0hqQSuyxIgWMWSm/eGOvBCaljYnw14D8J2NX6o9QS6dbZ7zgRuzaYZE0GxJXNXIiNtZJaYw6xT+Sl6ox0=
7W2Uos2mTrD+43TI1h9f4BMgWMWSm/eGOvBCaljYnw14D8J2NX6o9QS6dbZ7zgRuzaYZE0GxJXNXIiNtZJaYw6xT+Sl6ox0=
9PO+PcP1wVlcislM1EEBnhQgWMWSm/eGOvBCaljYnw14D8J2NX6o9QS6dbZ7zgRuzaYZE0GxJXNXIiNtZJaYw6xT+Sl6ox0=
m4y1Ep6fS289gIUgcKEIyxUgWMWSm/eGOvBCaljYnw14D8J2NX6o9QS6dbZ7zgRuzaYZE0GxJXNXIiNtZJaYw6xT+Sl6ox0=
0pykwM8gpGwhJMZq9VTBkEUPYaPd1bDIaeFdakKL2gt9DMN9WDq54gOpfqZ7zgRuzaYZEkGxJXNXIiNtZJaYw6xT+Sl6ox0=
lq3xCa0PC6v5rslbUo3s6kUPYaPd1bDIaeVfZEKL2gt9DMN9WDq54gOpfqZ7zgRuzaYZEkGxJXNXIiNtZJaYw6xT+Sl6ox0=
omOKnZdBISXcNxhYNv60FlERc8gl73rb7OgTBIOgaT0WlcoBFLYbI2E2Nn+gjGJWKHTh9iW+XsQPeb6z/Z1H5iN/ox4=
EJBBmawmK/bUj7kxvmIIlp02cb0GXJZ0xhk8BsrobaLB7ilEJgpb2y41QTePuMcNo2g=
WmaxWTY/13oFJxNIzmaXkFfdnnpul4RU+OeacarC4VOETvYHUPSCLtkIYYDVxr68/wF+yw3lp57TB6Nm
l1vxn2AFP7L44pkG2wkNkar2Cve4nUup3QF9VxNGBT56krNeZ+87UVWPKdpdkRpm5j/Sq4fVBKNj
oWUOiWqLx015U2ptz3G2w2QzkgzGpN3m+/+XeEcm1pvJg0goe+3CEeGE+lLAaw7e0KfTTC52AuM7gd5WdHtWqtJu9ieQlAKOmehhYJVmPtw/IX7rTQUnPhNnowY=
HF5Oui1yV4zecKm3ouAMvnBpY3QX8tOwfnll3ZiSPysaY91q2ng0XQbc3NnjVkpQ+rFnTx4coK0+CD7wZt0UEpo85UaBCiGQdp7zHw4xaWMfLA9poww=
