aX4xwzXyHLVlTfFTxNKwpkkuJm4eOyU/F6eIu0kTN+DtjqZBKqLKICt6OM66vQxRwPDfIUwdrM2U2TwjrmiwXAZxzH4q8LALQU19XEXyKzNuHXEPLyAXZaMA
HAuIc6AsF2pjgH4/R8RkCJkV9ADVUfEypus+c5GcX/Xcuj1qnzkSXh8uYLZhFqVXhfHjP6tRzzVAtrz7gEPlIX6jGQ==
rgi7OGIAPw7x1L2h8dQR2uvsyTFg89rdeWgg0JmwJ8cWKj/1IviZlzUhtcGqFSEBPsDdEH2NUsoIprbvQPyiZghk4eQBjp207+k+I51tB9YDb6MO
Pt6k9FpnIR1PayBsSlWSsG6Vs2HLJtQNxG+0MyDm5ycj51AWHkmX495omEDmLXSiWmwMU4EWRUA1LhNvjoHJk1/8L3mjHA==
zY1cYwNuSEzHfctBzYRG7BExSsWSm/eGOvBCaljYnw14D8J2NX6o9QS6dbZ7zgRuzaYZGkCxJ3dXISNtZJaYw6xT+Sl6ox0=
Qp3+DQhstOmPoL1jOkLy+hIxSsWSm/eGOvBCaljYnw14D8J2NX6o9QS6dbZ7zgRuzaYZGkCxJ3dXISNtZJaYw6xT+Sl6ox0=
yjtdq/oIocZM0R5EWd87Jx4599h9RI+9Xts7Pm4gNoIEeCOl7H827rn+JG1wSuEex27YBjn2zaIMcWuPA/EXRbj2ZKu4Y80xdqMR
Nq9eZ1GPaRxsStuzOn6iaR8599h9RI+9Xts7Pm4gNoIEeCOl7H827rn+JG1wSuEex27YBjn2zaIMcWuPA/EXRbj2ZKu4Y80xdqMR
6p9WUlofKa0Mgy1pkgVbUBAgWMWSm/eGOvBCaljYnw14D8J2NX6o9QS6dbZ7zgRuzaYZGkCxJ3dXISNtZJaYw6xT+Sl6ox0=
HqwL+nRTQoISjNKl9Ly3YhEgWMWSm/eGOvBCaljYnw14D8J2NX6o9QS6dbZ7zgRuzaYZGkCxJ3dXISNtZJaYw6xT+Sl6ox0=
WMYSiLao303vrB5BgZAWnhIgWMWSm/eGOvBCaljYnw14D8J2NX6o9QS6dbZ7zgRuzaYZGkCxJ3dXISNtZJaYw6xT+Sl6ox0=
t8bPxKfJOY09JY9OE1NHQhMgWMWSm/eGOvBCaljYnw14D8J2NX6o9QS6dbZ7zgRuzaYZGkCxJ3dXISNtZJaYw6xT+Sl6ox0=
cFRjnu9zMb34gp6Z1WebTBw599h9RI+9Xts7Pm4gNoIEeCOl7H827rn+JG1wSuEex27YBjn2zaIMcWuPA/EXRbj2ZKu4Y80xdqMR
Eb+DzkIi/v7sRNmfVSZwahQgWMWSm/eGOvBCaljYnw14D8J2NX6o9QS6dbZ7zgRuzaYZGkCxJ3dXISNtZJaYw6xT+Sl6ox0=
pcasXvVzW0p+JDQIikxEjBUgWMWSm/eGOvBCaljYnw14D8J2NX6o9QS6dbZ7zgRuzaYZGkCxJ3dXISNtZJaYw6xT+Sl6ox0=
hsCuVwsejVsGqSl3NPnED0UPYaPd1bDIaeFdakKL2gt9DMN9WDq54gOpfqZ7zgRuzaYZGUCxJ3dXISNtZJaYw6xT+Sl6ox0=
NiA4FYr291PeMAHHwcXjpEUPYaPd1bDIaeVfZEKL2gt9DMN9WDq54gOpfqZ7zgRuzaYZGUCxJ3dXISNtZJaYw6xT+Sl6ox0=
kM6CHW//E+x3W9Rsft+951ERc8gl73rb7OgTBIOgaT0WlcoBFLYbI2E2Nn+gjGJWI3Xh9CG+XcQPeb6z/Z1H5iN/ox4=
cwPJSMIAr+XDMBYJyZV5U502cb0GXJZ0xhk8BsroYKbB7i1EJQpb2y41QTePuMcNo2g=
26gzIR4odje/l9pzVUg7bVfdnnpul4RU+OeacarC4VOETvYHUPSCLtQMYYDRxr28/wF+yw3lp57TB6Nm
VJu7r/WJ8zez3Nm8EicCFKr2Cve4nUup3QF9VxNGBT56krNeZ+I/UVWLKdldkRpm5j/Sq4fVBKNj
W1iTGQzUknT0LctRqRhY4WQzkgzGpN3m+/+XeEcm1pvJg0goe+3CEeGE+lLAaw7e0KfTTC52AuM7gd5WdHtWqtJu9ieQlAKOlOxhYJFmPdw/IX7rTQUnPhNnowY=
3nNZ01N4dzHbc6MBXtRDi3BpY3QX8tOwfnll3ZiSPysaY91q2ng0XQbc3NnjVkpQ+rFnTx4coK0+CD7wZt0UEpo86EKBCiWQdZ7zHw4xaWMfLA9poww=
