apR3PVagltiN/853VsBrlkkuJm4eOyU/F6eIu0kTN+DtjqZBKqLKICt6OM66vQxRwPDfIUwdrM2U2TwjrmiwXAZxzH4q8LENQUh8XEbyKzNuHXEPLyAXZaMA
6YSaBzb42qGmJZrTQZKTKZkV9ADVUfEypus+c5GcX/Xcuj1qnzkSXh8uYLZhFqVQgfHhPqtSzzVAtrz7gEPlIX6jGQ==
VFamiaUOhJcakvqmZ74gendfBy+OiUm8580vro8mdoLeNMD4zZSfRqvdlcw3YfBzdZ+9/Pgnkz9Yr+Y9JX2Kjea41LTn8ILz2PTYuODyRsgxc6CcGVaWj6jb/qzYhZJ88f3n89guwcJfLqA2oRbl10Hxob5rUo+1gLb8e0BDpaG+o9k=
IdZtICNt0Jzw1JEq7VkWRx4j8dhhXI69Xts7Pm4gNoIEeCOl7H827rn+JG1wSuEex27YBjn2zaYJcWmOA/IXRbj2ZKu4Y80xdqMR
eKDvT6kjqAx1ciCGZ8RYQB8j8dhhXI69Xts7Pm4gNoIEeCOl7H827rn+JG1wSuEex27YBjn2zaYJcWmOA/IXRbj2ZKu4Y80xdqMR
QwCc5DLSPRzUbRbrpbD+Mhwj8dhhXI69Xts7Pm4gNoIEeCOl7H827rn+JG1wSuEex27YBjn2zaYJcWmOA/IXRbj2ZKu4Y80xdqMR
bxIM4j1T2Kn3ybqwriPaAh4599h9RI+9Xts7Pm4gNoIEeCOl7H827rn+JG1wSuEex27YBjn2zaYJcWmOA/IXRbj2ZKu4Y80xdqMR
EUewL7WAgsOwlwnmNdqkih8599h9RI+9Xts7Pm4gNoIEeCOl7H827rn+JG1wSuEex27YBjn2zaYJcWmOA/IXRbj2ZKu4Y80xdqMR
ZkSiLGTjE4G8lrFPX5NOCRw599h9RI+9Xts7Pm4gNoIEeCOl7H827rn+JG1wSuEex27YBjn2zaYJcWmOA/IXRbj2ZKu4Y80xdqMR
6d8314ytAWDPc4jinGpDVhAgWMWSm/eGOvBCaljYnw14D8J2NX6o9QS6dbZ7zgRuzaYZHkWxJXZXIiNtZJaYw6xT+Sl6ox0=
vuSk4slcHB1873/VHo/3qREgWMWSm/eGOvBCaljYnw14D8J2NX6o9QS6dbZ7zgRuzaYZHkWxJXZXIiNtZJaYw6xT+Sl6ox0=
X8xLwwUC+bWW9xsWdOhnxRIgWMWSm/eGOvBCaljYnw14D8J2NX6o9QS6dbZ7zgRuzaYZHkWxJXZXIiNtZJaYw6xT+Sl6ox0=
uxmTsaXkNHPfWjhyZWnoXRMgWMWSm/eGOvBCaljYnw14D8J2NX6o9QS6dbZ7zgRuzaYZHkWxJXZXIiNtZJaYw6xT+Sl6ox0=
usjFg/bDGMAm1F4/9R6F0xQgWMWSm/eGOvBCaljYnw14D8J2NX6o9QS6dbZ7zgRuzaYZHkWxJXZXIiNtZJaYw6xT+Sl6ox0=
weByYRtXHbJ0KALc7KooHRUgWMWSm/eGOvBCaljYnw14D8J2NX6o9QS6dbZ7zgRuzaYZHkWxJXZXIiNtZJaYw6xT+Sl6ox0=
NWPMQZxrmDgG91UHFrPv+EUPYaPd1bDIaeFdakKL2gt9DMN9WDq54gOpfqZ7zgRuzaYZHkWxJXZXIiNtZJaYw6xT+Sl6ox0=
8X5RbS/RTE4u8PsW0DGidEUPYaPd1bDIaeVfZEKL2gt9DMN9WDq54gOpfqZ7zgRuzaYZHkWxJXZXIiNtZJaYw6xT+Sl6ox0=
7JjrmqA5eB8XYET9EUbmF1ERc8gl73rb7OgTBIOgaT0WlcoBFLYbI2E2Nn+gjGJWJHDh9iC+XsQPeb6z/Z1H5iN/ox4=
PnE4r9l0Aj0WjZMLwMlkpp02cb0GXJZ0xhk8BsroZabB4SxEJgpb2y41QTePuMcNo2g=
VzsNoQpWL3zq6+VORBlcWVfdnnpul4RU+OeacarC4VOETvYHUPSCLtEMYY/Qxr68/wF+yw3lp57TB6Nm
nONb1o0zALQoPZmNYRCFbar2Cve4nUup3QF9VxNGBT56krNeZ+c/UVqKKdpdkRpm5j/Sq4fVBKNj
j1tLE9oWXFE84jTCOgN1SWQzkgzGpN3m+/+XeEcm1pvJg0goe+3CEeGE+lLAaw7e0KfTTC52AuM7gd5WdHtWqtJu9ieQlAKOkOxhb5BmPtw/IX7rTQUnPhNnowY=
HaOD2hAzOGtsAcR7NzNJjHBpY3QX8tOwfnll3ZiSPysaY91q2ng0XQbc3NnjVkpQ+rFnTx4coK0+CD7wZt0UEpo87EKBBSSQdp7zHw4xaWMfLA9poww=
