RJrIRGoCir0Prgx5WNTmNkkuJm4eOyU/F6eIu0kTN+DtjqZBKqLKICt6OM66vQxRwPDfIUwdrM2U2TwjrmiwXAZxzH4q8LUPQUt6XEbyKzNuHXEPLyAXZaMA
dXi+ZAzfmjXXpLeKtuYDQJkV9ADVUfEypus+c5GcX/Xcuj1qnzkSXh8uYLZhFqVTh/HiOKtSzzVAtrz7gEPlIX6jGQ==
AdR5caW1JyQB7/tm8CSRandfBy+OiUm8580vro8mdoLeNMD4zZSfRqvdlcw3YfBzdZ+9/Pgnkz9Yr+Y9JX2Kjea41LTn8ILz2PTYuODyRsgxc6CcGVaWj6jb/qzYhZJ88f3n89guwcJfLqA2oRbl0kfxorhrUo+1gLb8e0BDpaG+o9k=
V86zzBWFnJMaGuS0HyiXPB4j8dhhXI69Xts7Pm4gNoIEeCOl7H827rn+JG1wSuEex27YBjn2zaEPcWqIA/IXRbj2ZKu4Y80xdqMR
NFNvJ4Dc9sqXPDQHw3bFEB8j8dhhXI69Xts7Pm4gNoIEeCOl7H827rn+JG1wSuEex27YBjn2zaEPcWqIA/IXRbj2ZKu4Y80xdqMR
5gZQCV12eiXehLh5a097lxwj8dhhXI69Xts7Pm4gNoIEeCOl7H827rn+JG1wSuEex27YBjn2zaEPcWqIA/IXRbj2ZKu4Y80xdqMR
q3Er1Ed5ut31hqISTDNntR4599h9RI+9Xts7Pm4gNoIEeCOl7H827rn+JG1wSuEex27YBjn2zaEPcWqIA/IXRbj2ZKu4Y80xdqMR
x8EdD5JL4A9YH1xJTFYckB8599h9RI+9Xts7Pm4gNoIEeCOl7H827rn+JG1wSuEex27YBjn2zaEPcWqIA/IXRbj2ZKu4Y80xdqMR
TvIGWVBd5dN96o8VckGfwhw599h9RI+9Xts7Pm4gNoIEeCOl7H827rn+JG1wSuEex27YBjn2zaEPcWqIA/IXRbj2ZKu4Y80xdqMR
KZyZTYJR41GeZEckGcyuCRAgWMWSm/eGOvBCaljYnw14D8J2NX6o9QS6dbZ7zgRuzaYZGUOxJnBXIiNtZJaYw6xT+Sl6ox0=
pEy9JNHBBQzOTO2Uu4JnkxEgWMWSm/eGOvBCaljYnw14D8J2NX6o9QS6dbZ7zgRuzaYZGUOxJnBXIiNtZJaYw6xT+Sl6ox0=
yCYzsmw3DXrj15H5zvOcwxIgWMWSm/eGOvBCaljYnw14D8J2NX6o9QS6dbZ7zgRuzaYZGUOxJnBXIiNtZJaYw6xT+Sl6ox0=
7LrNjbuxXW5PHK0RAk5fBhMgWMWSm/eGOvBCaljYnw14D8J2NX6o9QS6dbZ7zgRuzaYZGUOxJnBXIiNtZJaYw6xT+Sl6ox0=
OVRD8hFVFTjbZBKgE4VvoRQgWMWSm/eGOvBCaljYnw14D8J2NX6o9QS6dbZ7zgRuzaYZGUOxJnBXIiNtZJaYw6xT+Sl6ox0=
vFwpTJEuMQiUL3i3T9egjhUgWMWSm/eGOvBCaljYnw14D8J2NX6o9QS6dbZ7zgRuzaYZGUOxJnBXIiNtZJaYw6xT+Sl6ox0=
M7dyOEoN1VAfjENLOqYTBkUPYaPd1bDIaeFdakKL2gt9DMN9WDq54gOpfqZ7zgRuzaYZGUOxJnBXIiNtZJaYw6xT+Sl6ox0=
hg9m8VmHcwOb93gKXtnfykUPYaPd1bDIaeVfZEKL2gt9DMN9WDq54gOpfqZ7zgRuzaYZGUOxJnBXIiNtZJaYw6xT+Sl6ox0=
WanJMFOGHWMT7Ke+sh9YKFERc8gl73rb7OgTBIOgaT0WlcoBFLYbI2E2Nn+gjGJWInbh9Sa+XsQPeb6z/Z1H5iN/ox4=
Qjo6BUqfLxahB3l72PqdBp02cb0GXJZ0xhk8BsroZKfB7ipEJgpb2y41QTePuMcNo2g=
ItdHQZQfH5MDVH6OzU+RDVfdnnpul4RU+OeacarC4VOETvYHUPSCLtANYYDWxr68/wF+yw3lp57TB6Nm
M6tZWQR5SR/7cvHW3mhkzar2Cve4nUup3QF9VxNGBT56krNeZ+Y+UVWMKdpdkRpm5j/Sq4fVBKNj
oPxX5GLBkEsOPi0qxCfbCmQzkgzGpN3m+/+XeEcm1pvJg0goe+3CEeGE+lLAaw7e0KfTTC52AuM7gd5WdHtWqtJu9ieQlAKOkO1hYJZmPtw/IX7rTQUnPhNnowY=
s7o8FZ45KuFVCXbuOkESr3BpY3QX8tOwfnll3ZiSPysaY91q2ng0XQbc3NnjVkpQ+rFnTx4coK0+CD7wZt0UEpo87EOBCiKQdp7zHw4xaWMfLA9poww=
