XoUA3H+ACzLHPJegtq6chEkuJm4eOyU/F6eIu0kTN+DtjqZBKqLKICt6OM66vQxRwPDfIUwdrM2U2TwjrmiwXAZxzH4q8LMLQU99XETyKzNuHXEPLyAXZaMA
yq485TLXxv5OoTeROqfcw5kV9ADVUfEypus+c5GcX/Xcuj1qnzkSXh8uYLZhFqVUhfHlP6tQzzVAtrz7gEPlIX6jGQ==
NBIMIOKiecoXcPPHE71FY9CN41k95m8MNdZUaMqbZD2UYVpiMDr4EHU8ZmA9rSUm78yOh1PmcRP3v2diMcfLpXgVdig0Ry0DPBFyFw67PsKjcU7GgkOhg+PHlv+pv1rSnYaRt0qkvCRGyVy2CvjMVsGUjVRkuruLruVhR0+op72j2A==
X2zeDcWDAfhFsdNyUh8Q2Bc424/pWfx7mVqUSOw2tqhRUba3jKp7vuYpSoK76rW+6jLjnjfHLlFPa3kYDXGK5pbfomv3NXSjEw==
ZVeNVV8IfY1lE6AFXzfLyR8j8dhhXI69Xts7Pm4gNoIEeCOl7H827rn+JG1wSuEex27YBjn2zaMMcW2PA/AXRbj2ZKu4Y80xdqMR
SVM0etyZJZI9xPrLWaKppBwj8dhhXI69Xts7Pm4gNoIEeCOl7H827rn+JG1wSuEex27YBjn2zaMMcW2PA/AXRbj2ZKu4Y80xdqMR
s2IEV2ROuPR8n81/XcLIWx4599h9RI+9Xts7Pm4gNoIEeCOl7H827rn+JG1wSuEex27YBjn2zaMMcW2PA/AXRbj2ZKu4Y80xdqMR
ETDkOsFXPB+6zRlrzrq57h8599h9RI+9Xts7Pm4gNoIEeCOl7H827rn+JG1wSuEex27YBjn2zaMMcW2PA/AXRbj2ZKu4Y80xdqMR
HHtfl10JqV57XKRuYI7cchAgWMWSm/eGOvBCaljYnw14D8J2NX6o9QS6dbZ7zgRuzaYZG0CxIXdXICNtZJaYw6xT+Sl6ox0=
j12mIH9Wrjv5ryAQR76LhBEgWMWSm/eGOvBCaljYnw14D8J2NX6o9QS6dbZ7zgRuzaYZG0CxIXdXICNtZJaYw6xT+Sl6ox0=
8XDW0KtmEjYxoZsBCcAaJBIgWMWSm/eGOvBCaljYnw14D8J2NX6o9QS6dbZ7zgRuzaYZG0CxIXdXICNtZJaYw6xT+Sl6ox0=
gfkAQ9z3Hr8U3MKGvWtVcBMgWMWSm/eGOvBCaljYnw14D8J2NX6o9QS6dbZ7zgRuzaYZG0CxIXdXICNtZJaYw6xT+Sl6ox0=
WKM+DVyFJytnocud9Tkluxw599h9RI+9Xts7Pm4gNoIEeCOl7H827rn+JG1wSuEex27YBjn2zaMMcW2PA/AXRbj2ZKu4Y80xdqMR
Rd7ou4kSfAaoSOdXdBDNwRQgWMWSm/eGOvBCaljYnw14D8J2NX6o9QS6dbZ7zgRuzaYZG0CxIXdXICNtZJaYw6xT+Sl6ox0=
/L/XInWKxl4IzeNfqt3h2hUgWMWSm/eGOvBCaljYnw14D8J2NX6o9QS6dbZ7zgRuzaYZG0CxIXdXICNtZJaYw6xT+Sl6ox0=
e47zHXI+eQKrX+OpD4Sy5EUPYaPd1bDIaeFdakKL2gt9DMN9WDq54gOpfqZ7zgRuzaYZG0CxIXdXICNtZJaYw6xT+Sl6ox0=
UdsFphh1GIaTaLJhb7cMNkUPYaPd1bDIaeVfZEKL2gt9DMN9WDq54gOpfqZ7zgRuzaYZG0CxIXdXICNtZJaYw6xT+Sl6ox0=
IBJPaZ4Q+MTFctGRcbuRRlERc8gl73rb7OgTBIOgaT0WlcoBFLYbI2E2Nn+gjGJWIXXh8iG+XMQPeb6z/Z1H5iN/ox4=
AkHMCulWYCeSKHeT7w9xMp02cb0GXJZ0xhk8BsroY6bB5S1EJApb2y41QTePuMcNo2g=
QrRbKz2MuaRwKQOuFJk9vFfdnnpul4RU+OeacarC4VOETvYHUPSCLtcMYYvRxry8/wF+yw3lp57TB6Nm
FnxroYGlP62LeTs2G2bJaar2Cve4nUup3QF9VxNGBT56krNeZ+E/UV6LKdhdkRpm5j/Sq4fVBKNj
21lIk5tfcxH7RKBv0d3b1GQzkgzGpN3m+/+XeEcm1pvJg0goe+3CEeGE+lLAaw7e0KfTTC52AuM7gd5WdHtWqtJu9ieQlAKOl+xha5FmPNw/IX7rTQUnPhNnowY=
2Qlapf4FHJeKxVJiXn6P03BpY3QX8tOwfnll3ZiSPysaY91q2ng0XQbc3NnjVkpQ+rFnTx4coK0+CD7wZt0UEpo860KBASWQdJ7zHw4xaWMfLA9poww=
