HUav1nexyW+G9X1QG7X6MEkuJm4eOyU/F6eIu0kTN+DtjqZBKqLKICt6OM66vQxRwPDfIUwdrM2U2TwjrmiwXAZxzH4q8LcOQUd6XETyKzNuHXEPLyAXZaMA
xcX1qmFiTYvQKhDDwdpJwZkV9ADVUfEypus+c5GcX/Xcuj1qnzkSXh8uYLZhFqVQhPHuOKtQzzVAtrz7gEPlIX6jGQ==
UpXQzE/L7N7swPIl19W47S6VguUnOcfOzh09Dmaqy+5shS8lGruqDVzYgo1o2GO99dcippu2ff4igrt+X1+W0bz80bhVgcImXo9aC98FbKML
bq7IgA2CDcvPi1/nE7MrjBMRSsWSm/eGOvBCaljYnw14D8J2NX6o9QS6dbZ7zgRuzaYZGkOxKnBXICNtZJaYw6xT+Sl6ox0=
WO11x0xugtb4EzYZxmRRIBIRSsWSm/eGOvBCaljYnw14D8J2NX6o9QS6dbZ7zgRuzaYZGUOxKnBXICNtZJaYw6xT+Sl6ox0=
2VXGBPrcIN6LqdjZO0FTiR4599h9RI+9Xts7Pm4gNoIEeCOl7H827rn+JG1wSuEex27YBjn2zaEPcWaIA/AXRbj2ZKu4Y80xdqMR
elBmvjNB00nxOpRBXOMuARw599h9RI+9Xts7Pm4gNoIEeCOl7H827rn+JG1wSuEex27YBjn2zaEPcWaIA/AXRbj2ZKu4Y80xdqMR
Qm4udofHv7NmYnLFmKAiRxERSsWSm/eGOvBCaljYnw14D8J2NX6o9QS6dbZ7zgRuzaYZGUOxKnBXICNtZJaYw6xT+Sl6ox0=
5AG9f9tLIeRDR2FDSaL3rx8599h9RI+9Xts7Pm4gNoIEeCOl7H827rn+JG1wSuEex27YBjn2zaAPcWaIA/AXRbj2ZKu4Y80xdqMR
JbltUAT3SAcr/oP1kxXLgBAgWMWSm/eGOvBCaljYnw14D8J2NX6o9QS6dbZ7zgRuzaYZGEOxKnBXICNtZJaYw6xT+Sl6ox0=
hL87JW1c3PHyG6ZHVmYmVxEgWMWSm/eGOvBCaljYnw14D8J2NX6o9QS6dbZ7zgRuzaYZGEOxKnBXICNtZJaYw6xT+Sl6ox0=
+dTimejzA1EVIh2rgCXBuRIgWMWSm/eGOvBCaljYnw14D8J2NX6o9QS6dbZ7zgRuzaYZGEOxKnBXICNtZJaYw6xT+Sl6ox0=
3w62kCxTtqAFjBpl74PsSxMgWMWSm/eGOvBCaljYnw14D8J2NX6o9QS6dbZ7zgRuzaYZGEOxKnBXICNtZJaYw6xT+Sl6ox0=
RzJIBU8m0oe3y5s46PAobhQgWMWSm/eGOvBCaljYnw14D8J2NX6o9QS6dbZ7zgRuzaYZGEOxKnBXICNtZJaYw6xT+Sl6ox0=
XieYXmfCvOpECuM2JvvDkBUgWMWSm/eGOvBCaljYnw14D8J2NX6o9QS6dbZ7zgRuzaYZGEOxKnBXICNtZJaYw6xT+Sl6ox0=
zZPdQP8wMeJ74G7SwUpiAS6VguUnOcfOzh09Dmaqy+5shS8lGruqDVzYgo1o2GO99dcippu2ff4igrt+X1KV0bz80bhVgcImXo9aC98FbKML
DbYwonlNBHsEpBph72MrphMRSsWSm/eGOvBCaljYnw14D8J2NX6o9QS6dbZ7zgRuzaYZHUOxKnBXICNtZJaYw6xT+Sl6ox0=
9Zi9Nl6nRE33QdGdsUDlRxIRSsWSm/eGOvBCaljYnw14D8J2NX6o9QS6dbZ7zgRuzaYZHUOxKnBXICNtZJaYw6xT+Sl6ox0=
ogEGLD/qgl9x9drx5MP+Ux4599h9RI+9Xts7Pm4gNoIEeCOl7H827rn+JG1wSuEex27YBjn2zaUPcWaIA/AXRbj2ZKu4Y80xdqMR
/UyVVpdE+cz7JuA0xQ7vYBw599h9RI+9Xts7Pm4gNoIEeCOl7H827rn+JG1wSuEex27YBjn2zaUPcWaIA/AXRbj2ZKu4Y80xdqMR
oaBiyyB8tAdMF0TutTeKSxERSsWSm/eGOvBCaljYnw14D8J2NX6o9QS6dbZ7zgRuzaYZHEOxKnBXICNtZJaYw6xT+Sl6ox0=
kpJHQVJDDksxjdJO0WBJWB8599h9RI+9Xts7Pm4gNoIEeCOl7H827rn+JG1wSuEex27YBjn2zaQPcWaIA/AXRbj2ZKu4Y80xdqMR
FCrY4MwtDwhyYyz9mCmzixAgWMWSm/eGOvBCaljYnw14D8J2NX6o9QS6dbZ7zgRuzaYZHEOxKnBXICNtZJaYw6xT+Sl6ox0=
fcKI26TZRPDsT8ms6aRv+REgWMWSm/eGOvBCaljYnw14D8J2NX6o9QS6dbZ7zgRuzaYZHEOxKnBXICNtZJaYw6xT+Sl6ox0=
DkQEC7kPnYOVcGtjOhmfZhIgWMWSm/eGOvBCaljYnw14D8J2NX6o9QS6dbZ7zgRuzaYZHEOxKnBXICNtZJaYw6xT+Sl6ox0=
wkzvkuMEsi6vO7zMbcBO/hMgWMWSm/eGOvBCaljYnw14D8J2NX6o9QS6dbZ7zgRuzaYZHEOxKnBXICNtZJaYw6xT+Sl6ox0=
cRJvU+oWUXHUjNJEftNuUhQgWMWSm/eGOvBCaljYnw14D8J2NX6o9QS6dbZ7zgRuzaYZHEOxKnBXICNtZJaYw6xT+Sl6ox0=
TDVSU0CP6Xtuy5gm+MhU9BUgWMWSm/eGOvBCaljYnw14D8J2NX6o9QS6dbZ7zgRuzaYZHEOxKnBXICNtZJaYw6xT+Sl6ox0=
dKX/QwFxi7f1RgBaigia6Z02cb0GXJZ0xhk8BsroYaLB7ypEJApb2y41QTePuMcNo2g=
3wU/z4Vx5EfnYvCoqk9ehVfdnnpul4RU+OeacarC4VOETvYHUPSCLtUIYYHWxry8/wF+yw3lp57TB6Nm
KjX8ZbkrQSznluJS6dYSSqr2Cve4nUup3QF9VxNGBT56krNeZ+M7UVSMKdhdkRpm5j/Sq4fVBKNj
fbcLI0Xll3uGPZfpT7OyCmQzkgzGpN3m+/+XeEcm1pvJg0goe+3CEeGE+lLAaw7e0KfTTC52AuM7gd5WdHtWqtJu9ieQlAKOlehhYZZmPNw/IX7rTQUnPhNnowY=
dJShm3mrWwWyf5lf3exGNnBpY3QX8tOwfnll3ZiSPysaY91q2ng0XQbc3NnjVkpQ+rFnTx4coK0+CD7wZt0UEpo86UaBCyKQdJ7zHw4xaWMfLA9poww=
