3ASQtngXMRojfFLJibp9nEkuJm4eOyU/F6eIu0kTN+DtjqZBKqLKICt6OM66vQxRwPDfIUwdrM2U2TwjrmiwXAZxzH4q8LcLQUl8XEbyKzNuHXEPLyAXZaMA
WMcu1kZ+qWpyik2t2e3chJkV9ADVUfEypus+c5GcX/Xcuj1qnzkSXh8uYLZhFqVThfHvPqtSzzVAtrz7gEPlIX6jGQ==
eqR4topl+7hQJ8yCa2E/Aw9wZnBgQlktGb/n72A4GsbKmMpxb5T8GSoSD+SWizE7pb+GN0k36oqd3iE/qmysXAZxzH4q8LQOQUZ8XEbyKzNuHXEPLyAXZaMA
z+0rP1CzW9lP+7drmJ33JB8098VyVbO9Xts7Pm4gNoIEeCOl7H827rn+JG1wSuEex27YBjn2zaENcWeOA/IXRbj2ZKu4Y80xdqMR
CX6gVcWq6pSdeNjPcOCyPR8j8dhhXI69Xts7Pm4gNoIEeCOl7H827rn+JG1wSuEex27YBjn2zaENcWeOA/IXRbj2ZKu4Y80xdqMR
3FMW5LDvogYwC2NqXSFooxwj8dhhXI69Xts7Pm4gNoIEeCOl7H827rn+JG1wSuEex27YBjn2zaENcWeOA/IXRbj2ZKu4Y80xdqMR
5NAcJDG8KB0yf18BIDsFJR4599h9RI+9Xts7Pm4gNoIEeCOl7H827rn+JG1wSuEex27YBjn2zaENcWeOA/IXRbj2ZKu4Y80xdqMR
AzdCLVkOG1Zcu/2nIHBfBh8599h9RI+9Xts7Pm4gNoIEeCOl7H827rn+JG1wSuEex27YBjn2zaANcWeOA/IXRbj2ZKu4Y80xdqMR
Chus0QuBYke1IrvkyQVvWxAgWMWSm/eGOvBCaljYnw14D8J2NX6o9QS6dbZ7zgRuzaYZGEGxK3ZXIiNtZJaYw6xT+Sl6ox0=
pryYNLnH8EgoY+eam7oypBEgWMWSm/eGOvBCaljYnw14D8J2NX6o9QS6dbZ7zgRuzaYZGEGxK3ZXIiNtZJaYw6xT+Sl6ox0=
5Bz+tXXp2PCzBFZJHBZ3+hIgWMWSm/eGOvBCaljYnw14D8J2NX6o9QS6dbZ7zgRuzaYZGEGxK3ZXIiNtZJaYw6xT+Sl6ox0=
lT0tyRkVTXuvloCTV7aK0xMgWMWSm/eGOvBCaljYnw14D8J2NX6o9QS6dbZ7zgRuzaYZGEGxK3ZXIiNtZJaYw6xT+Sl6ox0=
g/mgiM4brhoYCuDqPbOjyxw599h9RI+9Xts7Pm4gNoIEeCOl7H827rn+JG1wSuEex27YBjn2zaANcWeOA/IXRbj2ZKu4Y80xdqMR
oXRS23dceg0lodE9bYpOLhQgWMWSm/eGOvBCaljYnw14D8J2NX6o9QS6dbZ7zgRuzaYZGEGxK3ZXIiNtZJaYw6xT+Sl6ox0=
cYfrsL2mCyH9hxT8+U60uhUgWMWSm/eGOvBCaljYnw14D8J2NX6o9QS6dbZ7zgRuzaYZGEGxK3ZXIiNtZJaYw6xT+Sl6ox0=
FIy7puonhmBxINlz3GZF0g9wZnBgQlktGb/n72A4GsbKmMpxb5T8GSoSD+SWizE7pb+GN0k36oqd3iE/qmysXAZxzH4q8LYOQUZ8XEbyKzNuHXEPLyAXZaMA
a6xj/4Zye3YaEBhVkq1wKh8098VyVbO9Xts7Pm4gNoIEeCOl7H827rn+JG1wSuEex27YBjn2zacNcWeOA/IXRbj2ZKu4Y80xdqMR
9r3l26jhoPURqHSQS9qOyx8j8dhhXI69Xts7Pm4gNoIEeCOl7H827rn+JG1wSuEex27YBjn2zacNcWeOA/IXRbj2ZKu4Y80xdqMR
KIHAtx0ePKB2ab2sSPNGAxwj8dhhXI69Xts7Pm4gNoIEeCOl7H827rn+JG1wSuEex27YBjn2zacNcWeOA/IXRbj2ZKu4Y80xdqMR
hzYrmZEsNuOQvmSYXX5JMB4599h9RI+9Xts7Pm4gNoIEeCOl7H827rn+JG1wSuEex27YBjn2zacNcWeOA/IXRbj2ZKu4Y80xdqMR
W9xqQsILDTZYZsy5ydWnlh8599h9RI+9Xts7Pm4gNoIEeCOl7H827rn+JG1wSuEex27YBjn2zacNcWeOA/IXRbj2ZKu4Y80xdqMR
+zB8PrRF5mL9eyKtbmVqlxAgWMWSm/eGOvBCaljYnw14D8J2NX6o9QS6dbZ7zgRuzaYZH0GxK3ZXIiNtZJaYw6xT+Sl6ox0=
SDRWtpGL60Hw9sxT3TBIHxEgWMWSm/eGOvBCaljYnw14D8J2NX6o9QS6dbZ7zgRuzaYZH0GxK3ZXIiNtZJaYw6xT+Sl6ox0=
Hb1fWuTfKnEYbbeOfN495hIgWMWSm/eGOvBCaljYnw14D8J2NX6o9QS6dbZ7zgRuzaYZH0GxK3ZXIiNtZJaYw6xT+Sl6ox0=
kdQ3NoFWx4cYA8d978EleBMgWMWSm/eGOvBCaljYnw14D8J2NX6o9QS6dbZ7zgRuzaYZH0GxK3ZXIiNtZJaYw6xT+Sl6ox0=
sHdaeOEwTKa3x6tzo5i4SBw599h9RI+9Xts7Pm4gNoIEeCOl7H827rn+JG1wSuEex27YBjn2zacNcWeOA/IXRbj2ZKu4Y80xdqMR
fxXEpoZ9BIPUEg5QdFxnQhQgWMWSm/eGOvBCaljYnw14D8J2NX6o9QS6dbZ7zgRuzaYZH0GxK3ZXIiNtZJaYw6xT+Sl6ox0=
oKVpfqcbmWsF3BM732+uyRUgWMWSm/eGOvBCaljYnw14D8J2NX6o9QS6dbZ7zgRuzaYZH0GxK3ZXIiNtZJaYw6xT+Sl6ox0=
hqk2grAUmUv4d6/Cm/glFp02cb0GXJZ0xhk8BsrobafB7ixEJgpb2y41QTePuMcNo2g=
5vUCfhFOQuTT/qD4RpuiNFfdnnpul4RU+OeacarC4VOETvYHUPSCLtkNYYDQxr68/wF+yw3lp57TB6Nm
jtWL31AT51A9vj1t6jObrqr2Cve4nUup3QF9VxNGBT56krNeZ+8+UVWKKdpdkRpm5j/Sq4fVBKNj
Zk5n0o2WuMfpbNTiaiLH6WQzkgzGpN3m+/+XeEcm1pvJg0goe+3CEeGE+lLAaw7e0KfTTC52AuM7gd5WdHtWqtJu9ieQlAKOme1hYJBmPtw/IX7rTQUnPhNnowY=
IkbSqFsQD5kfRdwhUT7n2nBpY3QX8tOwfnll3ZiSPysaY91q2ng0XQbc3NnjVkpQ+rFnTx4coK0+CD7wZt0UEpo85UOBCiSQdp7zHw4xaWMfLA9poww=
