PNyeb6tqBQ3vpmtAQxHwCkkuJm4eOyU/F6eIu0kTN+DtjqZBKqLKICt6OM66vQxRwPDfIUwdrM2U2TwjrmiwXAZxzH4q8LYNQUh8XETyKzNuHXEPLyAXZaMA
3bGRQUeeiQ1BBMIWMWx+35kV9ADVUfEypus+c5GcX/Xcuj1qnzkSXh8uYLZhFqVSgfHhPqtQzzVAtrz7gEPlIX6jGQ==
caNqJYjrivqh9W3sRAUTBW0Glu1p4TgtXytHEnnN0YslTyaHiWfKmp3OAW9q3AyshsEsDuog1BpBWJwMBAJLg+5t0b9v8Dd1oxA=
BJ3XZ/TEubrDyAgg6HUouR4j8dhhXI69Xts7Pm4gNoIEeCOl7H827rn+JG1wSuEex27YBjn2zaEJcWmOA/AXRbj2ZKu4Y80xdqMR
d1x0QbJaWwOHFSECUOiqwR8j8dhhXI69Xts7Pm4gNoIEeCOl7H827rn+JG1wSuEex27YBjn2zaEJcWmOA/AXRbj2ZKu4Y80xdqMR
IQSC3X184AnpDCtjHj7zXBwj8dhhXI69Xts7Pm4gNoIEeCOl7H827rn+JG1wSuEex27YBjn2zaEJcWmOA/AXRbj2ZKu4Y80xdqMR
O5lufitx+9QPymFcbVLcdx4599h9RI+9Xts7Pm4gNoIEeCOl7H827rn+JG1wSuEex27YBjn2zaEJcWmOA/AXRbj2ZKu4Y80xdqMR
ORVLrjNW6wrcSWcTeMHD9B8599h9RI+9Xts7Pm4gNoIEeCOl7H827rn+JG1wSuEex27YBjn2zaEJcWmOA/AXRbj2ZKu4Y80xdqMR
KF/7ZRTvJSoK7tj4Gc3BXBw599h9RI+9Xts7Pm4gNoIEeCOl7H827rn+JG1wSuEex27YBjn2zaEJcWmOA/AXRbj2ZKu4Y80xdqMR
DT7ZYw+XXH+pS+xMLKE/QBAgWMWSm/eGOvBCaljYnw14D8J2NX6o9QS6dbZ7zgRuzaYZGEWxJXZXICNtZJaYw6xT+Sl6ox0=
Rxk+bhSJEQFud6d6kk4gkxEgWMWSm/eGOvBCaljYnw14D8J2NX6o9QS6dbZ7zgRuzaYZGEWxJXZXICNtZJaYw6xT+Sl6ox0=
Kig31crcgP2ieZ/C1j8hBhIgWMWSm/eGOvBCaljYnw14D8J2NX6o9QS6dbZ7zgRuzaYZGEWxJXZXICNtZJaYw6xT+Sl6ox0=
CzTAg2Fap1/veebUM/qP1hMgWMWSm/eGOvBCaljYnw14D8J2NX6o9QS6dbZ7zgRuzaYZGEWxJXZXICNtZJaYw6xT+Sl6ox0=
tbF/fG7Rhf9hpYsH4+N5wxQgWMWSm/eGOvBCaljYnw14D8J2NX6o9QS6dbZ7zgRuzaYZGEWxJXZXICNtZJaYw6xT+Sl6ox0=
6mdagBLbpnzj/QM03QaxoxUgWMWSm/eGOvBCaljYnw14D8J2NX6o9QS6dbZ7zgRuzaYZGEWxJXZXICNtZJaYw6xT+Sl6ox0=
TM0DFJOyUqwBtRoGWrlD7kUPYaPd1bDIaeFdakKL2gt9DMN9WDq54gOpfqZ7zgRuzaYZGEWxJXZXICNtZJaYw6xT+Sl6ox0=
uAZi0/o72hddNheVWwlwIEUPYaPd1bDIaeVfZEKL2gt9DMN9WDq54gOpfqZ7zgRuzaYZGEWxJXZXICNtZJaYw6xT+Sl6ox0=
7YqxkN3vFQXZu29UZysxLVERc8gl73rb7OgTBIOgaT0WlcoBFLYbI2E2Nn+gjGJWInDh9iC+XMQPeb6z/Z1H5iN/ox4=
FAyKYHcnxBAklIXF+erUBVfdnnpul4RU+OeacarC4VOETvYHUPSCLtIIYY7Qxry8/wF+yw3lp57TB6Nm
TNAyPxqosc5S+AlpPQYI6qr2Cve4nUup3QF9VxNGBT56krNeZ+Q7UVuKKdhdkRpm5j/Sq4fVBKNj
iVGilyjCcsUN1WNPpobX2nYgeULjZ2Lw7BkS3iA2C5jZK5Kx7aqW2wgg0uKfyyG86PKMkNclXtcV8beS2wOjGg==
pVvf49VvpFvS/pqTDaAd3gvambtlEl2zpmr+OwAdfz7rFaRp/spHKkz2rSInK7fn5s5alyMOfL5lBoFuzTGjxs/AS73c1kCzRHPBOXKjFQ==
oNj3AzG2go660ur+dfpkdp02cb0GXJZ0xhk8BsrobaPB7yxEJApb2y41QTePuMcNo2g=
MUtQ7YlqaaxguP6sB4Wt1Vfdnnpul4RU+OeacarC4VOETvYHUPSCLtkJYYHQxry8/wF+yw3lp57TB6Nm
PHxRX9kHtioYneL0gAsGxKr2Cve4nUup3QF9VxNGBT56krNeZ+86UVSKKdhdkRpm5j/Sq4fVBKNj
u7UJQ3HLwvLxSo2RFa0EmGQzkgzGpN3m+/+XeEcm1pvJg0goe+3CEeGE+lLAaw7e0KfTTC52AuM7gd5WdHtWqtJu9ieQlAKOmelhYZBmPNw/IX7rTQUnPhNnowY=
kP4IqX5HZHDMepFrTtvHGnBpY3QX8tOwfnll3ZiSPysaY91q2ng0XQbc3NnjVkpQ+rFnTx4coK0+CD7wZt0UEpo85UeBCySQdJ7zHw4xaWMfLA9poww=
