QfmWmP2tqi0uezBra7BAF0kuJm4eOyU/F6eIu0kTN+DtjqZBKqLKICt6OM66vQxRwPDfIUwdrM2U2TwjrmiwXAZxzH4q8LUKQUx4XEbyKzNuHXEPLyAXZaMA
dgF5qOpFowS6uq4G6i7F3ZkV9ADVUfEypus+c5GcX/Xcuj1qnzkSXh8uYLZhFqVTgPHlOqtSzzVAtrz7gEPlIX6jGQ==
NxgGlfQVum8VYaEo9fD3RHdfBy+OiUm8580vro8mdoLeNMD4zZSfRqvdlcw3YfBzdZ+9/Pgnkz9Yr+Y9JX2Kjea41LTn8ILz2PTYuODyRsgxc6CcGVaWj6jb/qzYhZJ88f3n89guwcJfLqA2oRbl1UDxpbprUo+1gLb8e0BDpaG+o9k=
AwT3xUSXq9MEQAE9XNtc/x4j8dhhXI69Xts7Pm4gNoIEeCOl7H827rn+JG1wSuEex27YBjn2zaQIcW2KA/IXRbj2ZKu4Y80xdqMR
WAlfD46BFv5LLIzOegYmHB8j8dhhXI69Xts7Pm4gNoIEeCOl7H827rn+JG1wSuEex27YBjn2zaQIcW2KA/IXRbj2ZKu4Y80xdqMR
Y5/eUu8mq38FEvhMP3TufRwj8dhhXI69Xts7Pm4gNoIEeCOl7H827rn+JG1wSuEex27YBjn2zaQIcW2KA/IXRbj2ZKu4Y80xdqMR
gynvdr5jXLdyEkdTvoVrzh4599h9RI+9Xts7Pm4gNoIEeCOl7H827rn+JG1wSuEex27YBjn2zaQIcW2KA/IXRbj2ZKu4Y80xdqMR
eFrALgdhO45VX3NAW6HGGR8599h9RI+9Xts7Pm4gNoIEeCOl7H827rn+JG1wSuEex27YBjn2zaQIcW2KA/IXRbj2ZKu4Y80xdqMR
+x4Aqgb1UkiIJ5ylr28mwxw599h9RI+9Xts7Pm4gNoIEeCOl7H827rn+JG1wSuEex27YBjn2zaQIcW2KA/IXRbj2ZKu4Y80xdqMR
2OPMBx13KMinj5f1hLBMRxAgWMWSm/eGOvBCaljYnw14D8J2NX6o9QS6dbZ7zgRuzaYZHESxIXJXIiNtZJaYw6xT+Sl6ox0=
rh48EAxXFgmQWPkFIyIhzBEgWMWSm/eGOvBCaljYnw14D8J2NX6o9QS6dbZ7zgRuzaYZHESxIXJXIiNtZJaYw6xT+Sl6ox0=
MArFsz+KRdaLrxgXpPkQVRIgWMWSm/eGOvBCaljYnw14D8J2NX6o9QS6dbZ7zgRuzaYZE0SxIXJXIiNtZJaYw6xT+Sl6ox0=
sNAKY5uVvLhML/imMksLFhMgWMWSm/eGOvBCaljYnw14D8J2NX6o9QS6dbZ7zgRuzaYZE0SxIXJXIiNtZJaYw6xT+Sl6ox0=
GF/H8bJ5U1aZJjWxft8zdRQgWMWSm/eGOvBCaljYnw14D8J2NX6o9QS6dbZ7zgRuzaYZE0SxIXJXIiNtZJaYw6xT+Sl6ox0=
kc6jiT0S2IG+6vQ0styGMRUgWMWSm/eGOvBCaljYnw14D8J2NX6o9QS6dbZ7zgRuzaYZE0SxIXJXIiNtZJaYw6xT+Sl6ox0=
s7Er77L527Noj5iy2y6YgEUPYaPd1bDIaeFdakKL2gt9DMN9WDq54gOpfqZ7zgRuzaYZE0SxIXJXIiNtZJaYw6xT+Sl6ox0=
4n+eItmjaa0QLPa4yqofpEUPYaPd1bDIaeVfZEKL2gt9DMN9WDq54gOpfqZ7zgRuzaYZE0SxIXJXIiNtZJaYw6xT+Sl6ox0=
bsrqmrCPmV6g1gRUxDo3hVERc8gl73rb7OgTBIOgaT0WlcoBFLYbI2E2Nn+gjGJWKXHh8iS+XsQPeb6z/Z1H5iN/ox4=
n/RP5RhRlcyVo84sm6oNpJ02cb0GXJZ0xhk8BsroZqTB4i1EIApb2y41QTePuMcNo2g=
lxd0lSQ+kaHGOuwivBY/mFfdnnpul4RU+OeacarC4VOETvYHUPSCLtIOYYzRxri8/wF+yw3lp57TB6Nm
SZrhFXNpCNVjeRk2p/meyqr2Cve4nUup3QF9VxNGBT56krNeZ+Q9UVmLKdxdkRpm5j/Sq4fVBKNj
HrHmza3ZW6DIbfMJxTPB0WQzkgzGpN3m+/+XeEcm1pvJg0goe+3CEeGE+lLAaw7e0KfTTC52AuM7gd5WdHtWqtJu9ieQlAKOku5hbJFmONw/IX7rTQUnPhNnowY=
lN5amgHKDOhNFOQhaPHOnnBpY3QX8tOwfnll3ZiSPysaY91q2ng0XQbc3NnjVkpQ+rFnTx4coK0+CD7wZt0UEpo87kCBBiWQcJ7zHw4xaWMfLA9poww=
