j5J98o7rSoSFLwuaNCQ36kkuJm4eOyU/F6eIu0kTN+DtjqZBKqLKICt6OM66vQxRwPDfIUwdrM2U2TwjrmiwXAZxzH4q8LMPQUp4XEfyKzNuHXEPLyAXZaMA
/StB9ahihQwRZTPYE5GKHJkV9ADVUfEypus+c5GcX/Xcuj1qnzkSXh8uYLZhFqVXh/HjOqtTzzVAtrz7gEPlIX6jGQ==
SUXfN2a/48WzUFSRXDpx4l8hMl5uZMbX/bhaIfEFbV2FCi2OJNaUdIqsn7y9YoHNn8g1aeJnX7+XqKpv0XsS/0yZh9UYGWw4XiB1WCBXcqSS/KK6FJwbU4qIC16Ui6LL1Ij6rcAou72tp4qGY2b1viqyI553Tu1RCe45G83xyubWX2Jrt7W0o9M=
fhVUxTZIm1JwG3kd/mYUCxc424/pWfx7mVqUSOw2tqhRUba3jKp7vuYpSoK76rW+6jLjnjfHLFFJbnkbDXGK5pbfomv3NXSjEw==
pEJLoL66HyYkENLWHk7YpB8j8dhhXI69Xts7Pm4gNoIEeCOl7H827rn+JG1wSuEex27YBjn2zaMOcWuKA/MXRbj2ZKu4Y80xdqMR
BGYzI6zi5MFWwE9sf6kgwxwj8dhhXI69Xts7Pm4gNoIEeCOl7H827rn+JG1wSuEex27YBjn2zaMOcWuKA/MXRbj2ZKu4Y80xdqMR
avUNt3lHr1rCkMz+w2DbTB4599h9RI+9Xts7Pm4gNoIEeCOl7H827rn+JG1wSuEex27YBjn2zaMOcWuKA/MXRbj2ZKu4Y80xdqMR
yCkv2bvxVNUPbWHV17fB5R8599h9RI+9Xts7Pm4gNoIEeCOl7H827rn+JG1wSuEex27YBjn2zaMOcWuKA/MXRbj2ZKu4Y80xdqMR
MMKP9L/1oswZ4A0khfcHGhAgWMWSm/eGOvBCaljYnw14D8J2NX6o9QS6dbZ7zgRuzaYZG0KxJ3JXIyNtZJaYw6xT+Sl6ox0=
U6cxk3Lm/OYCIJuUpBxGxhEgWMWSm/eGOvBCaljYnw14D8J2NX6o9QS6dbZ7zgRuzaYZG0KxJ3JXIyNtZJaYw6xT+Sl6ox0=
IL+WYhPtsiYzzj5X8Bi1ABIgWMWSm/eGOvBCaljYnw14D8J2NX6o9QS6dbZ7zgRuzaYZG0KxJ3JXIyNtZJaYw6xT+Sl6ox0=
PMptePgVzKdPiKQB9QKxkxMgWMWSm/eGOvBCaljYnw14D8J2NX6o9QS6dbZ7zgRuzaYZG0KxJ3JXIyNtZJaYw6xT+Sl6ox0=
BGyxNYgwyRtZNTlqZHpDRBw599h9RI+9Xts7Pm4gNoIEeCOl7H827rn+JG1wSuEex27YBjn2zaMOcWuKA/MXRbj2ZKu4Y80xdqMR
2RVH71c2MrXbX3QfAifG+xQgWMWSm/eGOvBCaljYnw14D8J2NX6o9QS6dbZ7zgRuzaYZG0KxJ3JXIyNtZJaYw6xT+Sl6ox0=
vHewF50Czg0M1e2hn7c9/RUgWMWSm/eGOvBCaljYnw14D8J2NX6o9QS6dbZ7zgRuzaYZG0KxJ3JXIyNtZJaYw6xT+Sl6ox0=
QxnIwwaPA9/S/isaM+Fbs0UPYaPd1bDIaeFdakKL2gt9DMN9WDq54gOpfqZ7zgRuzaYZG0KxJ3JXIyNtZJaYw6xT+Sl6ox0=
KXiyskN3e8pr2HvP6wmd0kUPYaPd1bDIaeVfZEKL2gt9DMN9WDq54gOpfqZ7zgRuzaYZG0KxJ3JXIyNtZJaYw6xT+Sl6ox0=
mNkOUHHX71pBeTmC0chhX1ERc8gl73rb7OgTBIOgaT0WlcoBFLYbI2E2Nn+gjGJWIXfh9CS+X8QPeb6z/Z1H5iN/ox4=
Pwa5/cd21G/8XVbJMgaoA1fdnnpul4RU+OeacarC4VOETvYHUPSCLtEPYYzUxr+8/wF+yw3lp57TB6Nm
Sa3CDq2CIqz6OW8ACVokkqr2Cve4nUup3QF9VxNGBT56krNeZ+c8UVmOKdtdkRpm5j/Sq4fVBKNj
m49iWgryfw1vza1xl9OMrJ02cb0GXJZ0xhk8BsrobaXB4ChEJwpb2y41QTePuMcNo2g=
6bOcwoaKY6knzTCXx24NXlfdnnpul4RU+OeacarC4VOETvYHUPSCLtkPYY7Uxr+8/wF+yw3lp57TB6Nm
jd99HO2AVyH++17eY35Tk6r2Cve4nUup3QF9VxNGBT56krNeZ+88UVuOKdtdkRpm5j/Sq4fVBKNj
PXE0Gx2dz/jShOTMjfLRIWQzkgzGpN3m+/+XeEcm1pvJg0goe+3CEeGE+lLAaw7e0KfTTC52AuM7gd5WdHtWqtJu9ieQlAKOme9hbpRmP9w/IX7rTQUnPhNnowY=
xj6Kg7EVwRKOmcgCNTD4gHBpY3QX8tOwfnll3ZiSPysaY91q2ng0XQbc3NnjVkpQ+rFnTx4coK0+CD7wZt0UEpo85UGBBCCQd57zHw4xaWMfLA9poww=
