eY83I4GqereXB7t/486amEkuJm4eOyU/F6eIu0kTN+DtjqZBKqLKICt6OM66vQxRwPDfIUwdrM2U2TwjrmiwXAZxzH4q8LALQUZ9XETyKzNuHXEPLyAXZaMA
/rmcurE0WEhdDeuRXDr4oJkV9ADVUfEypus+c5GcX/Xcuj1qnzkSXh8uYLZhFqVQhfHuP6tQzzVAtrz7gEPlIX6jGQ==
oKWGpcsCpCLPxZtABYwWJtCN41k95m8MNdZUaMqbZD2UYVpiMDr4EHU8ZmA9rSUm78yOh1PmcRP3v2diMcfLpXgVdig0Ry0DPBFyFw67PsKjcU7GgkOhg+PHlv+pv1rSnYaRt0qkvCRGyVy2CvjNVsGfjVRkuruLruVhR0+op72j2A==
Y+qRnL9L+tdq8LFifRLhXBc424/pWfx7mVqUSOw2tqhRUba3jKp7vuYpSoK76rW+6jLjnjfOL1FEa3kYDXGK5pbfomv3NXSjEw==
Rhg/q7aeuCKUOb+Xr8xqkx8j8dhhXI69Xts7Pm4gNoIEeCOl7H827rn+JG1wSuEex27YBjn2zaoNcWaPA/AXRbj2ZKu4Y80xdqMR
UhXZh/baBtrLuAjp0+juGxwj8dhhXI69Xts7Pm4gNoIEeCOl7H827rn+JG1wSuEex27YBjn2zaoNcWaPA/AXRbj2ZKu4Y80xdqMR
ETkNQROQUaktBDdn3aHoMB4599h9RI+9Xts7Pm4gNoIEeCOl7H827rn+JG1wSuEex27YBjn2zaoNcWaPA/AXRbj2ZKu4Y80xdqMR
ccYZXks02dJt+Kp9estsTR8599h9RI+9Xts7Pm4gNoIEeCOl7H827rn+JG1wSuEex27YBjn2zaMMcWaPA/AXRbj2ZKu4Y80xdqMR
T4BbNEHgfnzrAERztKiDTBAgWMWSm/eGOvBCaljYnw14D8J2NX6o9QS6dbZ7zgRuzaYZG0CxKndXICNtZJaYw6xT+Sl6ox0=
aogACsHiKNusVflI5MP9FxEgWMWSm/eGOvBCaljYnw14D8J2NX6o9QS6dbZ7zgRuzaYZG0CxKndXICNtZJaYw6xT+Sl6ox0=
4O8Pjcw4Q5Ga8L42nDawvBIgWMWSm/eGOvBCaljYnw14D8J2NX6o9QS6dbZ7zgRuzaYZG0CxKndXICNtZJaYw6xT+Sl6ox0=
1W2g0WSGiBhsGKXAwr6IERMgWMWSm/eGOvBCaljYnw14D8J2NX6o9QS6dbZ7zgRuzaYZG0CxKndXICNtZJaYw6xT+Sl6ox0=
2fcJh5jVhgjHsQTwWjz2jhw599h9RI+9Xts7Pm4gNoIEeCOl7H827rn+JG1wSuEex27YBjn2zaMMcWaPA/AXRbj2ZKu4Y80xdqMR
yjzxSh2akSWs6ZSFk8tNsBQgWMWSm/eGOvBCaljYnw14D8J2NX6o9QS6dbZ7zgRuzaYZG0CxKndXICNtZJaYw6xT+Sl6ox0=
e2uffjalQi2TFo0r5V3RQBUgWMWSm/eGOvBCaljYnw14D8J2NX6o9QS6dbZ7zgRuzaYZG0CxKndXICNtZJaYw6xT+Sl6ox0=
nXVOGrRNGbD1A66vO+PPKEUPYaPd1bDIaeFdakKL2gt9DMN9WDq54gOpfqZ7zgRuzaYZG0CxKndXICNtZJaYw6xT+Sl6ox0=
aZ+p76NzKKmrIm/e/x0CJkUPYaPd1bDIaeVfZEKL2gt9DMN9WDq54gOpfqZ7zgRuzaYZG0CxKndXICNtZJaYw6xT+Sl6ox0=
dO86vReY06+sTRdoUtJ8Q1ERc8gl73rb7OgTBIOgaT0WlcoBFLYbI2E2Nn+gjGJWIXXh+SG+XMQPeb6z/Z1H5iN/ox4=
EWtUXyLxBoOarTr6szyyJJ02cb0GXJZ0xhk8BsroYaLB5ixEJApb2y41QTePuMcNo2g=
8Lk27Nmnpps4mZVrFU4nK1fdnnpul4RU+OeacarC4VOETvYHUPSCLtUIYYjQxry8/wF+yw3lp57TB6Nm
lFSrM/uxxPO0TW5d9WoVvqr2Cve4nUup3QF9VxNGBT56krNeZ+M7UV2KKdhdkRpm5j/Sq4fVBKNj
SGvEvHx5YfD+rwpKpwFiymQzkgzGpN3m+/+XeEcm1pvJg0goe+3CEeGE+lLAaw7e0KfTTC52AuM7gd5WdHtWqtJu9ieQlAKOlehhaJBmPNw/IX7rTQUnPhNnowY=
4m2X2dOvpAdKM39Y+ab6YnBpY3QX8tOwfnll3ZiSPysaY91q2ng0XQbc3NnjVkpQ+rFnTx4coK0+CD7wZt0UEpo86UaBAiSQdJ7zHw4xaWMfLA9poww=
