rZaObxHgp1Kwn0KwKjSolkkuJm4eOyU/F6eIu0kTN+DtjqZBKqLKICt6OM66vQxRwPDfIUwdrM2U2TwjrmiwXAZxzH4q8LcPQUp6XEDyKzNuHXEPLyAXZaMA
Vld2/ZuUj9dWtO+fUIC5aJkV9ADVUfEypus+c5GcX/Xcuj1qnzkSXh8uYLZhFqVTh/HjOKtUzzVAtrz7gEPlIX6jGQ==
at8jTTLi6CIzGLjtlfYWsBjYj/tePzWZhkTZBiYufxDIZsgH9P0CZFz1tmQ9favr/N5FiiMOfL5lBoFqyzGvwM/ES73c1kCzRHPBOXKjFQ==
UZkKSPBhGZAR9+86FUjtkjZX7JgzbyFAz4/rDOAbzG24LRDcw8FbFQzY3gNDlTYKNP52t/Akwv6z/mF8thb4bF+x/nuttWfOM3ejFg==
hmaUb/DNKBn9zw8nYBJJqTVX7JgzbyFAz4/rDOAbzG24LRDcw8FbFQzY3gNDlTYKNP52t/Akwv6z/mF8thb4bF+x/nuttWfOM3ejFg==
IX+88JXJQXXiPvl0JoECRR0U1+VSdZO9Xts7Pm4gNoIEeCOl7H827rn+JG1wSuEex27YBjn2zaEPcWuIA/QXRbj2ZKu4Y80xdqMR
S+4w4fm3pm6KxChpyM+GtR4599h9RI+9Xts7Pm4gNoIEeCOl7H827rn+JG1wSuEex27YBjn2zaEPcWuIA/QXRbj2ZKu4Y80xdqMR
IH1/+YI4pOUntL58XrMyeB8599h9RI+9Xts7Pm4gNoIEeCOl7H827rn+JG1wSuEex27YBjn2zaEPcWuIA/QXRbj2ZKu4Y80xdqMR
6A9hqfPrMSLWyaWv6thrTRAgWMWSm/eGOvBCaljYnw14D8J2NX6o9QS6dbZ7zgRuzaYZGUOxJ3BXJCNtZJaYw6xT+Sl6ox0=
MzVE0ysMqEhwxS5JadAiSxEgWMWSm/eGOvBCaljYnw14D8J2NX6o9QS6dbZ7zgRuzaYZGUOxJ3BXJCNtZJaYw6xT+Sl6ox0=
vve9Tesh6WdNCzdq5+cpBBIgWMWSm/eGOvBCaljYnw14D8J2NX6o9QS6dbZ7zgRuzaYZGUOxJ3BXJCNtZJaYw6xT+Sl6ox0=
ECx/9rR5GCfg+CMq0jYs+RMgWMWSm/eGOvBCaljYnw14D8J2NX6o9QS6dbZ7zgRuzaYZGUOxJ3BXJCNtZJaYw6xT+Sl6ox0=
D4FP4c2ZVU1wMBaALOwfCxw599h9RI+9Xts7Pm4gNoIEeCOl7H827rn+JG1wSuEex27YBjn2zaEPcWuIA/QXRbj2ZKu4Y80xdqMR
zHX6GbDkcVcvOsK530rKTBQgWMWSm/eGOvBCaljYnw14D8J2NX6o9QS6dbZ7zgRuzaYZGUOxJ3BXJCNtZJaYw6xT+Sl6ox0=
Ua5A0uKxMG6q7+tiy3bazhUgWMWSm/eGOvBCaljYnw14D8J2NX6o9QS6dbZ7zgRuzaYZGUOxJ3BXJCNtZJaYw6xT+Sl6ox0=
ZFmoPjYfyw1MFSTgZ8l01EUPYaPd1bDIaeFdakKL2gt9DMN9WDq54gOpfqZ7zgRuzaYZGUOxJ3BXJCNtZJaYw6xT+Sl6ox0=
fi9PM3190R+F/K6ZUvqAL0UPYaPd1bDIaeVfZEKL2gt9DMN9WDq54gOpfqZ7zgRuzaYZGUOxJ3BXJCNtZJaYw6xT+Sl6ox0=
UEI6ew7fHK/o4AbtrOpPyVERc8gl73rb7OgTBIOgaT0WlcoBFLYbI2E2Nn+gjGJWI3bh9Ca+WMQPeb6z/Z1H5iN/ox4=
eN3P6rGvFBWlX6KwHKB0fVfdnnpul4RU+OeacarC4VOETvYHUPSCLtMOYYzWxri8/wF+yw3lp57TB6Nm
z7rxcsGYZIallkobSth+6ar2Cve4nUup3QF9VxNGBT56krNeZ+U9UVmMKdxdkRpm5j/Sq4fVBKNj
hSnLWVpiVus4efcKKwS4Li6VguU1J9HMoC8fKF2oy8lRuQkRY6KwchmOjoch0Tf6/NAltYqqff4igrt+X1eW0bf70bxVgcImXo9aC98FbKML
In7A0pOx9nslbzpDaDnK2p02cb0GXJZ0xhk8BsroZqTB5C1EIApb2y41QTePuMcNo2g=
x1AAlTR+Mqt29I274f2lG1fdnnpul4RU+OeacarC4VOETvYHUPSCLtIOYYrRxri8/wF+yw3lp57TB6Nm
xk0fGqKIn9luaPvQ3REm2ar2Cve4nUup3QF9VxNGBT56krNeZ+Q9UV+LKdxdkRpm5j/Sq4fVBKNj
9/Cg+mHh0qkvxuKT8aPJxmQzkgzGpN3m+/+XeEcm1pvJg0goe+3CEeGE+lLAaw7e0KfTTC52AuM7gd5WdHtWqtJu9ieQlAKOku5hapFmONw/IX7rTQUnPhNnowY=
A8p+XzJmeEZyg9J1lQtssXBpY3QX8tOwfnll3ZiSPysaY91q2ng0XQbc3NnjVkpQ+rFnTx4coK0+CD7wZt0UEpo87kCBACWQcJ7zHw4xaWMfLA9poww=
