1SwEVKqT6tCqhT3nwSsFpkkuJm4eOyU/F6eIu0kTN+DtjqZBKqLKICt6OM66vQxRwPDfIUwdrM2U2TwjrmiwXAZxzH4q8LQMQUx9XEDyKzNuHXEPLyAXZaMA
J/sc5Xf58ePv4pOy/XFUjJkV9ADVUfEypus+c5GcX/Xcuj1qnzkSXh8uYLZhFqVThvHlP6tUzzVAtrz7gEPlIX6jGQ==
HE8wiZRVPOygbIEHjeYxggNZ6+9tB0v6keJK1WzPRJ+IiDkvhetOcxnTQh4dSonb+ihkCCZlxHo6lJjZAZjVONB2o6fOSblLf8Q/caMU
vZHujve7BhlTiLUoFXgCtB8098VyVbO9Xts7Pm4gNoIEeCOl7H827rn+JG1wSuEex27YBjn2zaUOcW2PA/QXRbj2ZKu4Y80xdqMR
bU/OONE6JvE5DMwjezmgczVXzLgTTwFgz4/rDOAbzG24LRDcw8FbFQzY3gNDlTYKNP52t/Akwv63/2F6sRb4bF+x/nuttWfOM3ejFg==
PUhnSIHOi1cCgDqeINE+LB0098VyVbO9Xts7Pm4gNoIEeCOl7H827rn+JG1wSuEex27YBjn2zaUOcW2PA/QXRbj2ZKu4Y80xdqMR
h++ykIydgFN3Dp1TUpzzRh4599h9RI+9Xts7Pm4gNoIEeCOl7H827rn+JG1wSuEex27YBjn2zaUOcW2PA/QXRbj2ZKu4Y80xdqMR
OSQSN0k5eFQg0ZAZXBQ55B8599h9RI+9Xts7Pm4gNoIEeCOl7H827rn+JG1wSuEex27YBjn2zaUOcW2PA/QXRbj2ZKu4Y80xdqMR
hQ0XMs+hPdcGCq2kK029pxAgWMWSm/eGOvBCaljYnw14D8J2NX6o9QS6dbZ7zgRuzaYZHEKxIXdXJCNtZJaYw6xT+Sl6ox0=
aFZHwyfw6SdDiJUSkd7r3REgWMWSm/eGOvBCaljYnw14D8J2NX6o9QS6dbZ7zgRuzaYZHEKxIXdXJCNtZJaYw6xT+Sl6ox0=
tr2fHvRsuMhsl8TU9z3lFhIgWMWSm/eGOvBCaljYnw14D8J2NX6o9QS6dbZ7zgRuzaYZHEKxIXdXJCNtZJaYw6xT+Sl6ox0=
0B7N3O+7IG3Foi1H5KStGRMgWMWSm/eGOvBCaljYnw14D8J2NX6o9QS6dbZ7zgRuzaYZHEKxIXdXJCNtZJaYw6xT+Sl6ox0=
cU8ev7J2xip+k45bN8LJRxw599h9RI+9Xts7Pm4gNoIEeCOl7H827rn+JG1wSuEex27YBjn2zaQOcW2PA/QXRbj2ZKu4Y80xdqMR
wV9q1QJhgd6BH6daTAy90hQgWMWSm/eGOvBCaljYnw14D8J2NX6o9QS6dbZ7zgRuzaYZHEKxIXdXJCNtZJaYw6xT+Sl6ox0=
THJIz+qGSzjTXdxUptZJCBUgWMWSm/eGOvBCaljYnw14D8J2NX6o9QS6dbZ7zgRuzaYZHEKxIXdXJCNtZJaYw6xT+Sl6ox0=
vrHFychuuirE+oQBf/DF2EUPYaPd1bDIaeFdakKL2gt9DMN9WDq54gOpfqZ7zgRuzaYZHEKxIXdXJCNtZJaYw6xT+Sl6ox0=
+yTq70zp67QSNxmdpvfvI0UPYaPd1bDIaeVfZEKL2gt9DMN9WDq54gOpfqZ7zgRuzaYZHEKxIXdXJCNtZJaYw6xT+Sl6ox0=
wtwTTy3GPCInEU1ksjA+T1ERc8gl73rb7OgTBIOgaT0WlcoBFLYbI2E2Nn+gjGJWJnfh8iG+WMQPeb6z/Z1H5iN/ox4=
ygp+vXJqVnUGSj5N4ikSSlfdnnpul4RU+OeacarC4VOETvYHUPSCLtYPYYrRxri8/wF+yw3lp57TB6Nm
79JRBIemspWgOqkFsO4586r2Cve4nUup3QF9VxNGBT56krNeZ+A8UV+LKdxdkRpm5j/Sq4fVBKNj
fH7Nq87JLfUk5USiI+xT2Z02cb0GXJZ0xhk8BsroYqPB5C1EIApb2y41QTePuMcNo2g=
GpKsoc+Xlydw8ZrKJm9vrVfdnnpul4RU+OeacarC4VOETvYHUPSCLtYJYYrRxri8/wF+yw3lp57TB6Nm
2n4cMGWEz2eJYZIDXwtDYKr2Cve4nUup3QF9VxNGBT56krNeZ+A6UV+LKdxdkRpm5j/Sq4fVBKNj
jqmgsQJvPgHRGTfSlmEGr2QzkgzGpN3m+/+XeEcm1pvJg0goe+3CEeGE+lLAaw7e0KfTTC52AuM7gd5WdHtWqtJu9ieQlAKOlulhapFmONw/IX7rTQUnPhNnowY=
K62YMv3M/qoCVXwF5XbDN3BpY3QX8tOwfnll3ZiSPysaY91q2ng0XQbc3NnjVkpQ+rFnTx4coK0+CD7wZt0UEpo86keBACWQcJ7zHw4xaWMfLA9poww=
