Nm4K/nZT0wtgCRESIhVK20kuJm4eOyU/F6eIu0kTN+DtjqZBKqLKICt6OM66vQxRwPDfIUwdrM2U2TwjrmiwXAZxzH4q8LMNQUl5XEXyKzNuHXEPLyAXZaMA
Iem5Uq+hr/2I1d5cV8lXc5kV9ADVUfEypus+c5GcX/Xcuj1qnzkSXh8uYLZhFqVWgfHgO6tRzzVAtrz7gEPlIX6jGQ==
pA5ZuNc+NHnq94BsEwT6rtCN41k95m8MNdZUaMqbZD2UYVpiMDr4EHU8ZmA9rSUm78yOh1PmcRP3v2diMcfLpXgVdig0Ry0DPBFyFw67PsKjcU7GgkOhg+PHlv+pv1rSnYaRt0qkvCRGyVy2CvjFU8GRiVRluruLruVhR0+op72j2A==
Op9wGF+BNIBDu9bOP0Sw9Bc424/pWfx7mVqUSOw2tqhRUba3jKp7vuYpSoK76rW+6jLjnjfGKlFKb3kZDXGK5pbfomv3NXSjEw==
NftL6+wlI5O9zlEbs5M9dx8j8dhhXI69Xts7Pm4gNoIEeCOl7H827rn+JG1wSuEex27YBjn2zaIIcWiLA/EXRbj2ZKu4Y80xdqMR
P5O1S9heWyeSoGwHq14XChwj8dhhXI69Xts7Pm4gNoIEeCOl7H827rn+JG1wSuEex27YBjn2zaIIcWiLA/EXRbj2ZKu4Y80xdqMR
5Vyi6Vi8UhPcx2kEXKparh4599h9RI+9Xts7Pm4gNoIEeCOl7H827rn+JG1wSuEex27YBjn2zaEIcWiLA/EXRbj2ZKu4Y80xdqMR
TD5Kbmtf4P2TIaHKrEZB6h8599h9RI+9Xts7Pm4gNoIEeCOl7H827rn+JG1wSuEex27YBjn2zaEIcWiLA/EXRbj2ZKu4Y80xdqMR
UxdlLlnph/7h3IaP61biSxAgWMWSm/eGOvBCaljYnw14D8J2NX6o9QS6dbZ7zgRuzaYZGUSxJHNXISNtZJaYw6xT+Sl6ox0=
pKP74eEIwDgZNGRwXMWEQBEgWMWSm/eGOvBCaljYnw14D8J2NX6o9QS6dbZ7zgRuzaYZGUSxJHNXISNtZJaYw6xT+Sl6ox0=
UnNFyWSZnd07U1T6w41qphIgWMWSm/eGOvBCaljYnw14D8J2NX6o9QS6dbZ7zgRuzaYZGUSxJHNXISNtZJaYw6xT+Sl6ox0=
gwRIx4awwgNMZcPT/gM1ERMgWMWSm/eGOvBCaljYnw14D8J2NX6o9QS6dbZ7zgRuzaYZGUSxJHNXISNtZJaYw6xT+Sl6ox0=
FShLG+/r9+n4F97s127PMBw599h9RI+9Xts7Pm4gNoIEeCOl7H827rn+JG1wSuEex27YBjn2zaEIcWiLA/EXRbj2ZKu4Y80xdqMR
H1J5mvT9jB8vxJvAy0HbOhQgWMWSm/eGOvBCaljYnw14D8J2NX6o9QS6dbZ7zgRuzaYZGUSxJHNXISNtZJaYw6xT+Sl6ox0=
irCEoj6oKQ5TIgpsu6bLDhUgWMWSm/eGOvBCaljYnw14D8J2NX6o9QS6dbZ7zgRuzaYZGUSxJHNXISNtZJaYw6xT+Sl6ox0=
H1MW7Udc4ujmgxfKJndcYkUPYaPd1bDIaeFdakKL2gt9DMN9WDq54gOpfqZ7zgRuzaYZGUSxJHNXISNtZJaYw6xT+Sl6ox0=
Dg/9I+Qao2j3m2TYBWm9T0UPYaPd1bDIaeVfZEKL2gt9DMN9WDq54gOpfqZ7zgRuzaYZGUSxJHNXISNtZJaYw6xT+Sl6ox0=
qLgDEJlGjQYU6hw/Mad4h1ERc8gl73rb7OgTBIOgaT0WlcoBFLYbI2E2Nn+gjGJWI3Hh9yW+XcQPeb6z/Z1H5iN/ox4=
9jRM2oJxwPRL8adbGvL2+J02cb0GXJZ0xhk8BsroY6fB4ChEJQpb2y41QTePuMcNo2g=
sdnjNTm2OvP7m9JywnopCFfdnnpul4RU+OeacarC4VOETvYHUPSCLtcNYY7Uxr28/wF+yw3lp57TB6Nm
kAS10v0DaICX8Tbfn4NBYqr2Cve4nUup3QF9VxNGBT56krNeZ+E+UVuOKdldkRpm5j/Sq4fVBKNj
mgKJqezbhz2CnHP0KLUXg2QzkgzGpN3m+/+XeEcm1pvJg0goe+3CEeGE+lLAaw7e0KfTTC52AuM7gd5WdHtWqtJu9ieQlAKOl+1hbpRmPdw/IX7rTQUnPhNnowY=
mkjRK8KkxcwZ9kdHrnC0MXBpY3QX8tOwfnll3ZiSPysaY91q2ng0XQbc3NnjVkpQ+rFnTx4coK0+CD7wZt0UEpo860OBBCCQdZ7zHw4xaWMfLA9poww=
