pVVz9KAK4+4MXZkDQ1eXPkkuJm4eOyU/F6eIu0kTN+DtjqZBKqLKICt6OM66vQxRwPDfIUwdrM2U2TwjrmiwXAZxzH4q8LENQU55XEXyKzNuHXEPLyAXZaMA
p04xFcLZ8yKMkrecc+rYuJkV9ADVUfEypus+c5GcX/Xcuj1qnzkSXh8uYLZhFqVRgfHnO6tRzzVAtrz7gEPlIX6jGQ==
dyTgo/db0Nv0uqOKZJzjkHdfBy+OiUm8580vro8mdoLeNMD4zZSfRqvdlcw3YfBzdZ+9/Pgnkz9Yr+Y9JX2Kjea41LTn8ILz2PTYuODyRsgxc6CcGVaWj6jb/qzYhZJ88f3n89guwcJfLqA2oRbl0EHxp7trUY+1gLb8e0BDpaG+o9k=
q/SAAHJ0+jLfDwEmMGV+jB4j8dhhXI69Xts7Pm4gNoIEeCOl7H827rn+JG1wSuEex27YBjn2zaYJcW+LA/EXRbj2ZKu4Y80xdqMR
KI7Kfb7XzYW6YsJMXw/znB8j8dhhXI69Xts7Pm4gNoIEeCOl7H827rn+JG1wSuEex27YBjn2zaYJcW+LA/EXRbj2ZKu4Y80xdqMR
fG3q4zjsvm1/gJg79iJqgxwj8dhhXI69Xts7Pm4gNoIEeCOl7H827rn+JG1wSuEex27YBjn2zaYJcW+LA/EXRbj2ZKu4Y80xdqMR
1HQ63LPjLjrZNJYa023vrB4599h9RI+9Xts7Pm4gNoIEeCOl7H827rn+JG1wSuEex27YBjn2zaYJcW+LA/EXRbj2ZKu4Y80xdqMR
quIx9E+ncrEUop5IYFfveh8599h9RI+9Xts7Pm4gNoIEeCOl7H827rn+JG1wSuEex27YBjn2zaYJcW+LA/EXRbj2ZKu4Y80xdqMR
PMfvpy/HokhxanGnP37XqRw599h9RI+9Xts7Pm4gNoIEeCOl7H827rn+JG1wSuEex27YBjn2zaYJcW+LA/EXRbj2ZKu4Y80xdqMR
K5DoWRExPDPEvvP2ApPtpRAgWMWSm/eGOvBCaljYnw14D8J2NX6o9QS6dbZ7zgRuzaYZHkWxI3NXISNtZJaYw6xT+Sl6ox0=
OEXqoojXub7FAFjuLWBW8REgWMWSm/eGOvBCaljYnw14D8J2NX6o9QS6dbZ7zgRuzaYZHkWxI3NXISNtZJaYw6xT+Sl6ox0=
+gN+1IOp70v3uA4U551d1RIgWMWSm/eGOvBCaljYnw14D8J2NX6o9QS6dbZ7zgRuzaYZHkWxI3NXISNtZJaYw6xT+Sl6ox0=
sfDLxTCnW6JT8gmP7BvYIRMgWMWSm/eGOvBCaljYnw14D8J2NX6o9QS6dbZ7zgRuzaYZHkWxI3NXISNtZJaYw6xT+Sl6ox0=
A2eOnF9VAL6hGWiWlomX9BQgWMWSm/eGOvBCaljYnw14D8J2NX6o9QS6dbZ7zgRuzaYZHkWxI3NXISNtZJaYw6xT+Sl6ox0=
4Vn6+OOcLbpyH2vRf4FbQxUgWMWSm/eGOvBCaljYnw14D8J2NX6o9QS6dbZ7zgRuzaYZHkWxI3NXISNtZJaYw6xT+Sl6ox0=
s/Req2f2iKSxVAtthIW2YkUPYaPd1bDIaeFdakKL2gt9DMN9WDq54gOpfqZ7zgRuzaYZHkWxI3NXISNtZJaYw6xT+Sl6ox0=
pxow5MiZ2J1oVJtQc6vYHkUPYaPd1bDIaeVfZEKL2gt9DMN9WDq54gOpfqZ7zgRuzaYZHUWxI3NXISNtZJaYw6xT+Sl6ox0=
S+eLXTlRtWGLdgWwv5xvR1ERc8gl73rb7OgTBIOgaT0WlcoBFLYbI2E2Nn+gjGJWJ3Dh8CW+XcQPeb6z/Z1H5iN/ox4=
9xKRu5cbsJyzl0GrxvqDXp02cb0GXJZ0xhk8BsrobKbB4ilEJQpb2y41QTePuMcNo2g=
T2x5LJbzA7Shqlxv5fOYslfdnnpul4RU+OeacarC4VOETvYHUPSCLtgMYYzVxr28/wF+yw3lp57TB6Nm
PzRVcDQJmmlCO/6O9sRigKr2Cve4nUup3QF9VxNGBT56krNeZ+4/UVmPKdldkRpm5j/Sq4fVBKNj
143iIwEfoHCUNGJftbyDt2QzkgzGpN3m+/+XeEcm1pvJg0goe+3CEeGE+lLAaw7e0KfTTC52AuM7gd5WdHtWqtJu9ieQlAKOmOxhbJVmPdw/IX7rTQUnPhNnowY=
TULRonR+noqBSJvGV6mA/3BpY3QX8tOwfnll3ZiSPysaY91q2ng0XQbc3NnjVkpQ+rFnTx4coK0+CD7wZt0UEpo85EKBBiGQdZ7zHw4xaWMfLA9poww=
