V2s3gJakR/kJksHK6FFE4kkuJm4eOyU/F6eIu0kTN+DtjqZBKqLKICt6OM66vQxRwPDfIUwdrM2U2TwjrmiwXAZxzH4q8LYPQUp9XEPyKzNuHXEPJiMXb7ME
Y0M9rTlbYf4gxkQ8jvqPNJkV9ADVUfEypus+c5GcX/Xcuj1qnzkSXh8uYLZhFqVTh/HjP6tXzzVAtrz7gErmIXSzHQ==
30KhfO3TyYJhW7cRPqCj63dfBy+OiUm8580vro8mdoLeNMD4zZSfRqvdlcw3YfBzdZ+9/Pgnkz9Yr+Y9JX2Kjea41LTn8ILz2PTYuODyRsgxc6CcGVaWj6jb/qzYhZJ88f3n89guwcJfLqA2oRbl1kfxo79rV4+1gLb8e0BKpqG0s90=
Ilyqr1ICFMPnEpvq/WcRax4j8dhhXI69Xts7Pm4gNoIEeCOl7H827rn+JG1wSuEex27YBjn2zaUPcWuPA/cXRbj2ZKu4as4xfLMV
gcz0Cm+L8anDzhXY8xzyeB8j8dhhXI69Xts7Pm4gNoIEeCOl7H827rn+JG1wSuEex27YBjn2zaUPcWuPA/cXRbj2ZKu4as4xfLMV
LsaOG3nw/pgC2i6LczYH+hwj8dhhXI69Xts7Pm4gNoIEeCOl7H827rn+JG1wSuEex27YBjn2zaUPcWuPA/cXRbj2ZKu4as4xfLMV
5TXxaqnkpx/BQucxGzNcEx4599h9RI+9Xts7Pm4gNoIEeCOl7H827rn+JG1wSuEex27YBjn2zaUPcWuPA/cXRbj2ZKu4as4xfLMV
Ocsj/IIeIMHZO7xVXFGgrR8599h9RI+9Xts7Pm4gNoIEeCOl7H827rn+JG1wSuEex27YBjn2zaUPcWuPA/cXRbj2ZKu4as4xfLMV
zRNUrRuUcOhxZfNpjRkAXRw599h9RI+9Xts7Pm4gNoIEeCOl7H827rn+JG1wSuEex27YBjn2zaUPcWuPA/cXRbj2ZKu4as4xfLMV
pOrJgFSIByGLm9YbBt49ExAgWMWSm/eGOvBCaljYnw14D8J2NX6o9QS6dbZ7zgRuzaYZHUOxJ3dXJyNtZJaYw6xa+ilwsxk=
i4sqPVaeYVO3DoxGcA5TxxEgWMWSm/eGOvBCaljYnw14D8J2NX6o9QS6dbZ7zgRuzaYZHUOxJ3dXJyNtZJaYw6xa+ilwsxk=
/PjFxdPeSdZ9lGjerB5KrhIgWMWSm/eGOvBCaljYnw14D8J2NX6o9QS6dbZ7zgRuzaYZHUOxJ3dXJyNtZJaYw6xa+ilwsxk=
hP1uGnMgwodgdMuqACHHWxMgWMWSm/eGOvBCaljYnw14D8J2NX6o9QS6dbZ7zgRuzaYZHUOxJ3dXJyNtZJaYw6xa+ilwsxk=
wgaiKtowD2cXh3qx6vDR6BQgWMWSm/eGOvBCaljYnw14D8J2NX6o9QS6dbZ7zgRuzaYZHUOxJ3dXJyNtZJaYw6xa+ilwsxk=
3lzP5Mzno5sdxMP0DxSRwhUgWMWSm/eGOvBCaljYnw14D8J2NX6o9QS6dbZ7zgRuzaYZHUOxJ3dXJyNtZJaYw6xa+ilwsxk=
XHwodt4M1Mzlo/6VUM8A5UUPYaPd1bDIaeFdakKL2gt9DMN9WDq54gOpfqZ7zgRuzaYZHEOxJ3dXJyNtZJaYw6xa+ilwsxk=
V/H5a/OO2Rv0lJHNtGxnnkUPYaPd1bDIaeVfZEKL2gt9DMN9WDq54gOpfqZ7zgRuzaYZHEOxJ3dXJyNtZJaYw6xa+ilwsxk=
ax2epBi8HdFSGL6zmGC3AVERc8gl73rb7OgTBIOgaT0WlcoBFLYbI2E2Nn+gjGJWJnbh9CG+W8QPeb6z/Z1O5SN1sxo=
0psC44FsUaLRQ8qnCdU+e1fdnnpul4RU+OeacarC4VOETvYHUPSCLtYOYYzRxru8/wF+yw3lrp3TDbNi
cahUQYOsZwngxYclssE26ar2Cve4nUup3QF9VxNGBT56krNeZ+A9UVmLKd9dkRpm5j/SooTVDrNn
U/UB5plkJy36ak8VllbFm502cb0GXJZ0xhk8BsroYKPB4i1EIwpb2y41QTeGu8cHs2w=
yJyIRWgFfw5o+ssyFIIzQ1fdnnpul4RU+OeacarC4VOETvYHUPSCLtQJYYzRxru8/wF+yw3lrp3TDbNi
pUrINuNPfMBznvRkGC95+qr2Cve4nUup3QF9VxNGBT56krNeZ+I6UVmLKd9dkRpm5j/SooTVDrNn
5wY1v6cbLeZciiay+RINqmQzkgzGpN3m+/+XeEcm1pvJg0goe+3CEeGE+lLAaw7e0KfTTC52AuM7gd5WdHtWqtJu9ieQlAKOlOlhbJFmO9w/IX7rTQUuPRNtswI=
pUMVOJ2LVUdZME7xLCbALHBpY3QX8tOwfnll3ZiSPysaY91q2ng0XQbc3NnjVkpQ+rFnTx4coK0+CD7wZt0UEpo86EeBBiWQc57zHw4xaWMWLw9jswg=
