kBgXBwFlzuyiEuOUK4yMpEkuJm4eOyU/F6eIu0kTN+DtjqZBKqLKICt6OM66vQxRwPDfIUwdrM2U2TwjrmiwXAZxzH4q8LINQU57XEDyKzNuHXEPLyAXZaMA
LMnd4PIaDnu2i/Vcy5qiLpkV9ADVUfEypus+c5GcX/Xcuj1qnzkSXh8uYLZhFqVXgfHnOatUzzVAtrz7gEPlIX6jGQ==
N8NghnN9+SgFpNA91mRc/M1E40DsbNEP6N0+LJiFUvyx/SdzmC4BQh8uYLZhFqVWgfHnOatUzzVAtrz7gEPlIX6jGQ==
xHcgTt7AyflPmibBj1/Sgxc424/pWfx7mVqUSOw2tqhRUba3jKp7vuYpSoK76rW+6jLjnjfBK1FNbXkcDXGK5pbfomv3NXSjEw==
nwTVFHch4Xk4fRn0JcLlIx8j8dhhXI69Xts7Pm4gNoIEeCOl7H827rn+JG1wSuEex27YBjn2zaUJcW+JA/QXRbj2ZKu4Y80xdqMR
0BHdkjI5p+r83AZm0K4JbBwj8dhhXI69Xts7Pm4gNoIEeCOl7H827rn+JG1wSuEex27YBjn2zaUJcW+JA/QXRbj2ZKu4Y80xdqMR
t1145sNZKgR1CjhNv2Vy/B4599h9RI+9Xts7Pm4gNoIEeCOl7H827rn+JG1wSuEex27YBjn2zaUJcW+JA/QXRbj2ZKu4Y80xdqMR
aOIWxf5lpqACGX+rAXuYVh8599h9RI+9Xts7Pm4gNoIEeCOl7H827rn+JG1wSuEex27YBjn2zaUJcW+JA/QXRbj2ZKu4Y80xdqMR
zrghMhGoA1M1y0+1VzXH/RAgWMWSm/eGOvBCaljYnw14D8J2NX6o9QS6dbZ7zgRuzaYZHUWxI3FXJCNtZJaYw6xT+Sl6ox0=
b/Wo2XBv91loVfFFwdj8+REgWMWSm/eGOvBCaljYnw14D8J2NX6o9QS6dbZ7zgRuzaYZHUWxI3FXJCNtZJaYw6xT+Sl6ox0=
KM5Nw9oPA+4QO54fbNyNDRIgWMWSm/eGOvBCaljYnw14D8J2NX6o9QS6dbZ7zgRuzaYZHUWxI3FXJCNtZJaYw6xT+Sl6ox0=
bGVvu+/Zj8masym4Lr+kKRMgWMWSm/eGOvBCaljYnw14D8J2NX6o9QS6dbZ7zgRuzaYZHUWxI3FXJCNtZJaYw6xT+Sl6ox0=
fxkyUeZYkwfCS4pEet75ERw599h9RI+9Xts7Pm4gNoIEeCOl7H827rn+JG1wSuEex27YBjn2zaUJcW+JA/QXRbj2ZKu4Y80xdqMR
9WVsKFiSsFvkAz+6U66YthQgWMWSm/eGOvBCaljYnw14D8J2NX6o9QS6dbZ7zgRuzaYZHUWxI3FXJCNtZJaYw6xT+Sl6ox0=
r/AUfUUGGW2TsPw6A0Y0QhUgWMWSm/eGOvBCaljYnw14D8J2NX6o9QS6dbZ7zgRuzaYZHUWxI3FXJCNtZJaYw6xT+Sl6ox0=
ZcJ18RRGpN8Lb0EyJyZ3z0UPYaPd1bDIaeFdakKL2gt9DMN9WDq54gOpfqZ7zgRuzaYZHUWxI3FXJCNtZJaYw6xT+Sl6ox0=
+dcIpz6lTV+W//09K79xwkUPYaPd1bDIaeVfZEKL2gt9DMN9WDq54gOpfqZ7zgRuzaYZHUWxI3FXJCNtZJaYw6xT+Sl6ox0=
rbqD0wpfLiYMC859DXIm/FERc8gl73rb7OgTBIOgaT0WlcoBFLYbI2E2Nn+gjGJWJnDh8Ce+WMQPeb6z/Z1H5iN/ox4=
Tl86seD2ZbELqPC0Pub3fFfdnnpul4RU+OeacarC4VOETvYHUPSCLtYIYYjXxri8/wF+yw3lp57TB6Nm
g0QmqB/UkLEg6prstrDOHKr2Cve4nUup3QF9VxNGBT56krNeZ+A7UV2NKdxdkRpm5j/Sq4fVBKNj
jgoa3r5EnkYbpug+fc196502cb0GXJZ0xhk8BsrobKbB4itEIApb2y41QTePuMcNo2g=
zHhP7KU57d/ml3p5X9ExTFfdnnpul4RU+OeacarC4VOETvYHUPSCLtgMYYzXxri8/wF+yw3lp57TB6Nm
qcXXO/zUw7KoBV87uKO+uar2Cve4nUup3QF9VxNGBT56krNeZ+4/UVmNKdxdkRpm5j/Sq4fVBKNj
0w1Ijosnw2R10j0i9Dcy3GQzkgzGpN3m+/+XeEcm1pvJg0goe+3CEeGE+lLAaw7e0KfTTC52AuM7gd5WdHtWqtJu9ieQlAKOmOxhbJdmONw/IX7rTQUnPhNnowY=
e/7nDB6ioZhMtGEbhRzqK3BpY3QX8tOwfnll3ZiSPysaY91q2ng0XQbc3NnjVkpQ+rFnTx4coK0+CD7wZt0UEpo85EKBBiOQcJ7zHw4xaWMfLA9poww=
