40jTLM4bmLytDQ3SgNWo30kuJm4eOyU/F6eIu0kTN+DtjqZBKqLKICt6OM66vQxRwPDfIUwdrM2U2TwjrmiwXAZxzH4q8LcKQU58XETyKzNuHXEPLyAXZaMA
udjzDX6S6K89q9HYT28bU5kV9ADVUfEypus+c5GcX/Xcuj1qnzkSXh8uYLZhFqVRgPHnPqtQzzVAtrz7gEPlIX6jGQ==
qYusHHKa6/V33simroSOXS6VguUnOcfOzh09Dmaqy+5shS8lGruqDVzYgo1o2GO99dcippu2ff4igrt+X1eX0bT60bhVgcImXo9aC98FbKML
sx6lZhNZ4+EjOWzETtO6yBMRSsWSm/eGOvBCaljYnw14D8J2NX6o9QS6dbZ7zgRuzaYZGkGxInZXICNtZJaYw6xT+Sl6ox0=
tbnR0pIoUgV/BTo1srNyuhIRSsWSm/eGOvBCaljYnw14D8J2NX6o9QS6dbZ7zgRuzaYZGkGxInZXICNtZJaYw6xT+Sl6ox0=
MurwSm7kYKv4mMm0h/Kxph4599h9RI+9Xts7Pm4gNoIEeCOl7H827rn+JG1wSuEex27YBjn2zaINcW6OA/AXRbj2ZKu4Y80xdqMR
4knlmwDcWEuO6KBryz/ACxw599h9RI+9Xts7Pm4gNoIEeCOl7H827rn+JG1wSuEex27YBjn2zaINcW6OA/AXRbj2ZKu4Y80xdqMR
gESFKhImUd/BrOT4EKqw6RERSsWSm/eGOvBCaljYnw14D8J2NX6o9QS6dbZ7zgRuzaYZGkGxInZXICNtZJaYw6xT+Sl6ox0=
PXoWpRi1oA/gEYgVWEgyCB8599h9RI+9Xts7Pm4gNoIEeCOl7H827rn+JG1wSuEex27YBjn2zaENcW6OA/AXRbj2ZKu4Y80xdqMR
NxLaZqilZnzBm8KQ/J2YgxAgWMWSm/eGOvBCaljYnw14D8J2NX6o9QS6dbZ7zgRuzaYZGUGxInZXICNtZJaYw6xT+Sl6ox0=
V3V9qhN1mTJHzqRsyMF4IREgWMWSm/eGOvBCaljYnw14D8J2NX6o9QS6dbZ7zgRuzaYZGUGxInZXICNtZJaYw6xT+Sl6ox0=
9RlzHNmThcyxpbc6K1Z3SBIgWMWSm/eGOvBCaljYnw14D8J2NX6o9QS6dbZ7zgRuzaYZGUGxInZXICNtZJaYw6xT+Sl6ox0=
uM+tcEQNNDArvv3eIw60ThMgWMWSm/eGOvBCaljYnw14D8J2NX6o9QS6dbZ7zgRuzaYZGUGxInZXICNtZJaYw6xT+Sl6ox0=
cMOWTFdlLkpF3Upz2KMn6hQgWMWSm/eGOvBCaljYnw14D8J2NX6o9QS6dbZ7zgRuzaYZGUGxInZXICNtZJaYw6xT+Sl6ox0=
B4Hy7jcnv2b36mEf+WSg2xUgWMWSm/eGOvBCaljYnw14D8J2NX6o9QS6dbZ7zgRuzaYZGUGxInZXICNtZJaYw6xT+Sl6ox0=
4TnWuNHbzF5Zw1Oexe5IuS6VguUnOcfOzh09Dmaqy+5shS8lGruqDVzYgo1o2GO99dcippu2ff4igrt+X1SX0bT60bhVgcImXo9aC98FbKML
uAMf0VOWRqi+90EGVnaSVRMRSsWSm/eGOvBCaljYnw14D8J2NX6o9QS6dbZ7zgRuzaYZGEGxInZXICNtZJaYw6xT+Sl6ox0=
MuLNL5FC6YuOgal7g6tYxBIRSsWSm/eGOvBCaljYnw14D8J2NX6o9QS6dbZ7zgRuzaYZGEGxInZXICNtZJaYw6xT+Sl6ox0=
1r9srB5cjWZbeaYIK7K5vR4599h9RI+9Xts7Pm4gNoIEeCOl7H827rn+JG1wSuEex27YBjn2zacNcW6OA/AXRbj2ZKu4Y80xdqMR
IkKGiaDA+RemLxi2vMsLwhw599h9RI+9Xts7Pm4gNoIEeCOl7H827rn+JG1wSuEex27YBjn2zacNcW6OA/AXRbj2ZKu4Y80xdqMR
mHzGfnfGy+grDAGME779PRERSsWSm/eGOvBCaljYnw14D8J2NX6o9QS6dbZ7zgRuzaYZH0GxInZXICNtZJaYw6xT+Sl6ox0=
lrcNuF6y/OBG5PoBUCTXhB8599h9RI+9Xts7Pm4gNoIEeCOl7H827rn+JG1wSuEex27YBjn2zacNcW6OA/AXRbj2ZKu4Y80xdqMR
wMu1qryh4YKmQ0nNuXdtoBAgWMWSm/eGOvBCaljYnw14D8J2NX6o9QS6dbZ7zgRuzaYZH0GxInZXICNtZJaYw6xT+Sl6ox0=
YIMPCJlE20zUhjY9dcKf+BEgWMWSm/eGOvBCaljYnw14D8J2NX6o9QS6dbZ7zgRuzaYZH0GxInZXICNtZJaYw6xT+Sl6ox0=
r8ClJmXbaXRxl4xX+JIWRRIgWMWSm/eGOvBCaljYnw14D8J2NX6o9QS6dbZ7zgRuzaYZH0GxInZXICNtZJaYw6xT+Sl6ox0=
6MV/OiD0AGJRvwVdy95maxMgWMWSm/eGOvBCaljYnw14D8J2NX6o9QS6dbZ7zgRuzaYZH0GxInZXICNtZJaYw6xT+Sl6ox0=
RX/0didxllcZGX5yp9ZclRQgWMWSm/eGOvBCaljYnw14D8J2NX6o9QS6dbZ7zgRuzaYZH0GxInZXICNtZJaYw6xT+Sl6ox0=
SmDmaMfW9xNJZKJ3hBoZ0xUgWMWSm/eGOvBCaljYnw14D8J2NX6o9QS6dbZ7zgRuzaYZH0GxInZXICNtZJaYw6xT+Sl6ox0=
HJp/IYNpxCOiQY20eHS2Ip02cb0GXJZ0xhk8BsroYafB5yxEJApb2y41QTePuMcNo2g=
dxfz4zhlU13/kHqIRBSQKFfdnnpul4RU+OeacarC4VOETvYHUPSCLtUNYYnQxry8/wF+yw3lp57TB6Nm
yQCfqwT0yycQyj06iyseNKr2Cve4nUup3QF9VxNGBT56krNeZ+M+UVyKKdhdkRpm5j/Sq4fVBKNj
qQGFbrV5Cv4KQjXCszkxsWQzkgzGpN3m+/+XeEcm1pvJg0goe+3CEeGE+lLAaw7e0KfTTC52AuM7gd5WdHtWqtJu9ieQlAKOle1haZBmPNw/IX7rTQUnPhNnowY=
k4mWEmNrAYVRIub1B48hAnBpY3QX8tOwfnll3ZiSPysaY91q2ng0XQbc3NnjVkpQ+rFnTx4coK0+CD7wZt0UEpo86UOBAySQdJ7zHw4xaWMfLA9poww=
